0 info it worked if it ends with ok
1 verbose cli [
1 verbose cli   '/usr/local/bin/node',
1 verbose cli   '/usr/local/bin/npm',
1 verbose cli   'install',
1 verbose cli   '--ignore-scripts',
1 verbose cli   '@types/abbrev@ts3.6',
1 verbose cli   '@types/accepts@ts3.6',
1 verbose cli   '@types/ansi-align@ts3.6',
1 verbose cli   '@types/are-we-there-yet@ts3.6',
1 verbose cli   '@types/asn1@ts3.6',
1 verbose cli   '@types/assert-plus@ts3.6',
1 verbose cli   '@types/aws4@ts3.6',
1 verbose cli   '@types/balanced-match@ts3.6',
1 verbose cli   '@types/body-parser@ts3.6',
1 verbose cli   '@types/brace-expansion@ts3.6',
1 verbose cli   '@types/braces@ts3.6',
1 verbose cli   '@types/bytes@ts3.6',
1 verbose cli   '@types/caseless@ts3.6',
1 verbose cli   '@types/chownr@ts3.6',
1 verbose cli   '@types/color-convert@ts3.6',
1 verbose cli   '@types/color-name@ts3.6',
1 verbose cli   '@types/combined-stream@ts3.6',
1 verbose cli   '@types/concat-map@ts3.6',
1 verbose cli   '@types/configstore@ts3.6',
1 verbose cli   '@types/content-disposition@ts3.6',
1 verbose cli   '@types/content-type@ts3.6',
1 verbose cli   '@types/cookie@ts3.6',
1 verbose cli   '@types/cookie-signature@ts3.6',
1 verbose cli   '@types/core-util-is@ts3.6',
1 verbose cli   '@types/dashdash@ts3.6',
1 verbose cli   '@types/debug@ts3.6',
1 verbose cli   '@types/deep-extend@ts3.6',
1 verbose cli   '@types/delegates@ts3.6',
1 verbose cli   '@types/depd@ts3.6',
1 verbose cli   '@types/destroy@ts3.6',
1 verbose cli   '@types/detect-libc@ts3.6',
1 verbose cli   '@types/duplexer3@ts3.6',
1 verbose cli   '@types/ee-first@ts3.6',
1 verbose cli   '@types/encodeurl@ts3.6',
1 verbose cli   '@types/end-of-stream@ts3.6',
1 verbose cli   '@types/escape-html@ts3.6',
1 verbose cli   '@types/etag@ts3.6',
1 verbose cli   '@types/extend@ts3.6',
1 verbose cli   '@types/extsprintf@ts3.6',
1 verbose cli   '@types/fill-range@ts3.6',
1 verbose cli   '@types/finalhandler@ts3.6',
1 verbose cli   '@types/forever-agent@ts3.6',
1 verbose cli   '@types/forwarded@ts3.6',
1 verbose cli   '@types/fresh@ts3.6',
1 verbose cli   '@types/fs-minipass@ts3.6',
1 verbose cli   '@types/gauge@ts3.6',
1 verbose cli   '@types/getpass@ts3.6',
1 verbose cli   '@types/glob-parent@ts3.6',
1 verbose cli   '@types/graceful-fs@ts3.6',
1 verbose cli   '@types/http-cache-semantics@ts3.6',
1 verbose cli   '@types/http-errors@ts3.6',
1 verbose cli   '@types/http-signature@ts3.6',
1 verbose cli   '@types/ignore-by-default@ts3.6',
1 verbose cli   '@types/ignore-walk@ts3.6',
1 verbose cli   '@types/imurmurhash@ts3.6',
1 verbose cli   '@types/inflight@ts3.6',
1 verbose cli   '@types/inherits@ts3.6',
1 verbose cli   '@types/ini@ts3.6',
1 verbose cli   '@types/is-ci@ts3.6',
1 verbose cli   '@types/is-extglob@ts3.6',
1 verbose cli   '@types/is-glob@ts3.6',
1 verbose cli   '@types/is-number@ts3.6',
1 verbose cli   '@types/is-typedarray@ts3.6',
1 verbose cli   '@types/isarray@ts3.6',
1 verbose cli   '@types/isexe@ts3.6',
1 verbose cli   '@types/isstream@ts3.6',
1 verbose cli   '@types/jsbn@ts3.6',
1 verbose cli   '@types/json-buffer@ts3.6',
1 verbose cli   '@types/json-schema@ts3.6',
1 verbose cli   '@types/json-stringify-safe@ts3.6',
1 verbose cli   '@types/jsprim@ts3.6',
1 verbose cli   '@types/media-typer@ts3.6',
1 verbose cli   '@types/merge-descriptors@ts3.6',
1 verbose cli   '@types/methods@ts3.6',
1 verbose cli   '@types/mime@ts3.6',
1 verbose cli   '@types/mime-db@ts3.6',
1 verbose cli   '@types/mime-types@ts3.6',
1 verbose cli   '@types/minimist@ts3.6',
1 verbose cli   '@types/minizlib@ts3.6',
1 verbose cli   '@types/ms@ts3.6',
1 verbose cli   '@types/needle@ts3.6',
1 verbose cli   '@types/negotiator@ts3.6',
1 verbose cli   '@types/nopt@ts3.6',
1 verbose cli   '@types/normalize-path@ts3.6',
1 verbose cli   '@types/npm-packlist@ts3.6',
1 verbose cli   '@types/npmlog@ts3.6',
1 verbose cli   '@types/number-is-nan@ts3.6',
1 verbose cli   '@types/object-assign@ts3.6',
1 verbose cli   '@types/on-finished@ts3.6',
1 verbose cli   '@types/once@ts3.6',
1 verbose cli   '@types/os-homedir@ts3.6',
1 verbose cli   '@types/os-tmpdir@ts3.6',
1 verbose cli   '@types/osenv@ts3.6',
1 verbose cli   '@types/parseurl@ts3.6',
1 verbose cli   '@types/path-is-absolute@ts3.6',
1 verbose cli   '@types/picomatch@ts3.6',
1 verbose cli   ... 40 more items
1 verbose cli ]
2 info using npm@6.14.6
3 info using node@v12.18.3
4 verbose npm-session 180d5ad5a3b95b12
5 silly install loadCurrentTree
6 silly install readLocalPackageData
7 http fetch GET 304 https://registry.npmjs.org/@types%2fabbrev 655ms (from cache)
8 silly pacote tag manifest for @types/abbrev@ts3.6 fetched in 786ms
9 http fetch GET 304 https://registry.npmjs.org/@types%2fare-we-there-yet 782ms (from cache)
10 http fetch GET 304 https://registry.npmjs.org/@types%2faws4 781ms (from cache)
11 silly pacote tag manifest for @types/are-we-there-yet@ts3.6 fetched in 791ms
12 silly pacote tag manifest for @types/aws4@ts3.6 fetched in 808ms
13 http fetch GET 304 https://registry.npmjs.org/@types%2fbalanced-match 815ms (from cache)
14 http fetch GET 304 https://registry.npmjs.org/@types%2fbrace-expansion 814ms (from cache)
15 http fetch GET 304 https://registry.npmjs.org/@types%2fbody-parser 816ms (from cache)
16 silly pacote tag manifest for @types/balanced-match@ts3.6 fetched in 845ms
17 silly pacote tag manifest for @types/brace-expansion@ts3.6 fetched in 845ms
18 silly pacote tag manifest for @types/body-parser@ts3.6 fetched in 848ms
19 http fetch GET 304 https://registry.npmjs.org/@types%2fbraces 274ms (from cache)
20 http fetch GET 304 https://registry.npmjs.org/@types%2fcaseless 236ms (from cache)
21 silly pacote tag manifest for @types/braces@ts3.6 fetched in 279ms
22 silly pacote tag manifest for @types/caseless@ts3.6 fetched in 241ms
23 http fetch GET 304 https://registry.npmjs.org/@types%2fbytes 252ms (from cache)
24 silly pacote tag manifest for @types/bytes@ts3.6 fetched in 279ms
25 http fetch GET 304 https://registry.npmjs.org/@types%2fcolor-convert 237ms (from cache)
26 http fetch GET 304 https://registry.npmjs.org/@types%2fcolor-name 235ms (from cache)
27 silly pacote tag manifest for @types/color-convert@ts3.6 fetched in 246ms
28 silly pacote tag manifest for @types/color-name@ts3.6 fetched in 246ms
29 http fetch GET 304 https://registry.npmjs.org/@types%2fconcat-map 118ms (from cache)
30 silly pacote tag manifest for @types/concat-map@ts3.6 fetched in 123ms
31 http fetch GET 304 https://registry.npmjs.org/@types%2fconfigstore 94ms (from cache)
32 silly pacote tag manifest for @types/configstore@ts3.6 fetched in 98ms
33 http fetch GET 304 https://registry.npmjs.org/@types%2fcontent-type 147ms (from cache)
34 silly pacote tag manifest for @types/content-type@ts3.6 fetched in 149ms
35 http fetch GET 304 https://registry.npmjs.org/@types%2fcookie 137ms (from cache)
36 http fetch GET 304 https://registry.npmjs.org/@types%2fcookie-signature 135ms (from cache)
37 silly pacote tag manifest for @types/cookie@ts3.6 fetched in 141ms
38 silly pacote tag manifest for @types/cookie-signature@ts3.6 fetched in 143ms
39 http fetch GET 304 https://registry.npmjs.org/@types%2fcore-util-is 133ms (from cache)
40 silly registry:manifest no matching version for @types/core-util-is@ts3.6 in the cache. Forcing revalidation.
41 http fetch GET 304 https://registry.npmjs.org/@types%2fdashdash 101ms (from cache)
42 silly pacote tag manifest for @types/dashdash@ts3.6 fetched in 115ms
43 http fetch GET 304 https://registry.npmjs.org/@types%2fdebug 120ms (from cache)
44 silly pacote tag manifest for @types/debug@ts3.6 fetched in 122ms
45 http fetch GET 304 https://registry.npmjs.org/@types%2fasn1 1469ms (from cache)
46 silly pacote tag manifest for @types/asn1@ts3.6 fetched in 1470ms
47 http fetch GET 200 https://registry.npmjs.org/@types%2fdelegates 133ms
48 silly fetchPackageMetaData error for @types/delegates@ts3.6 No matching version found for @types/delegates@ts3.6.
49 http fetch GET 200 https://registry.npmjs.org/@types%2fansi-align 1595ms
50 silly fetchPackageMetaData error for @types/ansi-align@ts3.6 No matching version found for @types/ansi-align@ts3.6.
51 http fetch GET 304 https://registry.npmjs.org/@types%2fassert-plus 1622ms (from cache)
52 http fetch GET 200 https://registry.npmjs.org/@types%2fdestroy 39ms (from cache)
53 silly pacote tag manifest for @types/assert-plus@ts3.6 fetched in 1626ms
54 silly pacote tag manifest for @types/destroy@ts3.6 fetched in 41ms
55 http fetch GET 304 https://registry.npmjs.org/@types%2fdetect-libc 100ms (from cache)
56 silly pacote tag manifest for @types/detect-libc@ts3.6 fetched in 102ms
57 http fetch GET 304 https://registry.npmjs.org/@types%2fee-first 106ms (from cache)
58 silly pacote tag manifest for @types/ee-first@ts3.6 fetched in 109ms
59 http fetch GET 304 https://registry.npmjs.org/@types%2fdepd 377ms (from cache)
60 http fetch GET 304 https://registry.npmjs.org/@types%2fencodeurl 154ms (from cache)
61 silly pacote tag manifest for @types/depd@ts3.6 fetched in 384ms
62 silly pacote tag manifest for @types/encodeurl@ts3.6 fetched in 160ms
63 http fetch GET 304 https://registry.npmjs.org/@types%2fend-of-stream 155ms (from cache)
64 silly pacote tag manifest for @types/end-of-stream@ts3.6 fetched in 159ms
65 http fetch GET 304 https://registry.npmjs.org/@types%2fchownr 1050ms (from cache)
66 silly pacote tag manifest for @types/chownr@ts3.6 fetched in 1064ms
67 http fetch GET 304 https://registry.npmjs.org/@types%2fescape-html 97ms (from cache)
68 silly pacote tag manifest for @types/escape-html@ts3.6 fetched in 98ms
69 http fetch GET 304 https://registry.npmjs.org/@types%2faccepts 2124ms (from cache)
70 http fetch GET 200 https://registry.npmjs.org/@types%2fcore-util-is 737ms
71 silly fetchPackageMetaData error for @types/core-util-is@ts3.6 No matching version found for @types/core-util-is@ts3.6.
72 silly pacote tag manifest for @types/accepts@ts3.6 fetched in 2129ms
73 http fetch GET 200 https://registry.npmjs.org/@types%2fforever-agent 23ms (from cache)
74 silly pacote tag manifest for @types/forever-agent@ts3.6 fetched in 25ms
75 http fetch GET 304 https://registry.npmjs.org/@types%2ffinalhandler 93ms (from cache)
76 silly pacote tag manifest for @types/finalhandler@ts3.6 fetched in 97ms
77 http fetch GET 304 https://registry.npmjs.org/@types%2fforwarded 96ms (from cache)
78 silly pacote tag manifest for @types/forwarded@ts3.6 fetched in 99ms
79 http fetch GET 304 https://registry.npmjs.org/@types%2fextend 380ms (from cache)
80 silly pacote tag manifest for @types/extend@ts3.6 fetched in 381ms
81 http fetch GET 200 https://registry.npmjs.org/@types%2fgauge 9ms (from cache)
82 silly registry:manifest no matching version for @types/gauge@ts3.6 in the cache. Forcing revalidation.
83 http fetch GET 304 https://registry.npmjs.org/@types%2ffresh 115ms (from cache)
84 silly pacote tag manifest for @types/fresh@ts3.6 fetched in 117ms
85 http fetch GET 304 https://registry.npmjs.org/@types%2fgetpass 107ms (from cache)
86 silly pacote tag manifest for @types/getpass@ts3.6 fetched in 112ms
87 http fetch GET 200 https://registry.npmjs.org/@types%2fglob-parent 25ms (from cache)
88 silly pacote tag manifest for @types/glob-parent@ts3.6 fetched in 30ms
89 http fetch GET 304 https://registry.npmjs.org/@types%2fgraceful-fs 82ms (from cache)
90 silly pacote tag manifest for @types/graceful-fs@ts3.6 fetched in 84ms
91 http fetch GET 200 https://registry.npmjs.org/@types%2fhttp-cache-semantics 5ms (from cache)
92 silly pacote tag manifest for @types/http-cache-semantics@ts3.6 fetched in 7ms
93 http fetch GET 304 https://registry.npmjs.org/@types%2fhttp-errors 127ms (from cache)
94 silly pacote tag manifest for @types/http-errors@ts3.6 fetched in 130ms
95 http fetch GET 304 https://registry.npmjs.org/@types%2fhttp-signature 69ms (from cache)
96 silly registry:manifest no matching version for @types/http-signature@ts3.6 in the cache. Forcing revalidation.
97 http fetch GET 304 https://registry.npmjs.org/@types%2fdeep-extend 1450ms (from cache)
98 http fetch GET 304 https://registry.npmjs.org/@types%2fcontent-disposition 1789ms (from cache)
99 silly pacote tag manifest for @types/deep-extend@ts3.6 fetched in 1453ms
100 silly pacote tag manifest for @types/content-disposition@ts3.6 fetched in 1792ms
101 http fetch GET 304 https://registry.npmjs.org/@types%2fcombined-stream 1845ms (from cache)
102 http fetch GET 200 https://registry.npmjs.org/@types%2fignore-by-default 12ms (from cache)
103 silly registry:manifest no matching version for @types/ignore-by-default@ts3.6 in the cache. Forcing revalidation.
104 silly pacote tag manifest for @types/combined-stream@ts3.6 fetched in 1851ms
105 http fetch GET 200 https://registry.npmjs.org/@types%2fimurmurhash 17ms (from cache)
106 silly pacote tag manifest for @types/imurmurhash@ts3.6 fetched in 19ms
107 http fetch GET 200 https://registry.npmjs.org/@types%2finflight 26ms (from cache)
108 silly registry:manifest no matching version for @types/inflight@ts3.6 in the cache. Forcing revalidation.
109 http fetch GET 200 https://registry.npmjs.org/@types%2fgauge 679ms
110 silly fetchPackageMetaData error for @types/gauge@ts3.6 No matching version found for @types/gauge@ts3.6.
111 http fetch GET 304 https://registry.npmjs.org/@types%2finherits 116ms (from cache)
112 silly pacote tag manifest for @types/inherits@ts3.6 fetched in 117ms
113 http fetch GET 304 https://registry.npmjs.org/@types%2fextsprintf 1214ms (from cache)
114 silly pacote tag manifest for @types/extsprintf@ts3.6 fetched in 1217ms
115 http fetch GET 304 https://registry.npmjs.org/@types%2fini 102ms (from cache)
116 silly pacote tag manifest for @types/ini@ts3.6 fetched in 105ms
117 http fetch GET 304 https://registry.npmjs.org/@types%2fis-ci 98ms (from cache)
118 silly pacote tag manifest for @types/is-ci@ts3.6 fetched in 100ms
119 http fetch GET 304 https://registry.npmjs.org/@types%2fduplexer3 1679ms (from cache)
120 silly pacote tag manifest for @types/duplexer3@ts3.6 fetched in 1682ms
121 http fetch GET 200 https://registry.npmjs.org/@types%2fis-extglob 133ms
122 silly fetchPackageMetaData error for @types/is-extglob@ts3.6 No matching version found for @types/is-extglob@ts3.6.
123 http fetch GET 304 https://registry.npmjs.org/@types%2fis-typedarray 101ms (from cache)
124 silly pacote tag manifest for @types/is-typedarray@ts3.6 fetched in 104ms
125 http fetch GET 304 https://registry.npmjs.org/@types%2fis-number 133ms (from cache)
126 silly pacote tag manifest for @types/is-number@ts3.6 fetched in 151ms
127 http fetch GET 200 https://registry.npmjs.org/@types%2fisarray 24ms (from cache)
128 silly pacote tag manifest for @types/isarray@ts3.6 fetched in 39ms
129 http fetch GET 200 https://registry.npmjs.org/@types%2fisexe 17ms (from cache)
130 silly pacote tag manifest for @types/isexe@ts3.6 fetched in 22ms
131 http fetch GET 304 https://registry.npmjs.org/@types%2ffs-minipass 1268ms (from cache)
132 silly registry:manifest no matching version for @types/fs-minipass@ts3.6 in the cache. Forcing revalidation.
133 http fetch GET 304 https://registry.npmjs.org/@types%2fjsbn 71ms (from cache)
134 silly pacote tag manifest for @types/jsbn@ts3.6 fetched in 74ms
135 http fetch GET 304 https://registry.npmjs.org/@types%2fjson-buffer 86ms (from cache)
136 silly pacote tag manifest for @types/json-buffer@ts3.6 fetched in 89ms
137 http fetch GET 200 https://registry.npmjs.org/@types%2fjson-schema 9ms (from cache)
138 silly pacote tag manifest for @types/json-schema@ts3.6 fetched in 11ms
139 http fetch GET 200 https://registry.npmjs.org/@types%2fjson-stringify-safe 5ms (from cache)
140 silly pacote tag manifest for @types/json-stringify-safe@ts3.6 fetched in 7ms
141 http fetch GET 200 https://registry.npmjs.org/@types%2fjsprim 8ms (from cache)
142 silly registry:manifest no matching version for @types/jsprim@ts3.6 in the cache. Forcing revalidation.
143 http fetch GET 200 https://registry.npmjs.org/@types%2ffill-range 1927ms
144 silly fetchPackageMetaData error for @types/fill-range@ts3.6 No matching version found for @types/fill-range@ts3.6.
145 http fetch GET 200 https://registry.npmjs.org/@types%2fmedia-typer 18ms (from cache)
146 silly pacote tag manifest for @types/media-typer@ts3.6 fetched in 19ms
147 http fetch GET 200 https://registry.npmjs.org/@types%2fmerge-descriptors 14ms (from cache)
148 silly pacote tag manifest for @types/merge-descriptors@ts3.6 fetched in 16ms
149 http fetch GET 200 https://registry.npmjs.org/@types%2fignore-by-default 1156ms
150 silly fetchPackageMetaData error for @types/ignore-by-default@ts3.6 No matching version found for @types/ignore-by-default@ts3.6.
151 http fetch GET 200 https://registry.npmjs.org/@types%2fmime 17ms (from cache)
152 silly pacote tag manifest for @types/mime@ts3.6 fetched in 20ms
153 http fetch GET 200 https://registry.npmjs.org/@types%2fmime-db 13ms (from cache)
154 silly pacote tag manifest for @types/mime-db@ts3.6 fetched in 16ms
155 http fetch GET 200 https://registry.npmjs.org/@types%2finflight 1240ms
156 silly fetchPackageMetaData error for @types/inflight@ts3.6 No matching version found for @types/inflight@ts3.6.
157 http fetch GET 200 https://registry.npmjs.org/@types%2fminimist 23ms (from cache)
158 silly pacote tag manifest for @types/minimist@ts3.6 fetched in 25ms
159 http fetch GET 200 https://registry.npmjs.org/@types%2fminizlib 18ms (from cache)
160 silly pacote tag manifest for @types/minizlib@ts3.6 fetched in 20ms
161 http fetch GET 200 https://registry.npmjs.org/@types%2fms 16ms (from cache)
162 silly pacote tag manifest for @types/ms@ts3.6 fetched in 29ms
163 http fetch GET 200 https://registry.npmjs.org/@types%2fneedle 6ms (from cache)
164 silly pacote tag manifest for @types/needle@ts3.6 fetched in 8ms
165 http fetch GET 200 https://registry.npmjs.org/@types%2fnegotiator 15ms (from cache)
166 silly pacote tag manifest for @types/negotiator@ts3.6 fetched in 16ms
167 http fetch GET 200 https://registry.npmjs.org/@types%2fnopt 4ms (from cache)
168 silly pacote tag manifest for @types/nopt@ts3.6 fetched in 6ms
169 http fetch GET 304 https://registry.npmjs.org/@types%2fnormalize-path 108ms (from cache)
170 silly pacote tag manifest for @types/normalize-path@ts3.6 fetched in 112ms
171 http fetch GET 200 https://registry.npmjs.org/@types%2fhttp-signature 1747ms
172 silly fetchPackageMetaData error for @types/http-signature@ts3.6 No matching version found for @types/http-signature@ts3.6.
173 http fetch GET 304 https://registry.npmjs.org/@types%2fmime-types 437ms (from cache)
174 http fetch GET 200 https://registry.npmjs.org/@types%2fnpmlog 11ms (from cache)
175 silly pacote tag manifest for @types/mime-types@ts3.6 fetched in 441ms
176 http fetch GET 304 https://registry.npmjs.org/@types%2fis-glob 1311ms (from cache)
177 silly pacote tag manifest for @types/npmlog@ts3.6 fetched in 19ms
178 silly pacote tag manifest for @types/is-glob@ts3.6 fetched in 1319ms
179 http fetch GET 200 https://registry.npmjs.org/@types%2fobject-assign 40ms (from cache)
180 silly pacote tag manifest for @types/object-assign@ts3.6 fetched in 44ms
181 http fetch GET 304 https://registry.npmjs.org/@types%2fon-finished 113ms (from cache)
182 silly pacote tag manifest for @types/on-finished@ts3.6 fetched in 116ms
183 http fetch GET 304 https://registry.npmjs.org/@types%2fignore-walk 1799ms (from cache)
184 silly pacote tag manifest for @types/ignore-walk@ts3.6 fetched in 1801ms
185 http fetch GET 304 https://registry.npmjs.org/@types%2fonce 172ms (from cache)
186 silly pacote tag manifest for @types/once@ts3.6 fetched in 176ms
187 http fetch GET 304 https://registry.npmjs.org/@types%2fisstream 1293ms (from cache)
188 silly pacote tag manifest for @types/isstream@ts3.6 fetched in 1303ms
189 http fetch GET 304 https://registry.npmjs.org/@types%2fos-homedir 114ms (from cache)
190 http fetch GET 200 https://registry.npmjs.org/@types%2fosenv 16ms (from cache)
191 silly pacote tag manifest for @types/osenv@ts3.6 fetched in 21ms
192 silly pacote tag manifest for @types/os-homedir@ts3.6 fetched in 155ms
193 http fetch GET 200 https://registry.npmjs.org/@types%2fjsprim 1250ms
194 silly fetchPackageMetaData error for @types/jsprim@ts3.6 No matching version found for @types/jsprim@ts3.6.
195 http fetch GET 304 https://registry.npmjs.org/@types%2fmethods 1023ms (from cache)
196 silly pacote tag manifest for @types/methods@ts3.6 fetched in 1028ms
197 http fetch GET 304 https://registry.npmjs.org/@types%2fproxy-addr 122ms (from cache)
198 silly pacote tag manifest for @types/proxy-addr@ts3.6 fetched in 129ms
199 http fetch GET 304 https://registry.npmjs.org/@types%2fpump 112ms (from cache)
200 silly pacote tag manifest for @types/pump@ts3.6 fetched in 118ms
201 http fetch GET 200 https://registry.npmjs.org/@types%2ffs-minipass 1921ms
202 silly fetchPackageMetaData error for @types/fs-minipass@ts3.6 No matching version found for @types/fs-minipass@ts3.6.
203 http fetch GET 304 https://registry.npmjs.org/@types%2fpunycode 370ms (from cache)
204 silly pacote tag manifest for @types/punycode@ts3.6 fetched in 375ms
205 http fetch GET 304 https://registry.npmjs.org/@types%2fpsl 1042ms (from cache)
206 http fetch GET 304 https://registry.npmjs.org/@types%2fnpm-packlist 1581ms (from cache)
207 http fetch GET 304 https://registry.npmjs.org/@types%2fqs 545ms (from cache)
208 http fetch GET 304 https://registry.npmjs.org/@types%2fparseurl 1219ms (from cache)
209 silly pacote tag manifest for @types/psl@ts3.6 fetched in 1059ms
210 silly pacote tag manifest for @types/npm-packlist@ts3.6 fetched in 1596ms
211 http fetch GET 304 https://registry.npmjs.org/@types%2fnumber-is-nan 1471ms (from cache)
212 silly pacote tag manifest for @types/qs@ts3.6 fetched in 560ms
213 silly pacote tag manifest for @types/parseurl@ts3.6 fetched in 1233ms
214 http fetch GET 304 https://registry.npmjs.org/@types%2frange-parser 455ms (from cache)
215 silly pacote tag manifest for @types/number-is-nan@ts3.6 fetched in 1489ms
216 http fetch GET 304 https://registry.npmjs.org/@types%2fpicomatch 1231ms (from cache)
217 silly pacote tag manifest for @types/range-parser@ts3.6 fetched in 496ms
218 http fetch GET 200 https://registry.npmjs.org/@types%2frc 58ms (from cache)
219 silly pacote tag manifest for @types/picomatch@ts3.6 fetched in 1249ms
220 silly pacote tag manifest for @types/rc@ts3.6 fetched in 71ms
221 http fetch GET 304 https://registry.npmjs.org/@types%2fregistry-auth-token 307ms (from cache)
222 http fetch GET 304 https://registry.npmjs.org/@types%2frequest 309ms (from cache)
223 http fetch GET 304 https://registry.npmjs.org/@types%2fresponselike 289ms (from cache)
224 http fetch GET 304 https://registry.npmjs.org/@types%2fpath-is-absolute 1547ms (from cache)
225 http fetch GET 304 https://registry.npmjs.org/@types%2fos-tmpdir 1662ms (from cache)
226 http fetch GET 304 https://registry.npmjs.org/@types%2freadable-stream 347ms (from cache)
227 silly pacote tag manifest for @types/registry-auth-token@ts3.6 fetched in 348ms
228 silly pacote tag manifest for @types/request@ts3.6 fetched in 350ms
229 silly pacote tag manifest for @types/responselike@ts3.6 fetched in 338ms
230 silly pacote tag manifest for @types/path-is-absolute@ts3.6 fetched in 1612ms
231 silly pacote tag manifest for @types/readable-stream@ts3.6 fetched in 401ms
232 silly pacote tag manifest for @types/os-tmpdir@ts3.6 fetched in 1720ms
233 http fetch GET 304 https://registry.npmjs.org/@types%2fsemver 339ms (from cache)
234 silly pacote tag manifest for @types/semver@ts3.6 fetched in 619ms
235 http fetch GET 304 https://registry.npmjs.org/@types%2fsax 1078ms (from cache)
236 http fetch GET 304 https://registry.npmjs.org/@types%2fserve-static 791ms (from cache)
237 http fetch GET 304 https://registry.npmjs.org/@types%2fsend 793ms (from cache)
238 http fetch GET 304 https://registry.npmjs.org/@types%2fsafer-buffer 1102ms (from cache)
239 http fetch GET 304 https://registry.npmjs.org/@types%2fstatuses 752ms (from cache)
240 http fetch GET 304 https://registry.npmjs.org/@types%2fsignal-exit 758ms (from cache)
241 silly pacote tag manifest for @types/sax@ts3.6 fetched in 1094ms
242 http fetch GET 304 https://registry.npmjs.org/@types%2fset-blocking 770ms (from cache)
243 silly pacote tag manifest for @types/serve-static@ts3.6 fetched in 805ms
244 silly pacote tag manifest for @types/send@ts3.6 fetched in 807ms
245 silly registry:manifest no matching version for @types/set-blocking@ts3.6 in the cache. Forcing revalidation.
246 silly pacote tag manifest for @types/safer-buffer@ts3.6 fetched in 1120ms
247 silly pacote tag manifest for @types/statuses@ts3.6 fetched in 770ms
248 silly pacote tag manifest for @types/signal-exit@ts3.6 fetched in 781ms
249 http fetch GET 304 https://registry.npmjs.org/@types%2fsupports-color 491ms (from cache)
250 silly pacote tag manifest for @types/supports-color@ts3.6 fetched in 667ms
251 http fetch GET 200 https://registry.npmjs.org/@types%2fto-regex-range 381ms
252 silly fetchPackageMetaData error for @types/to-regex-range@ts3.6 No matching version found for @types/to-regex-range@ts3.6.
253 http fetch GET 200 https://registry.npmjs.org/@types%2fset-blocking 385ms
254 silly fetchPackageMetaData error for @types/set-blocking@ts3.6 No matching version found for @types/set-blocking@ts3.6.
255 http fetch GET 304 https://registry.npmjs.org/@types%2fetag 5750ms (from cache)
256 http fetch GET 304 https://registry.npmjs.org/@types%2ftar 437ms (from cache)
257 http fetch GET 304 https://registry.npmjs.org/@types%2ftouch 425ms (from cache)
258 silly pacote tag manifest for @types/etag@ts3.6 fetched in 5757ms
259 silly pacote tag manifest for @types/tar@ts3.6 fetched in 444ms
260 silly pacote tag manifest for @types/touch@ts3.6 fetched in 435ms
261 http fetch GET 304 https://registry.npmjs.org/@types%2ftough-cookie 436ms (from cache)
262 http fetch GET 304 https://registry.npmjs.org/@types%2ftype-is 445ms (from cache)
263 silly pacote tag manifest for @types/tough-cookie@ts3.6 fetched in 467ms
264 silly pacote tag manifest for @types/type-is@ts3.6 fetched in 478ms
265 http fetch GET 304 https://registry.npmjs.org/@types%2ftypedarray-to-buffer 271ms (from cache)
266 silly registry:manifest no matching version for @types/typedarray-to-buffer@ts3.6 in the cache. Forcing revalidation.
267 http fetch GET 304 https://registry.npmjs.org/@types%2futils-merge 162ms (from cache)
268 http fetch GET 304 https://registry.npmjs.org/@types%2fuuid 160ms (from cache)
269 silly pacote tag manifest for @types/uuid@ts3.6 fetched in 162ms
270 silly pacote tag manifest for @types/utils-merge@ts3.6 fetched in 169ms
271 http fetch GET 304 https://registry.npmjs.org/@types%2fvary 134ms (from cache)
272 silly pacote tag manifest for @types/vary@ts3.6 fetched in 139ms
273 http fetch GET 200 https://registry.npmjs.org/@types%2ftypedarray-to-buffer 162ms
274 silly fetchPackageMetaData error for @types/typedarray-to-buffer@ts3.6 No matching version found for @types/typedarray-to-buffer@ts3.6.
275 http fetch GET 304 https://registry.npmjs.org/@types%2fsshpk 1471ms (from cache)
276 silly pacote tag manifest for @types/sshpk@ts3.6 fetched in 1474ms
277 http fetch GET 304 https://registry.npmjs.org/@types%2fwrite-file-atomic 134ms (from cache)
278 http fetch GET 304 https://registry.npmjs.org/@types%2fyallist 128ms (from cache)
279 silly pacote tag manifest for @types/write-file-atomic@ts3.6 fetched in 137ms
280 silly pacote tag manifest for @types/yallist@ts3.6 fetched in 139ms
281 http fetch GET 304 https://registry.npmjs.org/@types%2fwhich 156ms (from cache)
282 silly pacote tag manifest for @types/which@ts3.6 fetched in 158ms
283 http fetch GET 200 https://registry.npmjs.org/@types%2fverror 673ms
284 silly pacote tag manifest for @types/verror@ts3.6 fetched in 676ms
285 http fetch GET 200 https://registry.npmjs.org/@types%2furl-parse-lax 1168ms
286 silly fetchPackageMetaData error for @types/url-parse-lax@ts3.6 No matching version found for @types/url-parse-lax@ts3.6.
287 http fetch GET 304 https://registry.npmjs.org/@types%2futil-deprecate 1252ms (from cache)
288 silly pacote tag manifest for @types/util-deprecate@ts3.6 fetched in 1254ms
289 http fetch GET 200 https://registry.npmjs.org/@types%2ftoidentifier 1901ms
290 silly fetchPackageMetaData error for @types/toidentifier@ts3.6 No matching version found for @types/toidentifier@ts3.6.
291 http fetch GET 304 https://registry.npmjs.org/@types%2fupdate-notifier 1802ms (from cache)
292 silly pacote tag manifest for @types/update-notifier@ts3.6 fetched in 1803ms
293 timing stage:rollbackFailedOptional Completed in 1ms
294 timing stage:runTopLevelLifecycles Completed in 9610ms
295 verbose type tag
296 verbose stack @types/delegates: No matching version found for @types/delegates@ts3.6.
296 verbose stack     at pickManifest (/usr/local/lib/node_modules/npm/node_modules/npm-pick-manifest/index.js:122:13)
296 verbose stack     at /usr/local/lib/node_modules/npm/node_modules/pacote/lib/fetchers/registry/manifest.js:24:14
296 verbose stack     at tryCatcher (/usr/local/lib/node_modules/npm/node_modules/bluebird/js/release/util.js:16:23)
296 verbose stack     at Promise._settlePromiseFromHandler (/usr/local/lib/node_modules/npm/node_modules/bluebird/js/release/promise.js:517:31)
296 verbose stack     at Promise._settlePromise (/usr/local/lib/node_modules/npm/node_modules/bluebird/js/release/promise.js:574:18)
296 verbose stack     at Promise._settlePromise0 (/usr/local/lib/node_modules/npm/node_modules/bluebird/js/release/promise.js:619:10)
296 verbose stack     at Promise._settlePromises (/usr/local/lib/node_modules/npm/node_modules/bluebird/js/release/promise.js:699:18)
296 verbose stack     at _drainQueueStep (/usr/local/lib/node_modules/npm/node_modules/bluebird/js/release/async.js:138:12)
296 verbose stack     at _drainQueue (/usr/local/lib/node_modules/npm/node_modules/bluebird/js/release/async.js:131:9)
296 verbose stack     at Async._drainQueues (/usr/local/lib/node_modules/npm/node_modules/bluebird/js/release/async.js:147:5)
296 verbose stack     at Immediate.Async.drainQueues [as _onImmediate] (/usr/local/lib/node_modules/npm/node_modules/bluebird/js/release/async.js:17:14)
296 verbose stack     at processImmediate (internal/timers.js:456:21)
297 verbose cwd /home/theia/.cache/typescript/3.6
298 verbose Linux 5.10.102.1-microsoft-standard-WSL2
299 verbose argv "/usr/local/bin/node" "/usr/local/bin/npm" "install" "--ignore-scripts" "@types/abbrev@ts3.6" "@types/accepts@ts3.6" "@types/ansi-align@ts3.6" "@types/are-we-there-yet@ts3.6" "@types/asn1@ts3.6" "@types/assert-plus@ts3.6" "@types/aws4@ts3.6" "@types/balanced-match@ts3.6" "@types/body-parser@ts3.6" "@types/brace-expansion@ts3.6" "@types/braces@ts3.6" "@types/bytes@ts3.6" "@types/caseless@ts3.6" "@types/chownr@ts3.6" "@types/color-convert@ts3.6" "@types/color-name@ts3.6" "@types/combined-stream@ts3.6" "@types/concat-map@ts3.6" "@types/configstore@ts3.6" "@types/content-disposition@ts3.6" "@types/content-type@ts3.6" "@types/cookie@ts3.6" "@types/cookie-signature@ts3.6" "@types/core-util-is@ts3.6" "@types/dashdash@ts3.6" "@types/debug@ts3.6" "@types/deep-extend@ts3.6" "@types/delegates@ts3.6" "@types/depd@ts3.6" "@types/destroy@ts3.6" "@types/detect-libc@ts3.6" "@types/duplexer3@ts3.6" "@types/ee-first@ts3.6" "@types/encodeurl@ts3.6" "@types/end-of-stream@ts3.6" "@types/escape-html@ts3.6" "@types/etag@ts3.6" "@types/extend@ts3.6" "@types/extsprintf@ts3.6" "@types/fill-range@ts3.6" "@types/finalhandler@ts3.6" "@types/forever-agent@ts3.6" "@types/forwarded@ts3.6" "@types/fresh@ts3.6" "@types/fs-minipass@ts3.6" "@types/gauge@ts3.6" "@types/getpass@ts3.6" "@types/glob-parent@ts3.6" "@types/graceful-fs@ts3.6" "@types/http-cache-semantics@ts3.6" "@types/http-errors@ts3.6" "@types/http-signature@ts3.6" "@types/ignore-by-default@ts3.6" "@types/ignore-walk@ts3.6" "@types/imurmurhash@ts3.6" "@types/inflight@ts3.6" "@types/inherits@ts3.6" "@types/ini@ts3.6" "@types/is-ci@ts3.6" "@types/is-extglob@ts3.6" "@types/is-glob@ts3.6" "@types/is-number@ts3.6" "@types/is-typedarray@ts3.6" "@types/isarray@ts3.6" "@types/isexe@ts3.6" "@types/isstream@ts3.6" "@types/jsbn@ts3.6" "@types/json-buffer@ts3.6" "@types/json-schema@ts3.6" "@types/json-stringify-safe@ts3.6" "@types/jsprim@ts3.6" "@types/media-typer@ts3.6" "@types/merge-descriptors@ts3.6" "@types/methods@ts3.6" "@types/mime@ts3.6" "@types/mime-db@ts3.6" "@types/mime-types@ts3.6" "@types/minimist@ts3.6" "@types/minizlib@ts3.6" "@types/ms@ts3.6" "@types/needle@ts3.6" "@types/negotiator@ts3.6" "@types/nopt@ts3.6" "@types/normalize-path@ts3.6" "@types/npm-packlist@ts3.6" "@types/npmlog@ts3.6" "@types/number-is-nan@ts3.6" "@types/object-assign@ts3.6" "@types/on-finished@ts3.6" "@types/once@ts3.6" "@types/os-homedir@ts3.6" "@types/os-tmpdir@ts3.6" "@types/osenv@ts3.6" "@types/parseurl@ts3.6" "@types/path-is-absolute@ts3.6" "@types/picomatch@ts3.6" "@types/proxy-addr@ts3.6" "@types/psl@ts3.6" "@types/pump@ts3.6" "@types/punycode@ts3.6" "@types/qs@ts3.6" "@types/range-parser@ts3.6" "@types/rc@ts3.6" "@types/readable-stream@ts3.6" "@types/registry-auth-token@ts3.6" "@types/request@ts3.6" "@types/responselike@ts3.6" "@types/safer-buffer@ts3.6" "@types/sax@ts3.6" "@types/semver@ts3.6" "@types/send@ts3.6" "@types/serve-static@ts3.6" "@types/set-blocking@ts3.6" "@types/signal-exit@ts3.6" "@types/sshpk@ts3.6" "@types/statuses@ts3.6" "@types/supports-color@ts3.6" "@types/tar@ts3.6" "@types/to-regex-range@ts3.6" "@types/toidentifier@ts3.6" "@types/touch@ts3.6" "@types/tough-cookie@ts3.6" "@types/type-is@ts3.6" "@types/typedarray-to-buffer@ts3.6" "@types/update-notifier@ts3.6" "@types/url-parse-lax@ts3.6" "@types/util-deprecate@ts3.6" "@types/utils-merge@ts3.6" "@types/uuid@ts3.6" "@types/vary@ts3.6" "@types/verror@ts3.6" "@types/which@ts3.6" "@types/write-file-atomic@ts3.6" "@types/yallist@ts3.6" "--save-dev" "--user-agent=typesInstaller/3.6.3"
300 verbose node v12.18.3
301 verbose npm  v6.14.6
302 error code ETARGET
303 error notarget No matching version found for @types/delegates@ts3.6.
304 error notarget In most cases you or one of your dependencies are requesting
304 error notarget a package version that doesn't exist.
305 verbose exit [ 1, true ]
