0 info it worked if it ends with ok
1 verbose cli [
1 verbose cli   '/usr/local/bin/node',
1 verbose cli   '/usr/local/bin/npm',
1 verbose cli   'install',
1 verbose cli   '--ignore-scripts',
1 verbose cli   '@types/abbrev@ts3.6',
1 verbose cli   '@types/accepts@ts3.6',
1 verbose cli   '@types/ansi-align@ts3.6',
1 verbose cli   '@types/are-we-there-yet@ts3.6',
1 verbose cli   '@types/asn1@ts3.6',
1 verbose cli   '@types/assert-plus@ts3.6',
1 verbose cli   '@types/aws4@ts3.6',
1 verbose cli   '@types/balanced-match@ts3.6',
1 verbose cli   '@types/body-parser@ts3.6',
1 verbose cli   '@types/brace-expansion@ts3.6',
1 verbose cli   '@types/braces@ts3.6',
1 verbose cli   '@types/bytes@ts3.6',
1 verbose cli   '@types/caseless@ts3.6',
1 verbose cli   '@types/chownr@ts3.6',
1 verbose cli   '@types/color-convert@ts3.6',
1 verbose cli   '@types/color-name@ts3.6',
1 verbose cli   '@types/combined-stream@ts3.6',
1 verbose cli   '@types/concat-map@ts3.6',
1 verbose cli   '@types/configstore@ts3.6',
1 verbose cli   '@types/content-disposition@ts3.6',
1 verbose cli   '@types/content-type@ts3.6',
1 verbose cli   '@types/cookie@ts3.6',
1 verbose cli   '@types/cookie-signature@ts3.6',
1 verbose cli   '@types/core-util-is@ts3.6',
1 verbose cli   '@types/dashdash@ts3.6',
1 verbose cli   '@types/debug@ts3.6',
1 verbose cli   '@types/deep-extend@ts3.6',
1 verbose cli   '@types/delegates@ts3.6',
1 verbose cli   '@types/depd@ts3.6',
1 verbose cli   '@types/destroy@ts3.6',
1 verbose cli   '@types/detect-libc@ts3.6',
1 verbose cli   '@types/duplexer3@ts3.6',
1 verbose cli   '@types/ee-first@ts3.6',
1 verbose cli   '@types/encodeurl@ts3.6',
1 verbose cli   '@types/end-of-stream@ts3.6',
1 verbose cli   '@types/escape-html@ts3.6',
1 verbose cli   '@types/etag@ts3.6',
1 verbose cli   '@types/extend@ts3.6',
1 verbose cli   '@types/extsprintf@ts3.6',
1 verbose cli   '@types/fill-range@ts3.6',
1 verbose cli   '@types/finalhandler@ts3.6',
1 verbose cli   '@types/forever-agent@ts3.6',
1 verbose cli   '@types/forwarded@ts3.6',
1 verbose cli   '@types/fresh@ts3.6',
1 verbose cli   '@types/fs-minipass@ts3.6',
1 verbose cli   '@types/gauge@ts3.6',
1 verbose cli   '@types/getpass@ts3.6',
1 verbose cli   '@types/glob-parent@ts3.6',
1 verbose cli   '@types/graceful-fs@ts3.6',
1 verbose cli   '@types/http-cache-semantics@ts3.6',
1 verbose cli   '@types/http-errors@ts3.6',
1 verbose cli   '@types/http-signature@ts3.6',
1 verbose cli   '@types/ignore-by-default@ts3.6',
1 verbose cli   '@types/ignore-walk@ts3.6',
1 verbose cli   '@types/imurmurhash@ts3.6',
1 verbose cli   '@types/inflight@ts3.6',
1 verbose cli   '@types/inherits@ts3.6',
1 verbose cli   '@types/ini@ts3.6',
1 verbose cli   '@types/is-ci@ts3.6',
1 verbose cli   '@types/is-extglob@ts3.6',
1 verbose cli   '@types/is-glob@ts3.6',
1 verbose cli   '@types/is-number@ts3.6',
1 verbose cli   '@types/is-typedarray@ts3.6',
1 verbose cli   '@types/isarray@ts3.6',
1 verbose cli   '@types/isexe@ts3.6',
1 verbose cli   '@types/isstream@ts3.6',
1 verbose cli   '@types/jsbn@ts3.6',
1 verbose cli   '@types/json-buffer@ts3.6',
1 verbose cli   '@types/json-schema@ts3.6',
1 verbose cli   '@types/json-stringify-safe@ts3.6',
1 verbose cli   '@types/jsprim@ts3.6',
1 verbose cli   '@types/media-typer@ts3.6',
1 verbose cli   '@types/merge-descriptors@ts3.6',
1 verbose cli   '@types/methods@ts3.6',
1 verbose cli   '@types/mime@ts3.6',
1 verbose cli   '@types/mime-db@ts3.6',
1 verbose cli   '@types/mime-types@ts3.6',
1 verbose cli   '@types/minimist@ts3.6',
1 verbose cli   '@types/minizlib@ts3.6',
1 verbose cli   '@types/ms@ts3.6',
1 verbose cli   '@types/needle@ts3.6',
1 verbose cli   '@types/negotiator@ts3.6',
1 verbose cli   '@types/nopt@ts3.6',
1 verbose cli   '@types/normalize-path@ts3.6',
1 verbose cli   '@types/npm-packlist@ts3.6',
1 verbose cli   '@types/npmlog@ts3.6',
1 verbose cli   '@types/number-is-nan@ts3.6',
1 verbose cli   '@types/object-assign@ts3.6',
1 verbose cli   '@types/on-finished@ts3.6',
1 verbose cli   '@types/once@ts3.6',
1 verbose cli   '@types/os-homedir@ts3.6',
1 verbose cli   '@types/os-tmpdir@ts3.6',
1 verbose cli   '@types/osenv@ts3.6',
1 verbose cli   '@types/parseurl@ts3.6',
1 verbose cli   '@types/path-is-absolute@ts3.6',
1 verbose cli   '@types/picomatch@ts3.6',
1 verbose cli   ... 40 more items
1 verbose cli ]
2 info using npm@6.14.6
3 info using node@v12.18.3
4 verbose npm-session f0fccff2f99fe5bf
5 silly install loadCurrentTree
6 silly install readLocalPackageData
7 http fetch GET 304 https://registry.npmjs.org/@types%2fbody-parser 509ms (from cache)
8 http fetch GET 304 https://registry.npmjs.org/@types%2fasn1 517ms (from cache)
9 http fetch GET 304 https://registry.npmjs.org/@types%2faccepts 527ms (from cache)
10 silly pacote tag manifest for @types/body-parser@ts3.6 fetched in 519ms
11 silly pacote tag manifest for @types/asn1@ts3.6 fetched in 533ms
12 silly pacote tag manifest for @types/accepts@ts3.6 fetched in 542ms
13 http fetch GET 304 https://registry.npmjs.org/@types%2fbrace-expansion 527ms (from cache)
14 http fetch GET 304 https://registry.npmjs.org/@types%2faws4 534ms (from cache)
15 silly pacote tag manifest for @types/brace-expansion@ts3.6 fetched in 555ms
16 silly pacote tag manifest for @types/aws4@ts3.6 fetched in 570ms
17 http fetch GET 304 https://registry.npmjs.org/@types%2fcaseless 194ms (from cache)
18 silly pacote tag manifest for @types/caseless@ts3.6 fetched in 226ms
19 http fetch GET 304 https://registry.npmjs.org/@types%2fchownr 228ms (from cache)
20 http fetch GET 304 https://registry.npmjs.org/@types%2fbytes 263ms (from cache)
21 silly pacote tag manifest for @types/chownr@ts3.6 fetched in 232ms
22 silly pacote tag manifest for @types/bytes@ts3.6 fetched in 267ms
23 http fetch GET 304 https://registry.npmjs.org/@types%2fcombined-stream 118ms (from cache)
24 silly pacote tag manifest for @types/combined-stream@ts3.6 fetched in 121ms
25 http fetch GET 304 https://registry.npmjs.org/@types%2fconcat-map 141ms (from cache)
26 silly pacote tag manifest for @types/concat-map@ts3.6 fetched in 144ms
27 http fetch GET 304 https://registry.npmjs.org/@types%2fcontent-disposition 127ms (from cache)
28 silly pacote tag manifest for @types/content-disposition@ts3.6 fetched in 130ms
29 http fetch GET 304 https://registry.npmjs.org/@types%2fcolor-convert 501ms (from cache)
30 silly pacote tag manifest for @types/color-convert@ts3.6 fetched in 505ms
31 http fetch GET 304 https://registry.npmjs.org/@types%2fcontent-type 190ms (from cache)
32 silly pacote tag manifest for @types/content-type@ts3.6 fetched in 192ms
33 http fetch GET 304 https://registry.npmjs.org/@types%2fcookie 191ms (from cache)
34 silly pacote tag manifest for @types/cookie@ts3.6 fetched in 195ms
35 http fetch GET 304 https://registry.npmjs.org/@types%2fabbrev 1433ms (from cache)
36 silly pacote tag manifest for @types/abbrev@ts3.6 fetched in 1467ms
37 http fetch GET 304 https://registry.npmjs.org/@types%2fcore-util-is 198ms (from cache)
38 silly registry:manifest no matching version for @types/core-util-is@ts3.6 in the cache. Forcing revalidation.
39 http fetch GET 304 https://registry.npmjs.org/@types%2fbalanced-match 1513ms (from cache)
40 silly pacote tag manifest for @types/balanced-match@ts3.6 fetched in 1515ms
41 http fetch GET 304 https://registry.npmjs.org/@types%2fcolor-name 758ms (from cache)
42 silly pacote tag manifest for @types/color-name@ts3.6 fetched in 770ms
43 http fetch GET 200 https://registry.npmjs.org/@types%2fdebug 27ms (from cache)
44 silly pacote tag manifest for @types/debug@ts3.6 fetched in 29ms
45 http fetch GET 200 https://registry.npmjs.org/@types%2fansi-align 1563ms
46 silly fetchPackageMetaData error for @types/ansi-align@ts3.6 No matching version found for @types/ansi-align@ts3.6.
47 http fetch GET 200 https://registry.npmjs.org/@types%2fdelegates 71ms
48 silly fetchPackageMetaData error for @types/delegates@ts3.6 No matching version found for @types/delegates@ts3.6.
49 http fetch GET 304 https://registry.npmjs.org/@types%2fdepd 147ms (from cache)
50 silly pacote tag manifest for @types/depd@ts3.6 fetched in 149ms
51 http fetch GET 304 https://registry.npmjs.org/@types%2fdestroy 131ms (from cache)
52 silly pacote tag manifest for @types/destroy@ts3.6 fetched in 134ms
53 http fetch GET 304 https://registry.npmjs.org/@types%2fcookie-signature 965ms (from cache)
54 silly pacote tag manifest for @types/cookie-signature@ts3.6 fetched in 968ms
55 http fetch GET 200 https://registry.npmjs.org/@types%2fee-first 15ms (from cache)
56 silly pacote tag manifest for @types/ee-first@ts3.6 fetched in 17ms
57 http fetch GET 200 https://registry.npmjs.org/@types%2fencodeurl 20ms (from cache)
58 silly pacote tag manifest for @types/encodeurl@ts3.6 fetched in 24ms
59 http fetch GET 304 https://registry.npmjs.org/@types%2fassert-plus 2344ms (from cache)
60 silly pacote tag manifest for @types/assert-plus@ts3.6 fetched in 2348ms
61 http fetch GET 304 https://registry.npmjs.org/@types%2fend-of-stream 107ms (from cache)
62 silly pacote tag manifest for @types/end-of-stream@ts3.6 fetched in 109ms
63 http fetch GET 304 https://registry.npmjs.org/@types%2fetag 135ms (from cache)
64 silly pacote tag manifest for @types/etag@ts3.6 fetched in 137ms
65 http fetch GET 200 https://registry.npmjs.org/@types%2fextend 9ms (from cache)
66 silly pacote tag manifest for @types/extend@ts3.6 fetched in 15ms
67 http fetch GET 304 https://registry.npmjs.org/@types%2fextsprintf 101ms (from cache)
68 http fetch GET 304 https://registry.npmjs.org/@types%2fbraces 2117ms (from cache)
69 silly pacote tag manifest for @types/extsprintf@ts3.6 fetched in 106ms
70 silly pacote tag manifest for @types/braces@ts3.6 fetched in 2124ms
71 http fetch GET 304 https://registry.npmjs.org/@types%2ffinalhandler 106ms (from cache)
72 silly pacote tag manifest for @types/finalhandler@ts3.6 fetched in 108ms
73 http fetch GET 200 https://registry.npmjs.org/@types%2fforever-agent 12ms (from cache)
74 silly pacote tag manifest for @types/forever-agent@ts3.6 fetched in 15ms
75 http fetch GET 304 https://registry.npmjs.org/@types%2fdashdash 1407ms (from cache)
76 silly pacote tag manifest for @types/dashdash@ts3.6 fetched in 1425ms
77 http fetch GET 304 https://registry.npmjs.org/@types%2fforwarded 160ms (from cache)
78 silly pacote tag manifest for @types/forwarded@ts3.6 fetched in 165ms
79 http fetch GET 304 https://registry.npmjs.org/@types%2fdetect-libc 1302ms (from cache)
80 http fetch GET 304 https://registry.npmjs.org/@types%2ffresh 142ms (from cache)
81 silly pacote tag manifest for @types/detect-libc@ts3.6 fetched in 1305ms
82 silly pacote tag manifest for @types/fresh@ts3.6 fetched in 153ms
83 http fetch GET 200 https://registry.npmjs.org/@types%2fgetpass 17ms (from cache)
84 silly pacote tag manifest for @types/getpass@ts3.6 fetched in 24ms
85 http fetch GET 304 https://registry.npmjs.org/@types%2fare-we-there-yet 3077ms (from cache)
86 silly pacote tag manifest for @types/are-we-there-yet@ts3.6 fetched in 3081ms
87 http fetch GET 200 https://registry.npmjs.org/@types%2fcore-util-is 1744ms
88 silly fetchPackageMetaData error for @types/core-util-is@ts3.6 No matching version found for @types/core-util-is@ts3.6.
89 http fetch GET 304 https://registry.npmjs.org/@types%2fgraceful-fs 153ms (from cache)
90 silly pacote tag manifest for @types/graceful-fs@ts3.6 fetched in 155ms
91 http fetch GET 304 https://registry.npmjs.org/@types%2fdeep-extend 1774ms (from cache)
92 silly pacote tag manifest for @types/deep-extend@ts3.6 fetched in 1776ms
93 http fetch GET 200 https://registry.npmjs.org/@types%2fhttp-signature 9ms (from cache)
94 silly registry:manifest no matching version for @types/http-signature@ts3.6 in the cache. Forcing revalidation.
95 http fetch GET 304 https://registry.npmjs.org/@types%2fhttp-errors 121ms (from cache)
96 silly pacote tag manifest for @types/http-errors@ts3.6 fetched in 123ms
97 http fetch GET 200 https://registry.npmjs.org/@types%2fhttp-signature 66ms
98 silly fetchPackageMetaData error for @types/http-signature@ts3.6 No matching version found for @types/http-signature@ts3.6.
99 http fetch GET 304 https://registry.npmjs.org/@types%2fignore-by-default 81ms (from cache)
100 silly registry:manifest no matching version for @types/ignore-by-default@ts3.6 in the cache. Forcing revalidation.
101 http fetch GET 304 https://registry.npmjs.org/@types%2fduplexer3 1865ms (from cache)
102 silly pacote tag manifest for @types/duplexer3@ts3.6 fetched in 1868ms
103 http fetch GET 200 https://registry.npmjs.org/@types%2fimurmurhash 41ms (from cache)
104 silly pacote tag manifest for @types/imurmurhash@ts3.6 fetched in 44ms
105 http fetch GET 200 https://registry.npmjs.org/@types%2finflight 28ms (from cache)
106 silly registry:manifest no matching version for @types/inflight@ts3.6 in the cache. Forcing revalidation.
107 http fetch GET 304 https://registry.npmjs.org/@types%2fescape-html 1363ms (from cache)
108 silly pacote tag manifest for @types/escape-html@ts3.6 fetched in 1398ms
109 http fetch GET 200 https://registry.npmjs.org/@types%2finherits 19ms (from cache)
110 http fetch GET 304 https://registry.npmjs.org/@types%2fglob-parent 726ms (from cache)
111 silly pacote tag manifest for @types/inherits@ts3.6 fetched in 23ms
112 silly pacote tag manifest for @types/glob-parent@ts3.6 fetched in 729ms
113 http fetch GET 200 https://registry.npmjs.org/@types%2fini 29ms (from cache)
114 silly pacote tag manifest for @types/ini@ts3.6 fetched in 32ms
115 http fetch GET 200 https://registry.npmjs.org/@types%2fis-ci 30ms (from cache)
116 silly pacote tag manifest for @types/is-ci@ts3.6 fetched in 32ms
117 http fetch GET 304 https://registry.npmjs.org/@types%2ffs-minipass 944ms (from cache)
118 silly registry:manifest no matching version for @types/fs-minipass@ts3.6 in the cache. Forcing revalidation.
119 http fetch GET 200 https://registry.npmjs.org/@types%2fis-extglob 117ms
120 silly fetchPackageMetaData error for @types/is-extglob@ts3.6 No matching version found for @types/is-extglob@ts3.6.
121 http fetch GET 200 https://registry.npmjs.org/@types%2ffill-range 1276ms
122 silly fetchPackageMetaData error for @types/fill-range@ts3.6 No matching version found for @types/fill-range@ts3.6.
123 http fetch GET 304 https://registry.npmjs.org/@types%2fis-typedarray 122ms (from cache)
124 silly pacote tag manifest for @types/is-typedarray@ts3.6 fetched in 126ms
125 http fetch GET 304 https://registry.npmjs.org/@types%2fis-number 154ms (from cache)
126 silly pacote tag manifest for @types/is-number@ts3.6 fetched in 158ms
127 http fetch GET 304 https://registry.npmjs.org/@types%2fisexe 108ms (from cache)
128 silly pacote tag manifest for @types/isexe@ts3.6 fetched in 111ms
129 http fetch GET 304 https://registry.npmjs.org/@types%2fgauge 1817ms (from cache)
130 silly registry:manifest no matching version for @types/gauge@ts3.6 in the cache. Forcing revalidation.
131 http fetch GET 304 https://registry.npmjs.org/@types%2fhttp-cache-semantics 1805ms (from cache)
132 silly pacote tag manifest for @types/http-cache-semantics@ts3.6 fetched in 1808ms
133 http fetch GET 200 https://registry.npmjs.org/@types%2fjsbn 6ms (from cache)
134 silly pacote tag manifest for @types/jsbn@ts3.6 fetched in 7ms
135 http fetch GET 200 https://registry.npmjs.org/@types%2fjson-buffer 9ms (from cache)
136 silly pacote tag manifest for @types/json-buffer@ts3.6 fetched in 12ms
137 http fetch GET 200 https://registry.npmjs.org/@types%2fjson-schema 6ms (from cache)
138 silly pacote tag manifest for @types/json-schema@ts3.6 fetched in 8ms
139 http fetch GET 200 https://registry.npmjs.org/@types%2fjson-stringify-safe 6ms (from cache)
140 silly pacote tag manifest for @types/json-stringify-safe@ts3.6 fetched in 7ms
141 http fetch GET 200 https://registry.npmjs.org/@types%2fignore-by-default 1677ms
142 silly fetchPackageMetaData error for @types/ignore-by-default@ts3.6 No matching version found for @types/ignore-by-default@ts3.6.
143 http fetch GET 200 https://registry.npmjs.org/@types%2fmedia-typer 16ms (from cache)
144 silly pacote tag manifest for @types/media-typer@ts3.6 fetched in 18ms
145 http fetch GET 304 https://registry.npmjs.org/@types%2fignore-walk 1964ms (from cache)
146 silly pacote tag manifest for @types/ignore-walk@ts3.6 fetched in 1966ms
147 http fetch GET 200 https://registry.npmjs.org/@types%2fmethods 21ms (from cache)
148 silly pacote tag manifest for @types/methods@ts3.6 fetched in 24ms
149 http fetch GET 200 https://registry.npmjs.org/@types%2fmime 18ms (from cache)
150 silly pacote tag manifest for @types/mime@ts3.6 fetched in 19ms
151 http fetch GET 200 https://registry.npmjs.org/@types%2fmime-db 9ms (from cache)
152 silly pacote tag manifest for @types/mime-db@ts3.6 fetched in 12ms
153 http fetch GET 200 https://registry.npmjs.org/@types%2fmime-types 10ms (from cache)
154 silly pacote tag manifest for @types/mime-types@ts3.6 fetched in 11ms
155 http fetch GET 200 https://registry.npmjs.org/@types%2fminimist 11ms (from cache)
156 silly pacote tag manifest for @types/minimist@ts3.6 fetched in 13ms
157 http fetch GET 200 https://registry.npmjs.org/@types%2finflight 1847ms
158 silly fetchPackageMetaData error for @types/inflight@ts3.6 No matching version found for @types/inflight@ts3.6.
159 http fetch GET 200 https://registry.npmjs.org/@types%2fms 17ms (from cache)
160 silly pacote tag manifest for @types/ms@ts3.6 fetched in 19ms
161 http fetch GET 304 https://registry.npmjs.org/@types%2fminizlib 131ms (from cache)
162 silly pacote tag manifest for @types/minizlib@ts3.6 fetched in 138ms
163 http fetch GET 200 https://registry.npmjs.org/@types%2fnegotiator 24ms (from cache)
164 silly pacote tag manifest for @types/negotiator@ts3.6 fetched in 43ms
165 http fetch GET 200 https://registry.npmjs.org/@types%2fnopt 10ms (from cache)
166 http fetch GET 200 https://registry.npmjs.org/@types%2ffs-minipass 1745ms
167 silly fetchPackageMetaData error for @types/fs-minipass@ts3.6 No matching version found for @types/fs-minipass@ts3.6.
168 silly pacote tag manifest for @types/nopt@ts3.6 fetched in 13ms
169 http fetch GET 304 https://registry.npmjs.org/@types%2fis-glob 1843ms (from cache)
170 silly pacote tag manifest for @types/is-glob@ts3.6 fetched in 1845ms
171 http fetch GET 200 https://registry.npmjs.org/@types%2fnpmlog 10ms (from cache)
172 silly pacote tag manifest for @types/npmlog@ts3.6 fetched in 12ms
173 http fetch GET 200 https://registry.npmjs.org/@types%2fnumber-is-nan 4ms (from cache)
174 silly pacote tag manifest for @types/number-is-nan@ts3.6 fetched in 5ms
175 http fetch GET 200 https://registry.npmjs.org/@types%2fobject-assign 13ms (from cache)
176 silly pacote tag manifest for @types/object-assign@ts3.6 fetched in 14ms
177 http fetch GET 304 https://registry.npmjs.org/@types%2fjsprim 655ms (from cache)
178 silly registry:manifest no matching version for @types/jsprim@ts3.6 in the cache. Forcing revalidation.
179 http fetch GET 304 https://registry.npmjs.org/@types%2fisarray 1715ms (from cache)
180 silly pacote tag manifest for @types/isarray@ts3.6 fetched in 1717ms
181 http fetch GET 200 https://registry.npmjs.org/@types%2fonce 11ms (from cache)
182 silly pacote tag manifest for @types/once@ts3.6 fetched in 12ms
183 http fetch GET 304 https://registry.npmjs.org/@types%2fos-homedir 97ms (from cache)
184 silly pacote tag manifest for @types/os-homedir@ts3.6 fetched in 102ms
185 http fetch GET 200 https://registry.npmjs.org/@types%2fos-tmpdir 14ms (from cache)
186 silly pacote tag manifest for @types/os-tmpdir@ts3.6 fetched in 15ms
187 http fetch GET 200 https://registry.npmjs.org/@types%2fosenv 5ms (from cache)
188 silly pacote tag manifest for @types/osenv@ts3.6 fetched in 9ms
189 http fetch GET 200 https://registry.npmjs.org/@types%2fparseurl 21ms (from cache)
190 silly pacote tag manifest for @types/parseurl@ts3.6 fetched in 23ms
191 http fetch GET 304 https://registry.npmjs.org/@types%2fmerge-descriptors 877ms (from cache)
192 silly pacote tag manifest for @types/merge-descriptors@ts3.6 fetched in 878ms
193 http fetch GET 304 https://registry.npmjs.org/@types%2fpath-is-absolute 137ms (from cache)
194 silly pacote tag manifest for @types/path-is-absolute@ts3.6 fetched in 139ms
195 http fetch GET 304 https://registry.npmjs.org/@types%2fpicomatch 139ms (from cache)
196 silly pacote tag manifest for @types/picomatch@ts3.6 fetched in 141ms
197 http fetch GET 304 https://registry.npmjs.org/@types%2fisstream 1984ms (from cache)
198 silly pacote tag manifest for @types/isstream@ts3.6 fetched in 2010ms
199 http fetch GET 304 https://registry.npmjs.org/@types%2fconfigstore 5370ms (from cache)
200 silly pacote tag manifest for @types/configstore@ts3.6 fetched in 5372ms
201 http fetch GET 304 https://registry.npmjs.org/@types%2fpunycode 169ms (from cache)
202 silly pacote tag manifest for @types/punycode@ts3.6 fetched in 173ms
203 http fetch GET 304 https://registry.npmjs.org/@types%2fnpm-packlist 1063ms (from cache)
204 http fetch GET 304 https://registry.npmjs.org/@types%2fqs 234ms (from cache)
205 silly pacote tag manifest for @types/npm-packlist@ts3.6 fetched in 1074ms
206 http fetch GET 304 https://registry.npmjs.org/@types%2fon-finished 1028ms (from cache)
207 silly pacote tag manifest for @types/qs@ts3.6 fetched in 255ms
208 silly pacote tag manifest for @types/on-finished@ts3.6 fetched in 1059ms
209 http fetch GET 304 https://registry.npmjs.org/@types%2frc 196ms (from cache)
210 silly pacote tag manifest for @types/rc@ts3.6 fetched in 202ms
211 http fetch GET 304 https://registry.npmjs.org/@types%2frange-parser 221ms (from cache)
212 silly pacote tag manifest for @types/range-parser@ts3.6 fetched in 230ms
213 http fetch GET 304 https://registry.npmjs.org/@types%2freadable-stream 184ms (from cache)
214 silly pacote tag manifest for @types/readable-stream@ts3.6 fetched in 194ms
215 http fetch GET 200 https://registry.npmjs.org/@types%2frequest 19ms (from cache)
216 silly pacote tag manifest for @types/request@ts3.6 fetched in 33ms
217 http fetch GET 200 https://registry.npmjs.org/@types%2fgauge 2183ms
218 silly fetchPackageMetaData error for @types/gauge@ts3.6 No matching version found for @types/gauge@ts3.6.
219 http fetch GET 304 https://registry.npmjs.org/@types%2fresponselike 107ms (from cache)
220 silly pacote tag manifest for @types/responselike@ts3.6 fetched in 110ms
221 http fetch GET 304 https://registry.npmjs.org/@types%2fsemver 111ms (from cache)
222 silly pacote tag manifest for @types/semver@ts3.6 fetched in 115ms
223 http fetch GET 304 https://registry.npmjs.org/@types%2fsend 109ms (from cache)
224 silly pacote tag manifest for @types/send@ts3.6 fetched in 110ms
225 http fetch GET 200 https://registry.npmjs.org/@types%2fserve-static 21ms (from cache)
226 silly pacote tag manifest for @types/serve-static@ts3.6 fetched in 25ms
227 http fetch GET 304 https://registry.npmjs.org/@types%2fneedle 1803ms (from cache)
228 silly pacote tag manifest for @types/needle@ts3.6 fetched in 1805ms
229 http fetch GET 304 https://registry.npmjs.org/@types%2fnormalize-path 1839ms (from cache)
230 silly pacote tag manifest for @types/normalize-path@ts3.6 fetched in 1842ms
231 http fetch GET 200 https://registry.npmjs.org/@types%2fsshpk 7ms (from cache)
232 silly pacote tag manifest for @types/sshpk@ts3.6 fetched in 13ms
233 http fetch GET 200 https://registry.npmjs.org/@types%2fstatuses 34ms (from cache)
234 silly pacote tag manifest for @types/statuses@ts3.6 fetched in 43ms
235 http fetch GET 200 https://registry.npmjs.org/@types%2fjsprim 1828ms
236 silly fetchPackageMetaData error for @types/jsprim@ts3.6 No matching version found for @types/jsprim@ts3.6.
237 http fetch GET 200 https://registry.npmjs.org/@types%2ftar 10ms (from cache)
238 silly pacote tag manifest for @types/tar@ts3.6 fetched in 16ms
239 http fetch GET 200 https://registry.npmjs.org/@types%2fto-regex-range 19ms (from cache)
240 silly registry:manifest no matching version for @types/to-regex-range@ts3.6 in the cache. Forcing revalidation.
241 http fetch GET 200 https://registry.npmjs.org/@types%2fto-regex-range 87ms
242 silly fetchPackageMetaData error for @types/to-regex-range@ts3.6 No matching version found for @types/to-regex-range@ts3.6.
243 http fetch GET 200 https://registry.npmjs.org/@types%2ftoidentifier 74ms
244 silly fetchPackageMetaData error for @types/toidentifier@ts3.6 No matching version found for @types/toidentifier@ts3.6.
245 http fetch GET 200 https://registry.npmjs.org/@types%2ftouch 4ms (from cache)
246 silly pacote tag manifest for @types/touch@ts3.6 fetched in 5ms
247 http fetch GET 200 https://registry.npmjs.org/@types%2ftough-cookie 11ms (from cache)
248 silly pacote tag manifest for @types/tough-cookie@ts3.6 fetched in 13ms
249 http fetch GET 200 https://registry.npmjs.org/@types%2ftype-is 15ms (from cache)
250 silly pacote tag manifest for @types/type-is@ts3.6 fetched in 16ms
251 http fetch GET 200 https://registry.npmjs.org/@types%2ftypedarray-to-buffer 16ms (from cache)
252 silly registry:manifest no matching version for @types/typedarray-to-buffer@ts3.6 in the cache. Forcing revalidation.
253 http fetch GET 304 https://registry.npmjs.org/@types%2fproxy-addr 1791ms (from cache)
254 silly pacote tag manifest for @types/proxy-addr@ts3.6 fetched in 1793ms
255 http fetch GET 304 https://registry.npmjs.org/@types%2fpsl 1756ms (from cache)
256 http fetch GET 304 https://registry.npmjs.org/@types%2fsafer-buffer 940ms (from cache)
257 http fetch GET 200 https://registry.npmjs.org/@types%2ftypedarray-to-buffer 115ms
258 silly fetchPackageMetaData error for @types/typedarray-to-buffer@ts3.6 No matching version found for @types/typedarray-to-buffer@ts3.6.
259 silly pacote tag manifest for @types/psl@ts3.6 fetched in 1760ms
260 silly pacote tag manifest for @types/safer-buffer@ts3.6 fetched in 945ms
261 http fetch GET 200 https://registry.npmjs.org/@types%2futil-deprecate 28ms (from cache)
262 http fetch GET 200 https://registry.npmjs.org/@types%2futils-merge 28ms (from cache)
263 silly pacote tag manifest for @types/util-deprecate@ts3.6 fetched in 30ms
264 silly pacote tag manifest for @types/utils-merge@ts3.6 fetched in 31ms
265 http fetch GET 200 https://registry.npmjs.org/@types%2fuuid 30ms (from cache)
266 silly pacote tag manifest for @types/uuid@ts3.6 fetched in 34ms
267 http fetch GET 304 https://registry.npmjs.org/@types%2fvary 99ms (from cache)
268 silly pacote tag manifest for @types/vary@ts3.6 fetched in 101ms
269 http fetch GET 304 https://registry.npmjs.org/@types%2fverror 106ms (from cache)
270 silly pacote tag manifest for @types/verror@ts3.6 fetched in 108ms
271 http fetch GET 304 https://registry.npmjs.org/@types%2fpump 1900ms (from cache)
272 silly pacote tag manifest for @types/pump@ts3.6 fetched in 1903ms
273 http fetch GET 304 https://registry.npmjs.org/@types%2fwhich 92ms (from cache)
274 silly pacote tag manifest for @types/which@ts3.6 fetched in 95ms
275 http fetch GET 304 https://registry.npmjs.org/@types%2fwrite-file-atomic 92ms (from cache)
276 silly pacote tag manifest for @types/write-file-atomic@ts3.6 fetched in 94ms
277 http fetch GET 304 https://registry.npmjs.org/@types%2fset-blocking 1232ms (from cache)
278 silly registry:manifest no matching version for @types/set-blocking@ts3.6 in the cache. Forcing revalidation.
279 http fetch GET 304 https://registry.npmjs.org/@types%2fregistry-auth-token 1779ms (from cache)
280 silly pacote tag manifest for @types/registry-auth-token@ts3.6 fetched in 1782ms
281 http fetch GET 200 https://registry.npmjs.org/@types%2furl-parse-lax 882ms
282 silly fetchPackageMetaData error for @types/url-parse-lax@ts3.6 No matching version found for @types/url-parse-lax@ts3.6.
283 http fetch GET 304 https://registry.npmjs.org/@types%2fsax 2031ms (from cache)
284 silly pacote tag manifest for @types/sax@ts3.6 fetched in 2033ms
285 http fetch GET 304 https://registry.npmjs.org/@types%2fsignal-exit 1760ms (from cache)
286 silly pacote tag manifest for @types/signal-exit@ts3.6 fetched in 1762ms
287 http fetch GET 304 https://registry.npmjs.org/@types%2fsupports-color 1748ms (from cache)
288 silly pacote tag manifest for @types/supports-color@ts3.6 fetched in 1749ms
289 http fetch GET 304 https://registry.npmjs.org/@types%2fupdate-notifier 1785ms (from cache)
290 silly pacote tag manifest for @types/update-notifier@ts3.6 fetched in 1786ms
291 http fetch GET 200 https://registry.npmjs.org/@types%2fset-blocking 1228ms
292 silly fetchPackageMetaData error for @types/set-blocking@ts3.6 No matching version found for @types/set-blocking@ts3.6.
293 http fetch GET 304 https://registry.npmjs.org/@types%2fyallist 1804ms (from cache)
294 silly pacote tag manifest for @types/yallist@ts3.6 fetched in 1806ms
295 timing stage:rollbackFailedOptional Completed in 0ms
296 timing stage:runTopLevelLifecycles Completed in 10094ms
297 verbose type tag
298 verbose stack @types/ansi-align: No matching version found for @types/ansi-align@ts3.6.
298 verbose stack     at pickManifest (/usr/local/lib/node_modules/npm/node_modules/npm-pick-manifest/index.js:122:13)
298 verbose stack     at /usr/local/lib/node_modules/npm/node_modules/pacote/lib/fetchers/registry/manifest.js:24:14
298 verbose stack     at tryCatcher (/usr/local/lib/node_modules/npm/node_modules/bluebird/js/release/util.js:16:23)
298 verbose stack     at Promise._settlePromiseFromHandler (/usr/local/lib/node_modules/npm/node_modules/bluebird/js/release/promise.js:517:31)
298 verbose stack     at Promise._settlePromise (/usr/local/lib/node_modules/npm/node_modules/bluebird/js/release/promise.js:574:18)
298 verbose stack     at Promise._settlePromise0 (/usr/local/lib/node_modules/npm/node_modules/bluebird/js/release/promise.js:619:10)
298 verbose stack     at Promise._settlePromises (/usr/local/lib/node_modules/npm/node_modules/bluebird/js/release/promise.js:699:18)
298 verbose stack     at _drainQueueStep (/usr/local/lib/node_modules/npm/node_modules/bluebird/js/release/async.js:138:12)
298 verbose stack     at _drainQueue (/usr/local/lib/node_modules/npm/node_modules/bluebird/js/release/async.js:131:9)
298 verbose stack     at Async._drainQueues (/usr/local/lib/node_modules/npm/node_modules/bluebird/js/release/async.js:147:5)
298 verbose stack     at Immediate.Async.drainQueues [as _onImmediate] (/usr/local/lib/node_modules/npm/node_modules/bluebird/js/release/async.js:17:14)
298 verbose stack     at processImmediate (internal/timers.js:456:21)
299 verbose cwd /home/theia/.cache/typescript/3.6
300 verbose Linux 5.10.102.1-microsoft-standard-WSL2
301 verbose argv "/usr/local/bin/node" "/usr/local/bin/npm" "install" "--ignore-scripts" "@types/abbrev@ts3.6" "@types/accepts@ts3.6" "@types/ansi-align@ts3.6" "@types/are-we-there-yet@ts3.6" "@types/asn1@ts3.6" "@types/assert-plus@ts3.6" "@types/aws4@ts3.6" "@types/balanced-match@ts3.6" "@types/body-parser@ts3.6" "@types/brace-expansion@ts3.6" "@types/braces@ts3.6" "@types/bytes@ts3.6" "@types/caseless@ts3.6" "@types/chownr@ts3.6" "@types/color-convert@ts3.6" "@types/color-name@ts3.6" "@types/combined-stream@ts3.6" "@types/concat-map@ts3.6" "@types/configstore@ts3.6" "@types/content-disposition@ts3.6" "@types/content-type@ts3.6" "@types/cookie@ts3.6" "@types/cookie-signature@ts3.6" "@types/core-util-is@ts3.6" "@types/dashdash@ts3.6" "@types/debug@ts3.6" "@types/deep-extend@ts3.6" "@types/delegates@ts3.6" "@types/depd@ts3.6" "@types/destroy@ts3.6" "@types/detect-libc@ts3.6" "@types/duplexer3@ts3.6" "@types/ee-first@ts3.6" "@types/encodeurl@ts3.6" "@types/end-of-stream@ts3.6" "@types/escape-html@ts3.6" "@types/etag@ts3.6" "@types/extend@ts3.6" "@types/extsprintf@ts3.6" "@types/fill-range@ts3.6" "@types/finalhandler@ts3.6" "@types/forever-agent@ts3.6" "@types/forwarded@ts3.6" "@types/fresh@ts3.6" "@types/fs-minipass@ts3.6" "@types/gauge@ts3.6" "@types/getpass@ts3.6" "@types/glob-parent@ts3.6" "@types/graceful-fs@ts3.6" "@types/http-cache-semantics@ts3.6" "@types/http-errors@ts3.6" "@types/http-signature@ts3.6" "@types/ignore-by-default@ts3.6" "@types/ignore-walk@ts3.6" "@types/imurmurhash@ts3.6" "@types/inflight@ts3.6" "@types/inherits@ts3.6" "@types/ini@ts3.6" "@types/is-ci@ts3.6" "@types/is-extglob@ts3.6" "@types/is-glob@ts3.6" "@types/is-number@ts3.6" "@types/is-typedarray@ts3.6" "@types/isarray@ts3.6" "@types/isexe@ts3.6" "@types/isstream@ts3.6" "@types/jsbn@ts3.6" "@types/json-buffer@ts3.6" "@types/json-schema@ts3.6" "@types/json-stringify-safe@ts3.6" "@types/jsprim@ts3.6" "@types/media-typer@ts3.6" "@types/merge-descriptors@ts3.6" "@types/methods@ts3.6" "@types/mime@ts3.6" "@types/mime-db@ts3.6" "@types/mime-types@ts3.6" "@types/minimist@ts3.6" "@types/minizlib@ts3.6" "@types/ms@ts3.6" "@types/needle@ts3.6" "@types/negotiator@ts3.6" "@types/nopt@ts3.6" "@types/normalize-path@ts3.6" "@types/npm-packlist@ts3.6" "@types/npmlog@ts3.6" "@types/number-is-nan@ts3.6" "@types/object-assign@ts3.6" "@types/on-finished@ts3.6" "@types/once@ts3.6" "@types/os-homedir@ts3.6" "@types/os-tmpdir@ts3.6" "@types/osenv@ts3.6" "@types/parseurl@ts3.6" "@types/path-is-absolute@ts3.6" "@types/picomatch@ts3.6" "@types/proxy-addr@ts3.6" "@types/psl@ts3.6" "@types/pump@ts3.6" "@types/punycode@ts3.6" "@types/qs@ts3.6" "@types/range-parser@ts3.6" "@types/rc@ts3.6" "@types/readable-stream@ts3.6" "@types/registry-auth-token@ts3.6" "@types/request@ts3.6" "@types/responselike@ts3.6" "@types/safer-buffer@ts3.6" "@types/sax@ts3.6" "@types/semver@ts3.6" "@types/send@ts3.6" "@types/serve-static@ts3.6" "@types/set-blocking@ts3.6" "@types/signal-exit@ts3.6" "@types/sshpk@ts3.6" "@types/statuses@ts3.6" "@types/supports-color@ts3.6" "@types/tar@ts3.6" "@types/to-regex-range@ts3.6" "@types/toidentifier@ts3.6" "@types/touch@ts3.6" "@types/tough-cookie@ts3.6" "@types/type-is@ts3.6" "@types/typedarray-to-buffer@ts3.6" "@types/update-notifier@ts3.6" "@types/url-parse-lax@ts3.6" "@types/util-deprecate@ts3.6" "@types/utils-merge@ts3.6" "@types/uuid@ts3.6" "@types/vary@ts3.6" "@types/verror@ts3.6" "@types/which@ts3.6" "@types/write-file-atomic@ts3.6" "@types/yallist@ts3.6" "--save-dev" "--user-agent=typesInstaller/3.6.3"
302 verbose node v12.18.3
303 verbose npm  v6.14.6
304 error code ETARGET
305 error notarget No matching version found for @types/ansi-align@ts3.6.
306 error notarget In most cases you or one of your dependencies are requesting
306 error notarget a package version that doesn't exist.
307 verbose exit [ 1, true ]
