0 info it worked if it ends with ok
1 verbose cli [
1 verbose cli   '/usr/local/bin/node',
1 verbose cli   '/usr/local/bin/npm',
1 verbose cli   'install',
1 verbose cli   '--ignore-scripts',
1 verbose cli   '@types/abbrev@ts3.6',
1 verbose cli   '@types/accepts@ts3.6',
1 verbose cli   '@types/ansi-align@ts3.6',
1 verbose cli   '@types/are-we-there-yet@ts3.6',
1 verbose cli   '@types/asn1@ts3.6',
1 verbose cli   '@types/assert-plus@ts3.6',
1 verbose cli   '@types/aws4@ts3.6',
1 verbose cli   '@types/balanced-match@ts3.6',
1 verbose cli   '@types/body-parser@ts3.6',
1 verbose cli   '@types/brace-expansion@ts3.6',
1 verbose cli   '@types/braces@ts3.6',
1 verbose cli   '@types/bytes@ts3.6',
1 verbose cli   '@types/caseless@ts3.6',
1 verbose cli   '@types/chownr@ts3.6',
1 verbose cli   '@types/color-convert@ts3.6',
1 verbose cli   '@types/color-name@ts3.6',
1 verbose cli   '@types/combined-stream@ts3.6',
1 verbose cli   '@types/concat-map@ts3.6',
1 verbose cli   '@types/configstore@ts3.6',
1 verbose cli   '@types/content-disposition@ts3.6',
1 verbose cli   '@types/content-type@ts3.6',
1 verbose cli   '@types/cookie@ts3.6',
1 verbose cli   '@types/cookie-signature@ts3.6',
1 verbose cli   '@types/core-util-is@ts3.6',
1 verbose cli   '@types/dashdash@ts3.6',
1 verbose cli   '@types/debug@ts3.6',
1 verbose cli   '@types/deep-extend@ts3.6',
1 verbose cli   '@types/delegates@ts3.6',
1 verbose cli   '@types/depd@ts3.6',
1 verbose cli   '@types/destroy@ts3.6',
1 verbose cli   '@types/detect-libc@ts3.6',
1 verbose cli   '@types/duplexer3@ts3.6',
1 verbose cli   '@types/ee-first@ts3.6',
1 verbose cli   '@types/encodeurl@ts3.6',
1 verbose cli   '@types/end-of-stream@ts3.6',
1 verbose cli   '@types/escape-html@ts3.6',
1 verbose cli   '@types/etag@ts3.6',
1 verbose cli   '@types/extend@ts3.6',
1 verbose cli   '@types/extsprintf@ts3.6',
1 verbose cli   '@types/fill-range@ts3.6',
1 verbose cli   '@types/finalhandler@ts3.6',
1 verbose cli   '@types/forever-agent@ts3.6',
1 verbose cli   '@types/forwarded@ts3.6',
1 verbose cli   '@types/fresh@ts3.6',
1 verbose cli   '@types/fs-minipass@ts3.6',
1 verbose cli   '@types/gauge@ts3.6',
1 verbose cli   '@types/getpass@ts3.6',
1 verbose cli   '@types/glob-parent@ts3.6',
1 verbose cli   '@types/graceful-fs@ts3.6',
1 verbose cli   '@types/http-cache-semantics@ts3.6',
1 verbose cli   '@types/http-errors@ts3.6',
1 verbose cli   '@types/http-signature@ts3.6',
1 verbose cli   '@types/ignore-by-default@ts3.6',
1 verbose cli   '@types/ignore-walk@ts3.6',
1 verbose cli   '@types/imurmurhash@ts3.6',
1 verbose cli   '@types/inflight@ts3.6',
1 verbose cli   '@types/inherits@ts3.6',
1 verbose cli   '@types/ini@ts3.6',
1 verbose cli   '@types/is-ci@ts3.6',
1 verbose cli   '@types/is-extglob@ts3.6',
1 verbose cli   '@types/is-glob@ts3.6',
1 verbose cli   '@types/is-number@ts3.6',
1 verbose cli   '@types/is-typedarray@ts3.6',
1 verbose cli   '@types/isarray@ts3.6',
1 verbose cli   '@types/isexe@ts3.6',
1 verbose cli   '@types/isstream@ts3.6',
1 verbose cli   '@types/jsbn@ts3.6',
1 verbose cli   '@types/json-buffer@ts3.6',
1 verbose cli   '@types/json-schema@ts3.6',
1 verbose cli   '@types/json-stringify-safe@ts3.6',
1 verbose cli   '@types/jsprim@ts3.6',
1 verbose cli   '@types/media-typer@ts3.6',
1 verbose cli   '@types/merge-descriptors@ts3.6',
1 verbose cli   '@types/methods@ts3.6',
1 verbose cli   '@types/mime@ts3.6',
1 verbose cli   '@types/mime-db@ts3.6',
1 verbose cli   '@types/mime-types@ts3.6',
1 verbose cli   '@types/minimist@ts3.6',
1 verbose cli   '@types/minizlib@ts3.6',
1 verbose cli   '@types/ms@ts3.6',
1 verbose cli   '@types/needle@ts3.6',
1 verbose cli   '@types/negotiator@ts3.6',
1 verbose cli   '@types/nopt@ts3.6',
1 verbose cli   '@types/normalize-path@ts3.6',
1 verbose cli   '@types/npm-packlist@ts3.6',
1 verbose cli   '@types/npmlog@ts3.6',
1 verbose cli   '@types/number-is-nan@ts3.6',
1 verbose cli   '@types/object-assign@ts3.6',
1 verbose cli   '@types/on-finished@ts3.6',
1 verbose cli   '@types/once@ts3.6',
1 verbose cli   '@types/os-homedir@ts3.6',
1 verbose cli   '@types/os-tmpdir@ts3.6',
1 verbose cli   '@types/osenv@ts3.6',
1 verbose cli   '@types/parseurl@ts3.6',
1 verbose cli   '@types/path-is-absolute@ts3.6',
1 verbose cli   '@types/picomatch@ts3.6',
1 verbose cli   ... 40 more items
1 verbose cli ]
2 info using npm@6.14.6
3 info using node@v12.18.3
4 verbose npm-session 104dd4e76b4467f1
5 silly install loadCurrentTree
6 silly install readLocalPackageData
7 http fetch GET 200 https://registry.npmjs.org/@types%2fabbrev 170ms (from cache)
8 http fetch GET 200 https://registry.npmjs.org/@types%2fasn1 168ms (from cache)
9 http fetch GET 200 https://registry.npmjs.org/@types%2fare-we-there-yet 170ms (from cache)
10 http fetch GET 200 https://registry.npmjs.org/@types%2faws4 170ms (from cache)
11 http fetch GET 200 https://registry.npmjs.org/@types%2faccepts 176ms (from cache)
12 http fetch GET 200 https://registry.npmjs.org/@types%2fbalanced-match 171ms (from cache)
13 http fetch GET 200 https://registry.npmjs.org/@types%2fbody-parser 170ms (from cache)
14 http fetch GET 200 https://registry.npmjs.org/@types%2fbrace-expansion 170ms (from cache)
15 silly pacote tag manifest for @types/abbrev@ts3.6 fetched in 188ms
16 silly pacote tag manifest for @types/asn1@ts3.6 fetched in 180ms
17 silly pacote tag manifest for @types/are-we-there-yet@ts3.6 fetched in 181ms
18 silly pacote tag manifest for @types/aws4@ts3.6 fetched in 182ms
19 silly pacote tag manifest for @types/accepts@ts3.6 fetched in 191ms
20 silly pacote tag manifest for @types/balanced-match@ts3.6 fetched in 187ms
21 silly pacote tag manifest for @types/body-parser@ts3.6 fetched in 186ms
22 silly pacote tag manifest for @types/brace-expansion@ts3.6 fetched in 186ms
23 http fetch GET 200 https://registry.npmjs.org/@types%2fcaseless 130ms (from cache)
24 http fetch GET 200 https://registry.npmjs.org/@types%2fbraces 142ms (from cache)
25 http fetch GET 200 https://registry.npmjs.org/@types%2fbytes 143ms (from cache)
26 http fetch GET 200 https://registry.npmjs.org/@types%2fcolor-convert 138ms (from cache)
27 silly pacote tag manifest for @types/caseless@ts3.6 fetched in 147ms
28 http fetch GET 200 https://registry.npmjs.org/@types%2fconcat-map 138ms (from cache)
29 silly pacote tag manifest for @types/braces@ts3.6 fetched in 152ms
30 silly pacote tag manifest for @types/bytes@ts3.6 fetched in 152ms
31 silly pacote tag manifest for @types/color-convert@ts3.6 fetched in 146ms
32 silly pacote tag manifest for @types/concat-map@ts3.6 fetched in 148ms
33 http fetch GET 200 https://registry.npmjs.org/@types%2fconfigstore 43ms (from cache)
34 http fetch GET 200 https://registry.npmjs.org/@types%2fcontent-disposition 57ms (from cache)
35 http fetch GET 200 https://registry.npmjs.org/@types%2fcontent-type 58ms (from cache)
36 silly pacote tag manifest for @types/configstore@ts3.6 fetched in 61ms
37 http fetch GET 200 https://registry.npmjs.org/@types%2fcookie 58ms (from cache)
38 http fetch GET 200 https://registry.npmjs.org/@types%2fcookie-signature 54ms (from cache)
39 silly pacote tag manifest for @types/content-disposition@ts3.6 fetched in 63ms
40 silly pacote tag manifest for @types/content-type@ts3.6 fetched in 65ms
41 silly pacote tag manifest for @types/cookie@ts3.6 fetched in 64ms
42 silly pacote tag manifest for @types/cookie-signature@ts3.6 fetched in 60ms
43 http fetch GET 200 https://registry.npmjs.org/@types%2fdashdash 53ms (from cache)
44 http fetch GET 200 https://registry.npmjs.org/@types%2fdeep-extend 53ms (from cache)
45 silly pacote tag manifest for @types/dashdash@ts3.6 fetched in 60ms
46 silly pacote tag manifest for @types/deep-extend@ts3.6 fetched in 62ms
47 http fetch GET 304 https://registry.npmjs.org/@types%2fcolor-name 321ms (from cache)
48 silly pacote tag manifest for @types/color-name@ts3.6 fetched in 322ms
49 http fetch GET 200 https://registry.npmjs.org/@types%2fdetect-libc 5ms (from cache)
50 silly pacote tag manifest for @types/detect-libc@ts3.6 fetched in 7ms
51 http fetch GET 200 https://registry.npmjs.org/@types%2fduplexer3 3ms (from cache)
52 silly pacote tag manifest for @types/duplexer3@ts3.6 fetched in 5ms
53 http fetch GET 200 https://registry.npmjs.org/@types%2fee-first 12ms (from cache)
54 silly pacote tag manifest for @types/ee-first@ts3.6 fetched in 13ms
55 http fetch GET 200 https://registry.npmjs.org/@types%2fencodeurl 11ms (from cache)
56 silly pacote tag manifest for @types/encodeurl@ts3.6 fetched in 24ms
57 http fetch GET 304 https://registry.npmjs.org/@types%2fdestroy 163ms (from cache)
58 http fetch GET 304 https://registry.npmjs.org/@types%2fdebug 230ms (from cache)
59 silly pacote tag manifest for @types/destroy@ts3.6 fetched in 166ms
60 http fetch GET 304 https://registry.npmjs.org/@types%2fdepd 173ms (from cache)
61 silly pacote tag manifest for @types/debug@ts3.6 fetched in 234ms
62 http fetch GET 304 https://registry.npmjs.org/@types%2fcore-util-is 240ms (from cache)
63 silly registry:manifest no matching version for @types/core-util-is@ts3.6 in the cache. Forcing revalidation.
64 silly pacote tag manifest for @types/depd@ts3.6 fetched in 186ms
65 http fetch GET 200 https://registry.npmjs.org/@types%2fescape-html 27ms (from cache)
66 http fetch GET 200 https://registry.npmjs.org/@types%2fetag 45ms (from cache)
67 silly pacote tag manifest for @types/escape-html@ts3.6 fetched in 49ms
68 http fetch GET 200 https://registry.npmjs.org/@types%2fextend 35ms (from cache)
69 silly pacote tag manifest for @types/etag@ts3.6 fetched in 50ms
70 silly pacote tag manifest for @types/extend@ts3.6 fetched in 41ms
71 http fetch GET 200 https://registry.npmjs.org/@types%2fextsprintf 10ms (from cache)
72 silly pacote tag manifest for @types/extsprintf@ts3.6 fetched in 11ms
73 http fetch GET 200 https://registry.npmjs.org/@types%2ffinalhandler 33ms (from cache)
74 http fetch GET 200 https://registry.npmjs.org/@types%2fforever-agent 30ms (from cache)
75 silly pacote tag manifest for @types/finalhandler@ts3.6 fetched in 36ms
76 silly pacote tag manifest for @types/forever-agent@ts3.6 fetched in 32ms
77 http fetch GET 200 https://registry.npmjs.org/@types%2fforwarded 25ms (from cache)
78 http fetch GET 200 https://registry.npmjs.org/@types%2ffresh 25ms (from cache)
79 silly pacote tag manifest for @types/forwarded@ts3.6 fetched in 27ms
80 silly pacote tag manifest for @types/fresh@ts3.6 fetched in 27ms
81 http fetch GET 200 https://registry.npmjs.org/@types%2fcore-util-is 131ms
82 silly fetchPackageMetaData error for @types/core-util-is@ts3.6 No matching version found for @types/core-util-is@ts3.6.
83 http fetch GET 200 https://registry.npmjs.org/@types%2fgauge 26ms (from cache)
84 http fetch GET 200 https://registry.npmjs.org/@types%2ffs-minipass 29ms (from cache)
85 silly registry:manifest no matching version for @types/gauge@ts3.6 in the cache. Forcing revalidation.
86 silly registry:manifest no matching version for @types/fs-minipass@ts3.6 in the cache. Forcing revalidation.
87 http fetch GET 200 https://registry.npmjs.org/@types%2ffill-range 115ms
88 silly fetchPackageMetaData error for @types/fill-range@ts3.6 No matching version found for @types/fill-range@ts3.6.
89 http fetch GET 200 https://registry.npmjs.org/@types%2fgetpass 25ms (from cache)
90 silly pacote tag manifest for @types/getpass@ts3.6 fetched in 28ms
91 http fetch GET 200 https://registry.npmjs.org/@types%2fgraceful-fs 18ms (from cache)
92 silly pacote tag manifest for @types/graceful-fs@ts3.6 fetched in 20ms
93 http fetch GET 304 https://registry.npmjs.org/@types%2fchownr 1604ms (from cache)
94 silly pacote tag manifest for @types/chownr@ts3.6 fetched in 1605ms
95 http fetch GET 304 https://registry.npmjs.org/@types%2fhttp-errors 74ms (from cache)
96 silly pacote tag manifest for @types/http-errors@ts3.6 fetched in 76ms
97 http fetch GET 200 https://registry.npmjs.org/@types%2fhttp-signature 6ms (from cache)
98 silly registry:manifest no matching version for @types/http-signature@ts3.6 in the cache. Forcing revalidation.
99 http fetch GET 200 https://registry.npmjs.org/@types%2ffs-minipass 1449ms
100 silly fetchPackageMetaData error for @types/fs-minipass@ts3.6 No matching version found for @types/fs-minipass@ts3.6.
101 http fetch GET 200 https://registry.npmjs.org/@types%2fignore-by-default 8ms (from cache)
102 silly registry:manifest no matching version for @types/ignore-by-default@ts3.6 in the cache. Forcing revalidation.
103 http fetch GET 200 https://registry.npmjs.org/@types%2fgauge 1514ms
104 silly fetchPackageMetaData error for @types/gauge@ts3.6 No matching version found for @types/gauge@ts3.6.
105 http fetch GET 200 https://registry.npmjs.org/@types%2fignore-walk 5ms (from cache)
106 silly pacote tag manifest for @types/ignore-walk@ts3.6 fetched in 7ms
107 http fetch GET 200 https://registry.npmjs.org/@types%2fimurmurhash 12ms (from cache)
108 silly pacote tag manifest for @types/imurmurhash@ts3.6 fetched in 14ms
109 http fetch GET 200 https://registry.npmjs.org/@types%2fansi-align 2619ms
110 silly fetchPackageMetaData error for @types/ansi-align@ts3.6 No matching version found for @types/ansi-align@ts3.6.
111 http fetch GET 200 https://registry.npmjs.org/@types%2finherits 25ms (from cache)
112 silly pacote tag manifest for @types/inherits@ts3.6 fetched in 27ms
113 http fetch GET 200 https://registry.npmjs.org/@types%2fini 10ms (from cache)
114 http fetch GET 304 https://registry.npmjs.org/@types%2fcombined-stream 2465ms (from cache)
115 silly pacote tag manifest for @types/ini@ts3.6 fetched in 12ms
116 silly pacote tag manifest for @types/combined-stream@ts3.6 fetched in 2467ms
117 http fetch GET 304 https://registry.npmjs.org/@types%2fassert-plus 2660ms (from cache)
118 silly pacote tag manifest for @types/assert-plus@ts3.6 fetched in 2668ms
119 http fetch GET 200 https://registry.npmjs.org/@types%2fis-ci 22ms (from cache)
120 silly pacote tag manifest for @types/is-ci@ts3.6 fetched in 24ms
121 http fetch GET 200 https://registry.npmjs.org/@types%2fis-glob 23ms (from cache)
122 silly pacote tag manifest for @types/is-glob@ts3.6 fetched in 40ms
123 http fetch GET 200 https://registry.npmjs.org/@types%2fis-typedarray 10ms (from cache)
124 silly pacote tag manifest for @types/is-typedarray@ts3.6 fetched in 11ms
125 http fetch GET 200 https://registry.npmjs.org/@types%2fisarray 11ms (from cache)
126 silly pacote tag manifest for @types/isarray@ts3.6 fetched in 13ms
127 http fetch GET 200 https://registry.npmjs.org/@types%2fis-extglob 83ms
128 silly fetchPackageMetaData error for @types/is-extglob@ts3.6 No matching version found for @types/is-extglob@ts3.6.
129 http fetch GET 200 https://registry.npmjs.org/@types%2fisstream 5ms (from cache)
130 silly pacote tag manifest for @types/isstream@ts3.6 fetched in 6ms
131 http fetch GET 200 https://registry.npmjs.org/@types%2fjsbn 4ms (from cache)
132 silly pacote tag manifest for @types/jsbn@ts3.6 fetched in 6ms
133 http fetch GET 200 https://registry.npmjs.org/@types%2fjson-buffer 7ms (from cache)
134 silly pacote tag manifest for @types/json-buffer@ts3.6 fetched in 10ms
135 http fetch GET 304 https://registry.npmjs.org/@types%2fjson-schema 66ms (from cache)
136 silly pacote tag manifest for @types/json-schema@ts3.6 fetched in 68ms
137 http fetch GET 200 https://registry.npmjs.org/@types%2fdelegates 2436ms
138 silly fetchPackageMetaData error for @types/delegates@ts3.6 No matching version found for @types/delegates@ts3.6.
139 http fetch GET 200 https://registry.npmjs.org/@types%2fjson-stringify-safe 6ms (from cache)
140 silly pacote tag manifest for @types/json-stringify-safe@ts3.6 fetched in 8ms
141 http fetch GET 200 https://registry.npmjs.org/@types%2fjsprim 14ms (from cache)
142 silly registry:manifest no matching version for @types/jsprim@ts3.6 in the cache. Forcing revalidation.
143 http fetch GET 200 https://registry.npmjs.org/@types%2fmedia-typer 14ms (from cache)
144 silly pacote tag manifest for @types/media-typer@ts3.6 fetched in 18ms
145 http fetch GET 304 https://registry.npmjs.org/@types%2fend-of-stream 2379ms (from cache)
146 silly pacote tag manifest for @types/end-of-stream@ts3.6 fetched in 2380ms
147 http fetch GET 200 https://registry.npmjs.org/@types%2fmethods 10ms (from cache)
148 silly pacote tag manifest for @types/methods@ts3.6 fetched in 12ms
149 http fetch GET 200 https://registry.npmjs.org/@types%2fmime 13ms (from cache)
150 silly pacote tag manifest for @types/mime@ts3.6 fetched in 21ms
151 http fetch GET 200 https://registry.npmjs.org/@types%2fmime-db 22ms (from cache)
152 silly pacote tag manifest for @types/mime-db@ts3.6 fetched in 25ms
153 http fetch GET 304 https://registry.npmjs.org/@types%2fglob-parent 2211ms (from cache)
154 silly pacote tag manifest for @types/glob-parent@ts3.6 fetched in 2212ms
155 http fetch GET 304 https://registry.npmjs.org/@types%2finflight 700ms (from cache)
156 silly registry:manifest no matching version for @types/inflight@ts3.6 in the cache. Forcing revalidation.
157 http fetch GET 200 https://registry.npmjs.org/@types%2fminimist 13ms (from cache)
158 silly pacote tag manifest for @types/minimist@ts3.6 fetched in 26ms
159 http fetch GET 200 https://registry.npmjs.org/@types%2fminizlib 9ms (from cache)
160 silly pacote tag manifest for @types/minizlib@ts3.6 fetched in 10ms
161 http fetch GET 200 https://registry.npmjs.org/@types%2fms 9ms (from cache)
162 silly pacote tag manifest for @types/ms@ts3.6 fetched in 17ms
163 http fetch GET 200 https://registry.npmjs.org/@types%2fneedle 4ms (from cache)
164 silly pacote tag manifest for @types/needle@ts3.6 fetched in 5ms
165 http fetch GET 304 https://registry.npmjs.org/@types%2fmime-types 81ms (from cache)
166 silly pacote tag manifest for @types/mime-types@ts3.6 fetched in 83ms
167 http fetch GET 200 https://registry.npmjs.org/@types%2fnegotiator 11ms (from cache)
168 silly pacote tag manifest for @types/negotiator@ts3.6 fetched in 14ms
169 http fetch GET 200 https://registry.npmjs.org/@types%2fnopt 4ms (from cache)
170 silly pacote tag manifest for @types/nopt@ts3.6 fetched in 11ms
171 http fetch GET 200 https://registry.npmjs.org/@types%2fnormalize-path 11ms (from cache)
172 silly pacote tag manifest for @types/normalize-path@ts3.6 fetched in 15ms
173 http fetch GET 200 https://registry.npmjs.org/@types%2fnpm-packlist 5ms (from cache)
174 silly pacote tag manifest for @types/npm-packlist@ts3.6 fetched in 8ms
175 http fetch GET 200 https://registry.npmjs.org/@types%2fnpmlog 6ms (from cache)
176 silly pacote tag manifest for @types/npmlog@ts3.6 fetched in 8ms
177 http fetch GET 200 https://registry.npmjs.org/@types%2fnumber-is-nan 4ms (from cache)
178 silly pacote tag manifest for @types/number-is-nan@ts3.6 fetched in 13ms
179 http fetch GET 200 https://registry.npmjs.org/@types%2fon-finished 9ms (from cache)
180 silly pacote tag manifest for @types/on-finished@ts3.6 fetched in 12ms
181 http fetch GET 200 https://registry.npmjs.org/@types%2fonce 10ms (from cache)
182 silly pacote tag manifest for @types/once@ts3.6 fetched in 12ms
183 http fetch GET 200 https://registry.npmjs.org/@types%2fos-homedir 6ms (from cache)
184 silly pacote tag manifest for @types/os-homedir@ts3.6 fetched in 8ms
185 http fetch GET 200 https://registry.npmjs.org/@types%2fos-tmpdir 6ms (from cache)
186 silly pacote tag manifest for @types/os-tmpdir@ts3.6 fetched in 8ms
187 http fetch GET 200 https://registry.npmjs.org/@types%2fosenv 5ms (from cache)
188 silly pacote tag manifest for @types/osenv@ts3.6 fetched in 6ms
189 http fetch GET 200 https://registry.npmjs.org/@types%2fparseurl 18ms (from cache)
190 silly pacote tag manifest for @types/parseurl@ts3.6 fetched in 21ms
191 http fetch GET 304 https://registry.npmjs.org/@types%2fhttp-cache-semantics 2382ms (from cache)
192 silly pacote tag manifest for @types/http-cache-semantics@ts3.6 fetched in 2384ms
193 http fetch GET 200 https://registry.npmjs.org/@types%2fpicomatch 14ms (from cache)
194 silly pacote tag manifest for @types/picomatch@ts3.6 fetched in 16ms
195 http fetch GET 200 https://registry.npmjs.org/@types%2fproxy-addr 15ms (from cache)
196 silly pacote tag manifest for @types/proxy-addr@ts3.6 fetched in 16ms
197 http fetch GET 200 https://registry.npmjs.org/@types%2fpsl 15ms (from cache)
198 silly pacote tag manifest for @types/psl@ts3.6 fetched in 17ms
199 http fetch GET 200 https://registry.npmjs.org/@types%2fpump 10ms (from cache)
200 silly pacote tag manifest for @types/pump@ts3.6 fetched in 11ms
201 http fetch GET 200 https://registry.npmjs.org/@types%2fpunycode 8ms (from cache)
202 silly pacote tag manifest for @types/punycode@ts3.6 fetched in 9ms
203 http fetch GET 200 https://registry.npmjs.org/@types%2fqs 10ms (from cache)
204 silly pacote tag manifest for @types/qs@ts3.6 fetched in 12ms
205 http fetch GET 304 https://registry.npmjs.org/@types%2frange-parser 96ms (from cache)
206 silly pacote tag manifest for @types/range-parser@ts3.6 fetched in 99ms
207 http fetch GET 200 https://registry.npmjs.org/@types%2frc 11ms (from cache)
208 silly pacote tag manifest for @types/rc@ts3.6 fetched in 13ms
209 http fetch GET 200 https://registry.npmjs.org/@types%2freadable-stream 9ms (from cache)
210 silly pacote tag manifest for @types/readable-stream@ts3.6 fetched in 11ms
211 http fetch GET 200 https://registry.npmjs.org/@types%2fregistry-auth-token 3ms (from cache)
212 silly pacote tag manifest for @types/registry-auth-token@ts3.6 fetched in 4ms
213 http fetch GET 200 https://registry.npmjs.org/@types%2frequest 4ms (from cache)
214 silly pacote tag manifest for @types/request@ts3.6 fetched in 6ms
215 http fetch GET 200 https://registry.npmjs.org/@types%2fresponselike 4ms (from cache)
216 silly pacote tag manifest for @types/responselike@ts3.6 fetched in 5ms
217 http fetch GET 200 https://registry.npmjs.org/@types%2fsafer-buffer 9ms (from cache)
218 silly pacote tag manifest for @types/safer-buffer@ts3.6 fetched in 11ms
219 http fetch GET 200 https://registry.npmjs.org/@types%2fsax 12ms (from cache)
220 silly pacote tag manifest for @types/sax@ts3.6 fetched in 13ms
221 http fetch GET 200 https://registry.npmjs.org/@types%2fsemver 13ms (from cache)
222 silly pacote tag manifest for @types/semver@ts3.6 fetched in 15ms
223 http fetch GET 200 https://registry.npmjs.org/@types%2fsend 16ms (from cache)
224 silly pacote tag manifest for @types/send@ts3.6 fetched in 19ms
225 http fetch GET 200 https://registry.npmjs.org/@types%2fserve-static 13ms (from cache)
226 silly pacote tag manifest for @types/serve-static@ts3.6 fetched in 14ms
227 http fetch GET 200 https://registry.npmjs.org/@types%2fset-blocking 19ms (from cache)
228 silly registry:manifest no matching version for @types/set-blocking@ts3.6 in the cache. Forcing revalidation.
229 http fetch GET 200 https://registry.npmjs.org/@types%2fhttp-signature 2232ms
230 silly fetchPackageMetaData error for @types/http-signature@ts3.6 No matching version found for @types/http-signature@ts3.6.
231 http fetch GET 200 https://registry.npmjs.org/@types%2fsignal-exit 17ms (from cache)
232 silly pacote tag manifest for @types/signal-exit@ts3.6 fetched in 18ms
233 http fetch GET 200 https://registry.npmjs.org/@types%2fsshpk 5ms (from cache)
234 silly pacote tag manifest for @types/sshpk@ts3.6 fetched in 6ms
235 http fetch GET 200 https://registry.npmjs.org/@types%2fstatuses 9ms (from cache)
236 silly pacote tag manifest for @types/statuses@ts3.6 fetched in 11ms
237 http fetch GET 200 https://registry.npmjs.org/@types%2fsupports-color 10ms (from cache)
238 silly pacote tag manifest for @types/supports-color@ts3.6 fetched in 11ms
239 http fetch GET 200 https://registry.npmjs.org/@types%2ftar 11ms (from cache)
240 silly pacote tag manifest for @types/tar@ts3.6 fetched in 12ms
241 http fetch GET 200 https://registry.npmjs.org/@types%2fto-regex-range 17ms (from cache)
242 silly registry:manifest no matching version for @types/to-regex-range@ts3.6 in the cache. Forcing revalidation.
243 http fetch GET 304 https://registry.npmjs.org/@types%2fisexe 1548ms (from cache)
244 silly pacote tag manifest for @types/isexe@ts3.6 fetched in 1550ms
245 http fetch GET 200 https://registry.npmjs.org/@types%2fignore-by-default 2421ms
246 silly fetchPackageMetaData error for @types/ignore-by-default@ts3.6 No matching version found for @types/ignore-by-default@ts3.6.
247 http fetch GET 200 https://registry.npmjs.org/@types%2ftouch 5ms (from cache)
248 silly pacote tag manifest for @types/touch@ts3.6 fetched in 9ms
249 http fetch GET 200 https://registry.npmjs.org/@types%2ftough-cookie 12ms (from cache)
250 silly pacote tag manifest for @types/tough-cookie@ts3.6 fetched in 14ms
251 http fetch GET 200 https://registry.npmjs.org/@types%2ftype-is 10ms (from cache)
252 silly pacote tag manifest for @types/type-is@ts3.6 fetched in 12ms
253 http fetch GET 200 https://registry.npmjs.org/@types%2ftypedarray-to-buffer 28ms (from cache)
254 silly registry:manifest no matching version for @types/typedarray-to-buffer@ts3.6 in the cache. Forcing revalidation.
255 http fetch GET 304 https://registry.npmjs.org/@types%2fpath-is-absolute 1571ms (from cache)
256 silly pacote tag manifest for @types/path-is-absolute@ts3.6 fetched in 1575ms
257 http fetch GET 200 https://registry.npmjs.org/@types%2fupdate-notifier 7ms (from cache)
258 silly pacote tag manifest for @types/update-notifier@ts3.6 fetched in 12ms
259 http fetch GET 304 https://registry.npmjs.org/@types%2fis-number 2428ms (from cache)
260 silly pacote tag manifest for @types/is-number@ts3.6 fetched in 2429ms
261 http fetch GET 200 https://registry.npmjs.org/@types%2futil-deprecate 10ms (from cache)
262 silly pacote tag manifest for @types/util-deprecate@ts3.6 fetched in 12ms
263 http fetch GET 200 https://registry.npmjs.org/@types%2futils-merge 9ms (from cache)
264 silly pacote tag manifest for @types/utils-merge@ts3.6 fetched in 10ms
265 http fetch GET 200 https://registry.npmjs.org/@types%2fuuid 9ms (from cache)
266 silly pacote tag manifest for @types/uuid@ts3.6 fetched in 11ms
267 http fetch GET 200 https://registry.npmjs.org/@types%2fvary 9ms (from cache)
268 silly pacote tag manifest for @types/vary@ts3.6 fetched in 10ms
269 http fetch GET 200 https://registry.npmjs.org/@types%2fverror 4ms (from cache)
270 silly pacote tag manifest for @types/verror@ts3.6 fetched in 5ms
271 http fetch GET 200 https://registry.npmjs.org/@types%2fwhich 15ms (from cache)
272 silly pacote tag manifest for @types/which@ts3.6 fetched in 17ms
273 http fetch GET 200 https://registry.npmjs.org/@types%2fjsprim 2331ms
274 silly fetchPackageMetaData error for @types/jsprim@ts3.6 No matching version found for @types/jsprim@ts3.6.
275 http fetch GET 200 https://registry.npmjs.org/@types%2fwrite-file-atomic 10ms (from cache)
276 silly pacote tag manifest for @types/write-file-atomic@ts3.6 fetched in 11ms
277 http fetch GET 200 https://registry.npmjs.org/@types%2fyallist 10ms (from cache)
278 silly pacote tag manifest for @types/yallist@ts3.6 fetched in 11ms
279 http fetch GET 200 https://registry.npmjs.org/@types%2finflight 2206ms
280 silly fetchPackageMetaData error for @types/inflight@ts3.6 No matching version found for @types/inflight@ts3.6.
281 http fetch GET 304 https://registry.npmjs.org/@types%2fmerge-descriptors 2401ms (from cache)
282 silly pacote tag manifest for @types/merge-descriptors@ts3.6 fetched in 2403ms
283 http fetch GET 304 https://registry.npmjs.org/@types%2fobject-assign 2392ms (from cache)
284 silly pacote tag manifest for @types/object-assign@ts3.6 fetched in 2394ms
285 http fetch GET 200 https://registry.npmjs.org/@types%2ftoidentifier 1549ms
286 silly fetchPackageMetaData error for @types/toidentifier@ts3.6 No matching version found for @types/toidentifier@ts3.6.
287 http fetch GET 200 https://registry.npmjs.org/@types%2fset-blocking 2414ms
288 silly fetchPackageMetaData error for @types/set-blocking@ts3.6 No matching version found for @types/set-blocking@ts3.6.
289 http fetch GET 200 https://registry.npmjs.org/@types%2ftypedarray-to-buffer 1462ms
290 silly fetchPackageMetaData error for @types/typedarray-to-buffer@ts3.6 No matching version found for @types/typedarray-to-buffer@ts3.6.
291 http fetch GET 200 https://registry.npmjs.org/@types%2fto-regex-range 2251ms
292 silly fetchPackageMetaData error for @types/to-regex-range@ts3.6 No matching version found for @types/to-regex-range@ts3.6.
293 http fetch GET 200 https://registry.npmjs.org/@types%2furl-parse-lax 2426ms
294 silly fetchPackageMetaData error for @types/url-parse-lax@ts3.6 No matching version found for @types/url-parse-lax@ts3.6.
295 timing stage:rollbackFailedOptional Completed in 1ms
296 timing stage:runTopLevelLifecycles Completed in 7298ms
297 verbose type tag
298 verbose stack @types/core-util-is: No matching version found for @types/core-util-is@ts3.6.
298 verbose stack     at pickManifest (/usr/local/lib/node_modules/npm/node_modules/npm-pick-manifest/index.js:122:13)
298 verbose stack     at /usr/local/lib/node_modules/npm/node_modules/pacote/lib/fetchers/registry/manifest.js:43:18
298 verbose stack     at tryCatcher (/usr/local/lib/node_modules/npm/node_modules/bluebird/js/release/util.js:16:23)
298 verbose stack     at Promise._settlePromiseFromHandler (/usr/local/lib/node_modules/npm/node_modules/bluebird/js/release/promise.js:517:31)
298 verbose stack     at Promise._settlePromise (/usr/local/lib/node_modules/npm/node_modules/bluebird/js/release/promise.js:574:18)
298 verbose stack     at Promise._settlePromise0 (/usr/local/lib/node_modules/npm/node_modules/bluebird/js/release/promise.js:619:10)
298 verbose stack     at Promise._settlePromises (/usr/local/lib/node_modules/npm/node_modules/bluebird/js/release/promise.js:699:18)
298 verbose stack     at _drainQueueStep (/usr/local/lib/node_modules/npm/node_modules/bluebird/js/release/async.js:138:12)
298 verbose stack     at _drainQueue (/usr/local/lib/node_modules/npm/node_modules/bluebird/js/release/async.js:131:9)
298 verbose stack     at Async._drainQueues (/usr/local/lib/node_modules/npm/node_modules/bluebird/js/release/async.js:147:5)
298 verbose stack     at Immediate.Async.drainQueues [as _onImmediate] (/usr/local/lib/node_modules/npm/node_modules/bluebird/js/release/async.js:17:14)
298 verbose stack     at processImmediate (internal/timers.js:456:21)
299 verbose cwd /home/theia/.cache/typescript/3.6
300 verbose Linux 5.10.102.1-microsoft-standard-WSL2
301 verbose argv "/usr/local/bin/node" "/usr/local/bin/npm" "install" "--ignore-scripts" "@types/abbrev@ts3.6" "@types/accepts@ts3.6" "@types/ansi-align@ts3.6" "@types/are-we-there-yet@ts3.6" "@types/asn1@ts3.6" "@types/assert-plus@ts3.6" "@types/aws4@ts3.6" "@types/balanced-match@ts3.6" "@types/body-parser@ts3.6" "@types/brace-expansion@ts3.6" "@types/braces@ts3.6" "@types/bytes@ts3.6" "@types/caseless@ts3.6" "@types/chownr@ts3.6" "@types/color-convert@ts3.6" "@types/color-name@ts3.6" "@types/combined-stream@ts3.6" "@types/concat-map@ts3.6" "@types/configstore@ts3.6" "@types/content-disposition@ts3.6" "@types/content-type@ts3.6" "@types/cookie@ts3.6" "@types/cookie-signature@ts3.6" "@types/core-util-is@ts3.6" "@types/dashdash@ts3.6" "@types/debug@ts3.6" "@types/deep-extend@ts3.6" "@types/delegates@ts3.6" "@types/depd@ts3.6" "@types/destroy@ts3.6" "@types/detect-libc@ts3.6" "@types/duplexer3@ts3.6" "@types/ee-first@ts3.6" "@types/encodeurl@ts3.6" "@types/end-of-stream@ts3.6" "@types/escape-html@ts3.6" "@types/etag@ts3.6" "@types/extend@ts3.6" "@types/extsprintf@ts3.6" "@types/fill-range@ts3.6" "@types/finalhandler@ts3.6" "@types/forever-agent@ts3.6" "@types/forwarded@ts3.6" "@types/fresh@ts3.6" "@types/fs-minipass@ts3.6" "@types/gauge@ts3.6" "@types/getpass@ts3.6" "@types/glob-parent@ts3.6" "@types/graceful-fs@ts3.6" "@types/http-cache-semantics@ts3.6" "@types/http-errors@ts3.6" "@types/http-signature@ts3.6" "@types/ignore-by-default@ts3.6" "@types/ignore-walk@ts3.6" "@types/imurmurhash@ts3.6" "@types/inflight@ts3.6" "@types/inherits@ts3.6" "@types/ini@ts3.6" "@types/is-ci@ts3.6" "@types/is-extglob@ts3.6" "@types/is-glob@ts3.6" "@types/is-number@ts3.6" "@types/is-typedarray@ts3.6" "@types/isarray@ts3.6" "@types/isexe@ts3.6" "@types/isstream@ts3.6" "@types/jsbn@ts3.6" "@types/json-buffer@ts3.6" "@types/json-schema@ts3.6" "@types/json-stringify-safe@ts3.6" "@types/jsprim@ts3.6" "@types/media-typer@ts3.6" "@types/merge-descriptors@ts3.6" "@types/methods@ts3.6" "@types/mime@ts3.6" "@types/mime-db@ts3.6" "@types/mime-types@ts3.6" "@types/minimist@ts3.6" "@types/minizlib@ts3.6" "@types/ms@ts3.6" "@types/needle@ts3.6" "@types/negotiator@ts3.6" "@types/nopt@ts3.6" "@types/normalize-path@ts3.6" "@types/npm-packlist@ts3.6" "@types/npmlog@ts3.6" "@types/number-is-nan@ts3.6" "@types/object-assign@ts3.6" "@types/on-finished@ts3.6" "@types/once@ts3.6" "@types/os-homedir@ts3.6" "@types/os-tmpdir@ts3.6" "@types/osenv@ts3.6" "@types/parseurl@ts3.6" "@types/path-is-absolute@ts3.6" "@types/picomatch@ts3.6" "@types/proxy-addr@ts3.6" "@types/psl@ts3.6" "@types/pump@ts3.6" "@types/punycode@ts3.6" "@types/qs@ts3.6" "@types/range-parser@ts3.6" "@types/rc@ts3.6" "@types/readable-stream@ts3.6" "@types/registry-auth-token@ts3.6" "@types/request@ts3.6" "@types/responselike@ts3.6" "@types/safer-buffer@ts3.6" "@types/sax@ts3.6" "@types/semver@ts3.6" "@types/send@ts3.6" "@types/serve-static@ts3.6" "@types/set-blocking@ts3.6" "@types/signal-exit@ts3.6" "@types/sshpk@ts3.6" "@types/statuses@ts3.6" "@types/supports-color@ts3.6" "@types/tar@ts3.6" "@types/to-regex-range@ts3.6" "@types/toidentifier@ts3.6" "@types/touch@ts3.6" "@types/tough-cookie@ts3.6" "@types/type-is@ts3.6" "@types/typedarray-to-buffer@ts3.6" "@types/update-notifier@ts3.6" "@types/url-parse-lax@ts3.6" "@types/util-deprecate@ts3.6" "@types/utils-merge@ts3.6" "@types/uuid@ts3.6" "@types/vary@ts3.6" "@types/verror@ts3.6" "@types/which@ts3.6" "@types/write-file-atomic@ts3.6" "@types/yallist@ts3.6" "--save-dev" "--user-agent=typesInstaller/3.6.3"
302 verbose node v12.18.3
303 verbose npm  v6.14.6
304 error code ETARGET
305 error notarget No matching version found for @types/core-util-is@ts3.6.
306 error notarget In most cases you or one of your dependencies are requesting
306 error notarget a package version that doesn't exist.
307 verbose exit [ 1, true ]
