0 info it worked if it ends with ok
1 verbose cli [
1 verbose cli   '/usr/local/bin/node',
1 verbose cli   '/usr/local/bin/npm',
1 verbose cli   'install',
1 verbose cli   '--ignore-scripts',
1 verbose cli   '@types/abbrev@ts3.6',
1 verbose cli   '@types/accepts@ts3.6',
1 verbose cli   '@types/ansi-align@ts3.6',
1 verbose cli   '@types/are-we-there-yet@ts3.6',
1 verbose cli   '@types/asn1@ts3.6',
1 verbose cli   '@types/assert-plus@ts3.6',
1 verbose cli   '@types/aws4@ts3.6',
1 verbose cli   '@types/balanced-match@ts3.6',
1 verbose cli   '@types/body-parser@ts3.6',
1 verbose cli   '@types/brace-expansion@ts3.6',
1 verbose cli   '@types/braces@ts3.6',
1 verbose cli   '@types/bytes@ts3.6',
1 verbose cli   '@types/caseless@ts3.6',
1 verbose cli   '@types/chownr@ts3.6',
1 verbose cli   '@types/color-convert@ts3.6',
1 verbose cli   '@types/color-name@ts3.6',
1 verbose cli   '@types/combined-stream@ts3.6',
1 verbose cli   '@types/concat-map@ts3.6',
1 verbose cli   '@types/configstore@ts3.6',
1 verbose cli   '@types/content-disposition@ts3.6',
1 verbose cli   '@types/content-type@ts3.6',
1 verbose cli   '@types/cookie@ts3.6',
1 verbose cli   '@types/cookie-signature@ts3.6',
1 verbose cli   '@types/core-util-is@ts3.6',
1 verbose cli   '@types/dashdash@ts3.6',
1 verbose cli   '@types/debug@ts3.6',
1 verbose cli   '@types/deep-extend@ts3.6',
1 verbose cli   '@types/delegates@ts3.6',
1 verbose cli   '@types/depd@ts3.6',
1 verbose cli   '@types/destroy@ts3.6',
1 verbose cli   '@types/detect-libc@ts3.6',
1 verbose cli   '@types/duplexer3@ts3.6',
1 verbose cli   '@types/ee-first@ts3.6',
1 verbose cli   '@types/encodeurl@ts3.6',
1 verbose cli   '@types/end-of-stream@ts3.6',
1 verbose cli   '@types/escape-html@ts3.6',
1 verbose cli   '@types/etag@ts3.6',
1 verbose cli   '@types/extend@ts3.6',
1 verbose cli   '@types/extsprintf@ts3.6',
1 verbose cli   '@types/fill-range@ts3.6',
1 verbose cli   '@types/finalhandler@ts3.6',
1 verbose cli   '@types/forever-agent@ts3.6',
1 verbose cli   '@types/forwarded@ts3.6',
1 verbose cli   '@types/fresh@ts3.6',
1 verbose cli   '@types/fs-minipass@ts3.6',
1 verbose cli   '@types/gauge@ts3.6',
1 verbose cli   '@types/getpass@ts3.6',
1 verbose cli   '@types/glob-parent@ts3.6',
1 verbose cli   '@types/graceful-fs@ts3.6',
1 verbose cli   '@types/http-cache-semantics@ts3.6',
1 verbose cli   '@types/http-errors@ts3.6',
1 verbose cli   '@types/http-signature@ts3.6',
1 verbose cli   '@types/ignore-by-default@ts3.6',
1 verbose cli   '@types/ignore-walk@ts3.6',
1 verbose cli   '@types/imurmurhash@ts3.6',
1 verbose cli   '@types/inflight@ts3.6',
1 verbose cli   '@types/inherits@ts3.6',
1 verbose cli   '@types/ini@ts3.6',
1 verbose cli   '@types/is-ci@ts3.6',
1 verbose cli   '@types/is-extglob@ts3.6',
1 verbose cli   '@types/is-glob@ts3.6',
1 verbose cli   '@types/is-number@ts3.6',
1 verbose cli   '@types/is-typedarray@ts3.6',
1 verbose cli   '@types/isarray@ts3.6',
1 verbose cli   '@types/isexe@ts3.6',
1 verbose cli   '@types/isstream@ts3.6',
1 verbose cli   '@types/jsbn@ts3.6',
1 verbose cli   '@types/json-buffer@ts3.6',
1 verbose cli   '@types/json-schema@ts3.6',
1 verbose cli   '@types/json-stringify-safe@ts3.6',
1 verbose cli   '@types/jsprim@ts3.6',
1 verbose cli   '@types/media-typer@ts3.6',
1 verbose cli   '@types/merge-descriptors@ts3.6',
1 verbose cli   '@types/methods@ts3.6',
1 verbose cli   '@types/mime@ts3.6',
1 verbose cli   '@types/mime-db@ts3.6',
1 verbose cli   '@types/mime-types@ts3.6',
1 verbose cli   '@types/minimist@ts3.6',
1 verbose cli   '@types/minizlib@ts3.6',
1 verbose cli   '@types/ms@ts3.6',
1 verbose cli   '@types/needle@ts3.6',
1 verbose cli   '@types/negotiator@ts3.6',
1 verbose cli   '@types/nopt@ts3.6',
1 verbose cli   '@types/normalize-path@ts3.6',
1 verbose cli   '@types/npm-packlist@ts3.6',
1 verbose cli   '@types/npmlog@ts3.6',
1 verbose cli   '@types/number-is-nan@ts3.6',
1 verbose cli   '@types/object-assign@ts3.6',
1 verbose cli   '@types/on-finished@ts3.6',
1 verbose cli   '@types/once@ts3.6',
1 verbose cli   '@types/os-homedir@ts3.6',
1 verbose cli   '@types/os-tmpdir@ts3.6',
1 verbose cli   '@types/osenv@ts3.6',
1 verbose cli   '@types/parseurl@ts3.6',
1 verbose cli   '@types/path-is-absolute@ts3.6',
1 verbose cli   '@types/picomatch@ts3.6',
1 verbose cli   ... 40 more items
1 verbose cli ]
2 info using npm@6.14.6
3 info using node@v12.18.3
4 verbose npm-session 9b9c32c94c8f2f9a
5 silly install loadCurrentTree
6 silly install readLocalPackageData
7 http fetch GET 304 https://registry.npmjs.org/@types%2fabbrev 823ms (from cache)
8 silly pacote tag manifest for @types/abbrev@ts3.6 fetched in 840ms
9 http fetch GET 304 https://registry.npmjs.org/@types%2fbrace-expansion 850ms (from cache)
10 http fetch GET 304 https://registry.npmjs.org/@types%2fasn1 862ms (from cache)
11 http fetch GET 304 https://registry.npmjs.org/@types%2fbalanced-match 857ms (from cache)
12 http fetch GET 304 https://registry.npmjs.org/@types%2fassert-plus 861ms (from cache)
13 http fetch GET 304 https://registry.npmjs.org/@types%2faccepts 874ms (from cache)
14 silly pacote tag manifest for @types/brace-expansion@ts3.6 fetched in 864ms
15 http fetch GET 304 https://registry.npmjs.org/@types%2faws4 870ms (from cache)
16 silly pacote tag manifest for @types/balanced-match@ts3.6 fetched in 871ms
17 silly pacote tag manifest for @types/asn1@ts3.6 fetched in 876ms
18 silly pacote tag manifest for @types/assert-plus@ts3.6 fetched in 876ms
19 http fetch GET 304 https://registry.npmjs.org/@types%2fbody-parser 878ms (from cache)
20 silly pacote tag manifest for @types/accepts@ts3.6 fetched in 892ms
21 silly pacote tag manifest for @types/aws4@ts3.6 fetched in 893ms
22 silly pacote tag manifest for @types/body-parser@ts3.6 fetched in 928ms
23 http fetch GET 304 https://registry.npmjs.org/@types%2fbraces 330ms (from cache)
24 http fetch GET 304 https://registry.npmjs.org/@types%2fcaseless 278ms (from cache)
25 http fetch GET 304 https://registry.npmjs.org/@types%2fbytes 285ms (from cache)
26 silly pacote tag manifest for @types/braces@ts3.6 fetched in 335ms
27 silly pacote tag manifest for @types/caseless@ts3.6 fetched in 285ms
28 http fetch GET 304 https://registry.npmjs.org/@types%2fcolor-convert 283ms (from cache)
29 http fetch GET 304 https://registry.npmjs.org/@types%2fcolor-name 278ms (from cache)
30 silly pacote tag manifest for @types/bytes@ts3.6 fetched in 297ms
31 silly pacote tag manifest for @types/color-convert@ts3.6 fetched in 295ms
32 silly pacote tag manifest for @types/color-name@ts3.6 fetched in 291ms
33 http fetch GET 304 https://registry.npmjs.org/@types%2fconcat-map 287ms (from cache)
34 http fetch GET 304 https://registry.npmjs.org/@types%2fcombined-stream 321ms (from cache)
35 silly pacote tag manifest for @types/concat-map@ts3.6 fetched in 327ms
36 silly pacote tag manifest for @types/combined-stream@ts3.6 fetched in 360ms
37 http fetch GET 304 https://registry.npmjs.org/@types%2fconfigstore 255ms (from cache)
38 silly pacote tag manifest for @types/configstore@ts3.6 fetched in 262ms
39 http fetch GET 304 https://registry.npmjs.org/@types%2fcontent-disposition 262ms (from cache)
40 silly pacote tag manifest for @types/content-disposition@ts3.6 fetched in 282ms
41 http fetch GET 304 https://registry.npmjs.org/@types%2fcontent-type 277ms (from cache)
42 http fetch GET 304 https://registry.npmjs.org/@types%2fcookie-signature 255ms (from cache)
43 http fetch GET 304 https://registry.npmjs.org/@types%2fcookie 258ms (from cache)
44 silly pacote tag manifest for @types/content-type@ts3.6 fetched in 286ms
45 http fetch GET 304 https://registry.npmjs.org/@types%2fdashdash 190ms (from cache)
46 silly pacote tag manifest for @types/cookie-signature@ts3.6 fetched in 266ms
47 silly pacote tag manifest for @types/cookie@ts3.6 fetched in 268ms
48 http fetch GET 304 https://registry.npmjs.org/@types%2fcore-util-is 196ms (from cache)
49 silly registry:manifest no matching version for @types/core-util-is@ts3.6 in the cache. Forcing revalidation.
50 silly pacote tag manifest for @types/dashdash@ts3.6 fetched in 202ms
51 http fetch GET 304 https://registry.npmjs.org/@types%2fdebug 149ms (from cache)
52 silly pacote tag manifest for @types/debug@ts3.6 fetched in 152ms
53 http fetch GET 304 https://registry.npmjs.org/@types%2fdestroy 131ms (from cache)
54 silly pacote tag manifest for @types/destroy@ts3.6 fetched in 142ms
55 http fetch GET 200 https://registry.npmjs.org/@types%2fcore-util-is 167ms
56 silly fetchPackageMetaData error for @types/core-util-is@ts3.6 No matching version found for @types/core-util-is@ts3.6.
57 http fetch GET 304 https://registry.npmjs.org/@types%2fdetect-libc 167ms (from cache)
58 silly pacote tag manifest for @types/detect-libc@ts3.6 fetched in 170ms
59 http fetch GET 200 https://registry.npmjs.org/@types%2fdelegates 257ms
60 silly fetchPackageMetaData error for @types/delegates@ts3.6 No matching version found for @types/delegates@ts3.6.
61 http fetch GET 304 https://registry.npmjs.org/@types%2fduplexer3 162ms (from cache)
62 silly pacote tag manifest for @types/duplexer3@ts3.6 fetched in 186ms
63 http fetch GET 304 https://registry.npmjs.org/@types%2fee-first 179ms (from cache)
64 silly pacote tag manifest for @types/ee-first@ts3.6 fetched in 197ms
65 http fetch GET 304 https://registry.npmjs.org/@types%2fencodeurl 181ms (from cache)
66 silly pacote tag manifest for @types/encodeurl@ts3.6 fetched in 199ms
67 http fetch GET 304 https://registry.npmjs.org/@types%2fend-of-stream 200ms (from cache)
68 silly pacote tag manifest for @types/end-of-stream@ts3.6 fetched in 208ms
69 http fetch GET 304 https://registry.npmjs.org/@types%2fescape-html 139ms (from cache)
70 silly pacote tag manifest for @types/escape-html@ts3.6 fetched in 145ms
71 http fetch GET 304 https://registry.npmjs.org/@types%2fextend 151ms (from cache)
72 http fetch GET 304 https://registry.npmjs.org/@types%2fchownr 1080ms (from cache)
73 http fetch GET 304 https://registry.npmjs.org/@types%2fetag 195ms (from cache)
74 silly pacote tag manifest for @types/chownr@ts3.6 fetched in 1082ms
75 silly pacote tag manifest for @types/extend@ts3.6 fetched in 157ms
76 silly pacote tag manifest for @types/etag@ts3.6 fetched in 200ms
77 http fetch GET 304 https://registry.npmjs.org/@types%2fextsprintf 127ms (from cache)
78 silly pacote tag manifest for @types/extsprintf@ts3.6 fetched in 136ms
79 http fetch GET 304 https://registry.npmjs.org/@types%2fforever-agent 79ms (from cache)
80 silly pacote tag manifest for @types/forever-agent@ts3.6 fetched in 82ms
81 http fetch GET 304 https://registry.npmjs.org/@types%2fgauge 67ms (from cache)
82 silly registry:manifest no matching version for @types/gauge@ts3.6 in the cache. Forcing revalidation.
83 http fetch GET 200 https://registry.npmjs.org/@types%2fansi-align 2166ms
84 silly fetchPackageMetaData error for @types/ansi-align@ts3.6 No matching version found for @types/ansi-align@ts3.6.
85 http fetch GET 304 https://registry.npmjs.org/@types%2fare-we-there-yet 2288ms (from cache)
86 silly pacote tag manifest for @types/are-we-there-yet@ts3.6 fetched in 2294ms
87 http fetch GET 304 https://registry.npmjs.org/@types%2ffresh 442ms (from cache)
88 silly pacote tag manifest for @types/fresh@ts3.6 fetched in 445ms
89 http fetch GET 304 https://registry.npmjs.org/@types%2fglob-parent 121ms (from cache)
90 http fetch GET 304 https://registry.npmjs.org/@types%2fdepd 955ms (from cache)
91 silly pacote tag manifest for @types/depd@ts3.6 fetched in 957ms
92 silly pacote tag manifest for @types/glob-parent@ts3.6 fetched in 137ms
93 http fetch GET 304 https://registry.npmjs.org/@types%2fgraceful-fs 128ms (from cache)
94 http fetch GET 304 https://registry.npmjs.org/@types%2fhttp-cache-semantics 124ms (from cache)
95 silly pacote tag manifest for @types/graceful-fs@ts3.6 fetched in 147ms
96 silly pacote tag manifest for @types/http-cache-semantics@ts3.6 fetched in 141ms
97 http fetch GET 304 https://registry.npmjs.org/@types%2fhttp-errors 150ms (from cache)
98 silly pacote tag manifest for @types/http-errors@ts3.6 fetched in 153ms
99 http fetch GET 304 https://registry.npmjs.org/@types%2ffinalhandler 758ms (from cache)
100 silly pacote tag manifest for @types/finalhandler@ts3.6 fetched in 760ms
101 http fetch GET 200 https://registry.npmjs.org/@types%2fignore-by-default 107ms
102 silly fetchPackageMetaData error for @types/ignore-by-default@ts3.6 No matching version found for @types/ignore-by-default@ts3.6.
103 http fetch GET 304 https://registry.npmjs.org/@types%2fhttp-signature 160ms (from cache)
104 silly registry:manifest no matching version for @types/http-signature@ts3.6 in the cache. Forcing revalidation.
105 http fetch GET 304 https://registry.npmjs.org/@types%2fimurmurhash 101ms (from cache)
106 silly pacote tag manifest for @types/imurmurhash@ts3.6 fetched in 103ms
107 http fetch GET 304 https://registry.npmjs.org/@types%2finflight 111ms (from cache)
108 silly registry:manifest no matching version for @types/inflight@ts3.6 in the cache. Forcing revalidation.
109 http fetch GET 200 https://registry.npmjs.org/@types%2fhttp-signature 125ms
110 silly fetchPackageMetaData error for @types/http-signature@ts3.6 No matching version found for @types/http-signature@ts3.6.
111 http fetch GET 304 https://registry.npmjs.org/@types%2finherits 321ms (from cache)
112 silly pacote tag manifest for @types/inherits@ts3.6 fetched in 324ms
113 http fetch GET 304 https://registry.npmjs.org/@types%2fis-ci 83ms (from cache)
114 silly pacote tag manifest for @types/is-ci@ts3.6 fetched in 86ms
115 http fetch GET 304 https://registry.npmjs.org/@types%2fforwarded 1215ms (from cache)
116 silly pacote tag manifest for @types/forwarded@ts3.6 fetched in 1218ms
117 http fetch GET 200 https://registry.npmjs.org/@types%2fis-extglob 91ms
118 silly fetchPackageMetaData error for @types/is-extglob@ts3.6 No matching version found for @types/is-extglob@ts3.6.
119 http fetch GET 304 https://registry.npmjs.org/@types%2ffs-minipass 1259ms (from cache)
120 silly registry:manifest no matching version for @types/fs-minipass@ts3.6 in the cache. Forcing revalidation.
121 http fetch GET 304 https://registry.npmjs.org/@types%2fdeep-extend 1830ms (from cache)
122 silly pacote tag manifest for @types/deep-extend@ts3.6 fetched in 1831ms
123 http fetch GET 200 https://registry.npmjs.org/@types%2ffs-minipass 74ms
124 silly fetchPackageMetaData error for @types/fs-minipass@ts3.6 No matching version found for @types/fs-minipass@ts3.6.
125 http fetch GET 200 https://registry.npmjs.org/@types%2ffill-range 1482ms
126 silly fetchPackageMetaData error for @types/fill-range@ts3.6 No matching version found for @types/fill-range@ts3.6.
127 http fetch GET 304 https://registry.npmjs.org/@types%2fgetpass 1214ms (from cache)
128 silly pacote tag manifest for @types/getpass@ts3.6 fetched in 1216ms
129 http fetch GET 304 https://registry.npmjs.org/@types%2fisarray 93ms (from cache)
130 silly pacote tag manifest for @types/isarray@ts3.6 fetched in 96ms
131 http fetch GET 304 https://registry.npmjs.org/@types%2fisexe 106ms (from cache)
132 silly pacote tag manifest for @types/isexe@ts3.6 fetched in 108ms
133 http fetch GET 304 https://registry.npmjs.org/@types%2fisstream 107ms (from cache)
134 silly pacote tag manifest for @types/isstream@ts3.6 fetched in 109ms
135 http fetch GET 304 https://registry.npmjs.org/@types%2fjsbn 82ms (from cache)
136 silly pacote tag manifest for @types/jsbn@ts3.6 fetched in 84ms
137 http fetch GET 200 https://registry.npmjs.org/@types%2fgauge 1421ms
138 silly fetchPackageMetaData error for @types/gauge@ts3.6 No matching version found for @types/gauge@ts3.6.
139 http fetch GET 304 https://registry.npmjs.org/@types%2fjson-schema 95ms (from cache)
140 http fetch GET 304 https://registry.npmjs.org/@types%2fjson-stringify-safe 92ms (from cache)
141 silly pacote tag manifest for @types/json-schema@ts3.6 fetched in 97ms
142 silly pacote tag manifest for @types/json-stringify-safe@ts3.6 fetched in 95ms
143 http fetch GET 200 https://registry.npmjs.org/@types%2fjsprim 91ms
144 silly fetchPackageMetaData error for @types/jsprim@ts3.6 No matching version found for @types/jsprim@ts3.6.
145 http fetch GET 304 https://registry.npmjs.org/@types%2fis-typedarray 419ms (from cache)
146 silly pacote tag manifest for @types/is-typedarray@ts3.6 fetched in 422ms
147 http fetch GET 304 https://registry.npmjs.org/@types%2fmerge-descriptors 114ms (from cache)
148 silly pacote tag manifest for @types/merge-descriptors@ts3.6 fetched in 128ms
149 http fetch GET 304 https://registry.npmjs.org/@types%2fmedia-typer 135ms (from cache)
150 silly pacote tag manifest for @types/media-typer@ts3.6 fetched in 148ms
151 http fetch GET 304 https://registry.npmjs.org/@types%2fmime 76ms (from cache)
152 silly pacote tag manifest for @types/mime@ts3.6 fetched in 78ms
153 http fetch GET 304 https://registry.npmjs.org/@types%2fmime-db 98ms (from cache)
154 silly pacote tag manifest for @types/mime-db@ts3.6 fetched in 100ms
155 http fetch GET 304 https://registry.npmjs.org/@types%2fminimist 77ms (from cache)
156 http fetch GET 304 https://registry.npmjs.org/@types%2fignore-walk 1275ms (from cache)
157 silly pacote tag manifest for @types/minimist@ts3.6 fetched in 81ms
158 silly pacote tag manifest for @types/ignore-walk@ts3.6 fetched in 1281ms
159 http fetch GET 304 https://registry.npmjs.org/@types%2fminizlib 80ms (from cache)
160 silly pacote tag manifest for @types/minizlib@ts3.6 fetched in 83ms
161 http fetch GET 304 https://registry.npmjs.org/@types%2fneedle 80ms (from cache)
162 silly pacote tag manifest for @types/needle@ts3.6 fetched in 89ms
163 http fetch GET 200 https://registry.npmjs.org/@types%2finflight 1199ms
164 silly fetchPackageMetaData error for @types/inflight@ts3.6 No matching version found for @types/inflight@ts3.6.
165 http fetch GET 304 https://registry.npmjs.org/@types%2fms 127ms (from cache)
166 silly pacote tag manifest for @types/ms@ts3.6 fetched in 151ms
167 http fetch GET 304 https://registry.npmjs.org/@types%2fnegotiator 121ms (from cache)
168 silly pacote tag manifest for @types/negotiator@ts3.6 fetched in 125ms
169 http fetch GET 304 https://registry.npmjs.org/@types%2fnopt 85ms (from cache)
170 silly pacote tag manifest for @types/nopt@ts3.6 fetched in 87ms
171 http fetch GET 304 https://registry.npmjs.org/@types%2fnpmlog 74ms (from cache)
172 silly pacote tag manifest for @types/npmlog@ts3.6 fetched in 77ms
173 http fetch GET 304 https://registry.npmjs.org/@types%2fobject-assign 94ms (from cache)
174 silly pacote tag manifest for @types/object-assign@ts3.6 fetched in 98ms
175 http fetch GET 304 https://registry.npmjs.org/@types%2fis-glob 1291ms (from cache)
176 silly pacote tag manifest for @types/is-glob@ts3.6 fetched in 1295ms
177 http fetch GET 304 https://registry.npmjs.org/@types%2fonce 187ms (from cache)
178 http fetch GET 304 https://registry.npmjs.org/@types%2fini 1823ms (from cache)
179 silly pacote tag manifest for @types/once@ts3.6 fetched in 198ms
180 silly pacote tag manifest for @types/ini@ts3.6 fetched in 1828ms
181 http fetch GET 304 https://registry.npmjs.org/@types%2fon-finished 476ms (from cache)
182 silly pacote tag manifest for @types/on-finished@ts3.6 fetched in 490ms
183 http fetch GET 304 https://registry.npmjs.org/@types%2fnpm-packlist 687ms (from cache)
184 silly pacote tag manifest for @types/npm-packlist@ts3.6 fetched in 693ms
185 http fetch GET 304 https://registry.npmjs.org/@types%2fosenv 63ms (from cache)
186 silly pacote tag manifest for @types/osenv@ts3.6 fetched in 66ms
187 http fetch GET 304 https://registry.npmjs.org/@types%2fmethods 1328ms (from cache)
188 silly pacote tag manifest for @types/methods@ts3.6 fetched in 1334ms
189 http fetch GET 304 https://registry.npmjs.org/@types%2fparseurl 265ms (from cache)
190 http fetch GET 304 https://registry.npmjs.org/@types%2fpath-is-absolute 227ms (from cache)
191 silly pacote tag manifest for @types/parseurl@ts3.6 fetched in 287ms
192 http fetch GET 304 https://registry.npmjs.org/@types%2fmime-types 1261ms (from cache)
193 silly pacote tag manifest for @types/path-is-absolute@ts3.6 fetched in 239ms
194 silly pacote tag manifest for @types/mime-types@ts3.6 fetched in 1287ms
195 http fetch GET 304 https://registry.npmjs.org/@types%2fpicomatch 179ms (from cache)
196 http fetch GET 304 https://registry.npmjs.org/@types%2fis-number 1918ms (from cache)
197 silly pacote tag manifest for @types/picomatch@ts3.6 fetched in 191ms
198 silly pacote tag manifest for @types/is-number@ts3.6 fetched in 1924ms
199 http fetch GET 304 https://registry.npmjs.org/@types%2fproxy-addr 198ms (from cache)
200 silly pacote tag manifest for @types/proxy-addr@ts3.6 fetched in 264ms
201 http fetch GET 304 https://registry.npmjs.org/@types%2fpsl 628ms (from cache)
202 http fetch GET 304 https://registry.npmjs.org/@types%2fjson-buffer 2201ms (from cache)
203 silly pacote tag manifest for @types/psl@ts3.6 fetched in 660ms
204 silly pacote tag manifest for @types/json-buffer@ts3.6 fetched in 2231ms
205 http fetch GET 304 https://registry.npmjs.org/@types%2fpunycode 535ms (from cache)
206 silly pacote tag manifest for @types/punycode@ts3.6 fetched in 585ms
207 http fetch GET 304 https://registry.npmjs.org/@types%2fqs 645ms (from cache)
208 silly pacote tag manifest for @types/qs@ts3.6 fetched in 713ms
209 http fetch GET 304 https://registry.npmjs.org/@types%2fnumber-is-nan 1876ms (from cache)
210 http fetch GET 304 https://registry.npmjs.org/@types%2frc 259ms (from cache)
211 http fetch GET 304 https://registry.npmjs.org/@types%2fnormalize-path 1945ms (from cache)
212 silly pacote tag manifest for @types/number-is-nan@ts3.6 fetched in 1886ms
213 silly pacote tag manifest for @types/normalize-path@ts3.6 fetched in 1953ms
214 silly pacote tag manifest for @types/rc@ts3.6 fetched in 276ms
215 http fetch GET 304 https://registry.npmjs.org/@types%2freadable-stream 401ms (from cache)
216 http fetch GET 304 https://registry.npmjs.org/@types%2frequest 211ms (from cache)
217 silly pacote tag manifest for @types/readable-stream@ts3.6 fetched in 410ms
218 silly pacote tag manifest for @types/request@ts3.6 fetched in 224ms
219 http fetch GET 304 https://registry.npmjs.org/@types%2fresponselike 188ms (from cache)
220 http fetch GET 304 https://registry.npmjs.org/@types%2fsafer-buffer 210ms (from cache)
221 silly pacote tag manifest for @types/responselike@ts3.6 fetched in 219ms
222 silly pacote tag manifest for @types/safer-buffer@ts3.6 fetched in 241ms
223 http fetch GET 304 https://registry.npmjs.org/@types%2fsax 450ms (from cache)
224 silly pacote tag manifest for @types/sax@ts3.6 fetched in 519ms
225 http fetch GET 304 https://registry.npmjs.org/@types%2fsemver 738ms (from cache)
226 http fetch GET 304 https://registry.npmjs.org/@types%2fsend 745ms (from cache)
227 silly pacote tag manifest for @types/semver@ts3.6 fetched in 764ms
228 http fetch GET 304 https://registry.npmjs.org/@types%2fpump 1831ms (from cache)
229 silly pacote tag manifest for @types/send@ts3.6 fetched in 768ms
230 http fetch GET 304 https://registry.npmjs.org/@types%2fset-blocking 706ms (from cache)
231 silly registry:manifest no matching version for @types/set-blocking@ts3.6 in the cache. Forcing revalidation.
232 silly pacote tag manifest for @types/pump@ts3.6 fetched in 1864ms
233 http fetch GET 304 https://registry.npmjs.org/@types%2fos-tmpdir 2214ms (from cache)
234 silly pacote tag manifest for @types/os-tmpdir@ts3.6 fetched in 2361ms
235 http fetch GET 304 https://registry.npmjs.org/@types%2fserve-static 889ms (from cache)
236 http fetch GET 304 https://registry.npmjs.org/@types%2fos-homedir 2366ms (from cache)
237 silly pacote tag manifest for @types/os-homedir@ts3.6 fetched in 2419ms
238 silly pacote tag manifest for @types/serve-static@ts3.6 fetched in 946ms
239 http fetch GET 304 https://registry.npmjs.org/@types%2fsignal-exit 691ms (from cache)
240 http fetch GET 304 https://registry.npmjs.org/@types%2fregistry-auth-token 1556ms (from cache)
241 http fetch GET 304 https://registry.npmjs.org/@types%2fsshpk 448ms (from cache)
242 silly pacote tag manifest for @types/signal-exit@ts3.6 fetched in 711ms
243 http fetch GET 200 https://registry.npmjs.org/@types%2fset-blocking 429ms
244 silly fetchPackageMetaData error for @types/set-blocking@ts3.6 No matching version found for @types/set-blocking@ts3.6.
245 http fetch GET 304 https://registry.npmjs.org/@types%2fstatuses 451ms (from cache)
246 silly pacote tag manifest for @types/registry-auth-token@ts3.6 fetched in 1576ms
247 silly pacote tag manifest for @types/sshpk@ts3.6 fetched in 480ms
248 silly pacote tag manifest for @types/statuses@ts3.6 fetched in 483ms
249 http fetch GET 304 https://registry.npmjs.org/@types%2fsupports-color 538ms (from cache)
250 silly pacote tag manifest for @types/supports-color@ts3.6 fetched in 581ms
251 http fetch GET 304 https://registry.npmjs.org/@types%2frange-parser 2214ms (from cache)
252 silly pacote tag manifest for @types/range-parser@ts3.6 fetched in 2221ms
253 http fetch GET 304 https://registry.npmjs.org/@types%2ftouch 243ms (from cache)
254 silly pacote tag manifest for @types/touch@ts3.6 fetched in 247ms
255 http fetch GET 304 https://registry.npmjs.org/@types%2ftough-cookie 240ms (from cache)
256 silly pacote tag manifest for @types/tough-cookie@ts3.6 fetched in 244ms
257 http fetch GET 304 https://registry.npmjs.org/@types%2ftype-is 255ms (from cache)
258 silly pacote tag manifest for @types/type-is@ts3.6 fetched in 260ms
259 http fetch GET 304 https://registry.npmjs.org/@types%2futil-deprecate 157ms (from cache)
260 silly pacote tag manifest for @types/util-deprecate@ts3.6 fetched in 160ms
261 http fetch GET 304 https://registry.npmjs.org/@types%2fuuid 114ms (from cache)
262 silly pacote tag manifest for @types/uuid@ts3.6 fetched in 135ms
263 http fetch GET 200 https://registry.npmjs.org/@types%2fverror 98ms
264 http fetch GET 304 https://registry.npmjs.org/@types%2fvary 156ms (from cache)
265 silly pacote tag manifest for @types/verror@ts3.6 fetched in 101ms
266 silly pacote tag manifest for @types/vary@ts3.6 fetched in 162ms
267 http fetch GET 304 https://registry.npmjs.org/@types%2fyallist 108ms (from cache)
268 silly pacote tag manifest for @types/yallist@ts3.6 fetched in 110ms
269 http fetch GET 304 https://registry.npmjs.org/@types%2fwhich 345ms (from cache)
270 silly pacote tag manifest for @types/which@ts3.6 fetched in 347ms
271 http fetch GET 304 https://registry.npmjs.org/@types%2fwrite-file-atomic 350ms (from cache)
272 silly pacote tag manifest for @types/write-file-atomic@ts3.6 fetched in 352ms
273 http fetch GET 304 https://registry.npmjs.org/@types%2ftypedarray-to-buffer 816ms (from cache)
274 silly registry:manifest no matching version for @types/typedarray-to-buffer@ts3.6 in the cache. Forcing revalidation.
275 http fetch GET 304 https://registry.npmjs.org/@types%2ftar 1287ms (from cache)
276 silly pacote tag manifest for @types/tar@ts3.6 fetched in 1290ms
277 http fetch GET 200 https://registry.npmjs.org/@types%2ftoidentifier 1295ms
278 silly fetchPackageMetaData error for @types/toidentifier@ts3.6 No matching version found for @types/toidentifier@ts3.6.
279 http fetch GET 200 https://registry.npmjs.org/@types%2furl-parse-lax 1177ms
280 silly fetchPackageMetaData error for @types/url-parse-lax@ts3.6 No matching version found for @types/url-parse-lax@ts3.6.
281 http fetch GET 304 https://registry.npmjs.org/@types%2fupdate-notifier 1300ms (from cache)
282 silly pacote tag manifest for @types/update-notifier@ts3.6 fetched in 1303ms
283 http fetch GET 304 https://registry.npmjs.org/@types%2futils-merge 1295ms (from cache)
284 silly pacote tag manifest for @types/utils-merge@ts3.6 fetched in 1296ms
285 http fetch GET 200 https://registry.npmjs.org/@types%2fto-regex-range 2071ms
286 silly fetchPackageMetaData error for @types/to-regex-range@ts3.6 No matching version found for @types/to-regex-range@ts3.6.
287 http fetch GET 200 https://registry.npmjs.org/@types%2ftypedarray-to-buffer 1701ms
288 silly fetchPackageMetaData error for @types/typedarray-to-buffer@ts3.6 No matching version found for @types/typedarray-to-buffer@ts3.6.
289 timing stage:rollbackFailedOptional Completed in 0ms
290 timing stage:runTopLevelLifecycles Completed in 10087ms
291 verbose type tag
292 verbose stack @types/core-util-is: No matching version found for @types/core-util-is@ts3.6.
292 verbose stack     at pickManifest (/usr/local/lib/node_modules/npm/node_modules/npm-pick-manifest/index.js:122:13)
292 verbose stack     at /usr/local/lib/node_modules/npm/node_modules/pacote/lib/fetchers/registry/manifest.js:43:18
292 verbose stack     at tryCatcher (/usr/local/lib/node_modules/npm/node_modules/bluebird/js/release/util.js:16:23)
292 verbose stack     at Promise._settlePromiseFromHandler (/usr/local/lib/node_modules/npm/node_modules/bluebird/js/release/promise.js:517:31)
292 verbose stack     at Promise._settlePromise (/usr/local/lib/node_modules/npm/node_modules/bluebird/js/release/promise.js:574:18)
292 verbose stack     at Promise._settlePromise0 (/usr/local/lib/node_modules/npm/node_modules/bluebird/js/release/promise.js:619:10)
292 verbose stack     at Promise._settlePromises (/usr/local/lib/node_modules/npm/node_modules/bluebird/js/release/promise.js:699:18)
292 verbose stack     at _drainQueueStep (/usr/local/lib/node_modules/npm/node_modules/bluebird/js/release/async.js:138:12)
292 verbose stack     at _drainQueue (/usr/local/lib/node_modules/npm/node_modules/bluebird/js/release/async.js:131:9)
292 verbose stack     at Async._drainQueues (/usr/local/lib/node_modules/npm/node_modules/bluebird/js/release/async.js:147:5)
292 verbose stack     at Immediate.Async.drainQueues [as _onImmediate] (/usr/local/lib/node_modules/npm/node_modules/bluebird/js/release/async.js:17:14)
292 verbose stack     at processImmediate (internal/timers.js:456:21)
293 verbose cwd /home/theia/.cache/typescript/3.6
294 verbose Linux 5.10.102.1-microsoft-standard-WSL2
295 verbose argv "/usr/local/bin/node" "/usr/local/bin/npm" "install" "--ignore-scripts" "@types/abbrev@ts3.6" "@types/accepts@ts3.6" "@types/ansi-align@ts3.6" "@types/are-we-there-yet@ts3.6" "@types/asn1@ts3.6" "@types/assert-plus@ts3.6" "@types/aws4@ts3.6" "@types/balanced-match@ts3.6" "@types/body-parser@ts3.6" "@types/brace-expansion@ts3.6" "@types/braces@ts3.6" "@types/bytes@ts3.6" "@types/caseless@ts3.6" "@types/chownr@ts3.6" "@types/color-convert@ts3.6" "@types/color-name@ts3.6" "@types/combined-stream@ts3.6" "@types/concat-map@ts3.6" "@types/configstore@ts3.6" "@types/content-disposition@ts3.6" "@types/content-type@ts3.6" "@types/cookie@ts3.6" "@types/cookie-signature@ts3.6" "@types/core-util-is@ts3.6" "@types/dashdash@ts3.6" "@types/debug@ts3.6" "@types/deep-extend@ts3.6" "@types/delegates@ts3.6" "@types/depd@ts3.6" "@types/destroy@ts3.6" "@types/detect-libc@ts3.6" "@types/duplexer3@ts3.6" "@types/ee-first@ts3.6" "@types/encodeurl@ts3.6" "@types/end-of-stream@ts3.6" "@types/escape-html@ts3.6" "@types/etag@ts3.6" "@types/extend@ts3.6" "@types/extsprintf@ts3.6" "@types/fill-range@ts3.6" "@types/finalhandler@ts3.6" "@types/forever-agent@ts3.6" "@types/forwarded@ts3.6" "@types/fresh@ts3.6" "@types/fs-minipass@ts3.6" "@types/gauge@ts3.6" "@types/getpass@ts3.6" "@types/glob-parent@ts3.6" "@types/graceful-fs@ts3.6" "@types/http-cache-semantics@ts3.6" "@types/http-errors@ts3.6" "@types/http-signature@ts3.6" "@types/ignore-by-default@ts3.6" "@types/ignore-walk@ts3.6" "@types/imurmurhash@ts3.6" "@types/inflight@ts3.6" "@types/inherits@ts3.6" "@types/ini@ts3.6" "@types/is-ci@ts3.6" "@types/is-extglob@ts3.6" "@types/is-glob@ts3.6" "@types/is-number@ts3.6" "@types/is-typedarray@ts3.6" "@types/isarray@ts3.6" "@types/isexe@ts3.6" "@types/isstream@ts3.6" "@types/jsbn@ts3.6" "@types/json-buffer@ts3.6" "@types/json-schema@ts3.6" "@types/json-stringify-safe@ts3.6" "@types/jsprim@ts3.6" "@types/media-typer@ts3.6" "@types/merge-descriptors@ts3.6" "@types/methods@ts3.6" "@types/mime@ts3.6" "@types/mime-db@ts3.6" "@types/mime-types@ts3.6" "@types/minimist@ts3.6" "@types/minizlib@ts3.6" "@types/ms@ts3.6" "@types/needle@ts3.6" "@types/negotiator@ts3.6" "@types/nopt@ts3.6" "@types/normalize-path@ts3.6" "@types/npm-packlist@ts3.6" "@types/npmlog@ts3.6" "@types/number-is-nan@ts3.6" "@types/object-assign@ts3.6" "@types/on-finished@ts3.6" "@types/once@ts3.6" "@types/os-homedir@ts3.6" "@types/os-tmpdir@ts3.6" "@types/osenv@ts3.6" "@types/parseurl@ts3.6" "@types/path-is-absolute@ts3.6" "@types/picomatch@ts3.6" "@types/proxy-addr@ts3.6" "@types/psl@ts3.6" "@types/pump@ts3.6" "@types/punycode@ts3.6" "@types/qs@ts3.6" "@types/range-parser@ts3.6" "@types/rc@ts3.6" "@types/readable-stream@ts3.6" "@types/registry-auth-token@ts3.6" "@types/request@ts3.6" "@types/responselike@ts3.6" "@types/safer-buffer@ts3.6" "@types/sax@ts3.6" "@types/semver@ts3.6" "@types/send@ts3.6" "@types/serve-static@ts3.6" "@types/set-blocking@ts3.6" "@types/signal-exit@ts3.6" "@types/sshpk@ts3.6" "@types/statuses@ts3.6" "@types/supports-color@ts3.6" "@types/tar@ts3.6" "@types/to-regex-range@ts3.6" "@types/toidentifier@ts3.6" "@types/touch@ts3.6" "@types/tough-cookie@ts3.6" "@types/type-is@ts3.6" "@types/typedarray-to-buffer@ts3.6" "@types/update-notifier@ts3.6" "@types/url-parse-lax@ts3.6" "@types/util-deprecate@ts3.6" "@types/utils-merge@ts3.6" "@types/uuid@ts3.6" "@types/vary@ts3.6" "@types/verror@ts3.6" "@types/which@ts3.6" "@types/write-file-atomic@ts3.6" "@types/yallist@ts3.6" "--save-dev" "--user-agent=typesInstaller/3.6.3"
296 verbose node v12.18.3
297 verbose npm  v6.14.6
298 error code ETARGET
299 error notarget No matching version found for @types/core-util-is@ts3.6.
300 error notarget In most cases you or one of your dependencies are requesting
300 error notarget a package version that doesn't exist.
301 verbose exit [ 1, true ]
