0 info it worked if it ends with ok
1 verbose cli [
1 verbose cli   '/usr/local/bin/node',
1 verbose cli   '/usr/local/bin/npm',
1 verbose cli   'install',
1 verbose cli   '--ignore-scripts',
1 verbose cli   '@types/abbrev@ts3.6',
1 verbose cli   '@types/accepts@ts3.6',
1 verbose cli   '@types/ansi-align@ts3.6',
1 verbose cli   '@types/are-we-there-yet@ts3.6',
1 verbose cli   '@types/asn1@ts3.6',
1 verbose cli   '@types/assert-plus@ts3.6',
1 verbose cli   '@types/aws4@ts3.6',
1 verbose cli   '@types/balanced-match@ts3.6',
1 verbose cli   '@types/body-parser@ts3.6',
1 verbose cli   '@types/brace-expansion@ts3.6',
1 verbose cli   '@types/braces@ts3.6',
1 verbose cli   '@types/bytes@ts3.6',
1 verbose cli   '@types/caseless@ts3.6',
1 verbose cli   '@types/chownr@ts3.6',
1 verbose cli   '@types/color-convert@ts3.6',
1 verbose cli   '@types/color-name@ts3.6',
1 verbose cli   '@types/combined-stream@ts3.6',
1 verbose cli   '@types/concat-map@ts3.6',
1 verbose cli   '@types/configstore@ts3.6',
1 verbose cli   '@types/content-disposition@ts3.6',
1 verbose cli   '@types/content-type@ts3.6',
1 verbose cli   '@types/cookie@ts3.6',
1 verbose cli   '@types/cookie-signature@ts3.6',
1 verbose cli   '@types/core-util-is@ts3.6',
1 verbose cli   '@types/dashdash@ts3.6',
1 verbose cli   '@types/debug@ts3.6',
1 verbose cli   '@types/deep-extend@ts3.6',
1 verbose cli   '@types/delegates@ts3.6',
1 verbose cli   '@types/depd@ts3.6',
1 verbose cli   '@types/destroy@ts3.6',
1 verbose cli   '@types/detect-libc@ts3.6',
1 verbose cli   '@types/duplexer3@ts3.6',
1 verbose cli   '@types/ee-first@ts3.6',
1 verbose cli   '@types/encodeurl@ts3.6',
1 verbose cli   '@types/end-of-stream@ts3.6',
1 verbose cli   '@types/escape-html@ts3.6',
1 verbose cli   '@types/etag@ts3.6',
1 verbose cli   '@types/extend@ts3.6',
1 verbose cli   '@types/extsprintf@ts3.6',
1 verbose cli   '@types/fill-range@ts3.6',
1 verbose cli   '@types/finalhandler@ts3.6',
1 verbose cli   '@types/forever-agent@ts3.6',
1 verbose cli   '@types/forwarded@ts3.6',
1 verbose cli   '@types/fresh@ts3.6',
1 verbose cli   '@types/fs-minipass@ts3.6',
1 verbose cli   '@types/gauge@ts3.6',
1 verbose cli   '@types/getpass@ts3.6',
1 verbose cli   '@types/glob-parent@ts3.6',
1 verbose cli   '@types/graceful-fs@ts3.6',
1 verbose cli   '@types/http-cache-semantics@ts3.6',
1 verbose cli   '@types/http-errors@ts3.6',
1 verbose cli   '@types/http-signature@ts3.6',
1 verbose cli   '@types/ignore-by-default@ts3.6',
1 verbose cli   '@types/ignore-walk@ts3.6',
1 verbose cli   '@types/imurmurhash@ts3.6',
1 verbose cli   '@types/inflight@ts3.6',
1 verbose cli   '@types/inherits@ts3.6',
1 verbose cli   '@types/ini@ts3.6',
1 verbose cli   '@types/is-ci@ts3.6',
1 verbose cli   '@types/is-extglob@ts3.6',
1 verbose cli   '@types/is-glob@ts3.6',
1 verbose cli   '@types/is-number@ts3.6',
1 verbose cli   '@types/is-typedarray@ts3.6',
1 verbose cli   '@types/isarray@ts3.6',
1 verbose cli   '@types/isexe@ts3.6',
1 verbose cli   '@types/isstream@ts3.6',
1 verbose cli   '@types/jsbn@ts3.6',
1 verbose cli   '@types/json-buffer@ts3.6',
1 verbose cli   '@types/json-schema@ts3.6',
1 verbose cli   '@types/json-stringify-safe@ts3.6',
1 verbose cli   '@types/jsprim@ts3.6',
1 verbose cli   '@types/media-typer@ts3.6',
1 verbose cli   '@types/merge-descriptors@ts3.6',
1 verbose cli   '@types/methods@ts3.6',
1 verbose cli   '@types/mime@ts3.6',
1 verbose cli   '@types/mime-db@ts3.6',
1 verbose cli   '@types/mime-types@ts3.6',
1 verbose cli   '@types/minimist@ts3.6',
1 verbose cli   '@types/minizlib@ts3.6',
1 verbose cli   '@types/ms@ts3.6',
1 verbose cli   '@types/needle@ts3.6',
1 verbose cli   '@types/negotiator@ts3.6',
1 verbose cli   '@types/nopt@ts3.6',
1 verbose cli   '@types/normalize-path@ts3.6',
1 verbose cli   '@types/npm-packlist@ts3.6',
1 verbose cli   '@types/npmlog@ts3.6',
1 verbose cli   '@types/number-is-nan@ts3.6',
1 verbose cli   '@types/object-assign@ts3.6',
1 verbose cli   '@types/on-finished@ts3.6',
1 verbose cli   '@types/once@ts3.6',
1 verbose cli   '@types/os-homedir@ts3.6',
1 verbose cli   '@types/os-tmpdir@ts3.6',
1 verbose cli   '@types/osenv@ts3.6',
1 verbose cli   '@types/parseurl@ts3.6',
1 verbose cli   '@types/path-is-absolute@ts3.6',
1 verbose cli   '@types/picomatch@ts3.6',
1 verbose cli   ... 40 more items
1 verbose cli ]
2 info using npm@6.14.6
3 info using node@v12.18.3
4 verbose npm-session 71679dce43c15613
5 silly install loadCurrentTree
6 silly install readLocalPackageData
7 http fetch GET 304 https://registry.npmjs.org/@types%2fasn1 1184ms (from cache)
8 http fetch GET 304 https://registry.npmjs.org/@types%2fassert-plus 1167ms (from cache)
9 http fetch GET 304 https://registry.npmjs.org/@types%2faccepts 1202ms (from cache)
10 silly pacote tag manifest for @types/asn1@ts3.6 fetched in 1209ms
11 silly pacote tag manifest for @types/assert-plus@ts3.6 fetched in 1192ms
12 silly pacote tag manifest for @types/accepts@ts3.6 fetched in 1234ms
13 http fetch GET 304 https://registry.npmjs.org/@types%2fbody-parser 1218ms (from cache)
14 http fetch GET 304 https://registry.npmjs.org/@types%2fbrace-expansion 1420ms (from cache)
15 http fetch GET 304 https://registry.npmjs.org/@types%2fbalanced-match 1476ms (from cache)
16 silly pacote tag manifest for @types/body-parser@ts3.6 fetched in 1495ms
17 silly pacote tag manifest for @types/brace-expansion@ts3.6 fetched in 1504ms
18 silly pacote tag manifest for @types/balanced-match@ts3.6 fetched in 1512ms
19 http fetch GET 304 https://registry.npmjs.org/@types%2fansi-align 3870ms (from cache)
20 silly registry:manifest no matching version for @types/ansi-align@ts3.6 in the cache. Forcing revalidation.
21 http fetch GET 304 https://registry.npmjs.org/@types%2fcaseless 2731ms (from cache)
22 http fetch GET 304 https://registry.npmjs.org/@types%2fbytes 2740ms (from cache)
23 http fetch GET 304 https://registry.npmjs.org/@types%2fbraces 2749ms (from cache)
24 http fetch GET 304 https://registry.npmjs.org/@types%2fabbrev 3977ms (from cache)
25 http fetch GET 304 https://registry.npmjs.org/@types%2fare-we-there-yet 3969ms (from cache)
26 http fetch GET 304 https://registry.npmjs.org/@types%2fchownr 2455ms (from cache)
27 silly pacote tag manifest for @types/caseless@ts3.6 fetched in 2755ms
28 silly pacote tag manifest for @types/bytes@ts3.6 fetched in 2765ms
29 silly pacote tag manifest for @types/braces@ts3.6 fetched in 2773ms
30 silly pacote tag manifest for @types/abbrev@ts3.6 fetched in 4005ms
31 silly pacote tag manifest for @types/are-we-there-yet@ts3.6 fetched in 3990ms
32 http fetch GET 304 https://registry.npmjs.org/@types%2faws4 4004ms (from cache)
33 http fetch GET 304 https://registry.npmjs.org/@types%2fcolor-convert 2494ms (from cache)
34 silly pacote tag manifest for @types/chownr@ts3.6 fetched in 2510ms
35 http fetch GET 304 https://registry.npmjs.org/@types%2fcolor-name 2497ms (from cache)
36 silly pacote tag manifest for @types/aws4@ts3.6 fetched in 4088ms
37 silly pacote tag manifest for @types/color-convert@ts3.6 fetched in 2579ms
38 silly pacote tag manifest for @types/color-name@ts3.6 fetched in 2700ms
39 http fetch GET 304 https://registry.npmjs.org/@types%2fconfigstore 481ms (from cache)
40 http fetch GET 200 https://registry.npmjs.org/@types%2fcore-util-is 379ms
41 silly fetchPackageMetaData error for @types/core-util-is@ts3.6 No matching version found for @types/core-util-is@ts3.6.
42 http fetch GET 304 https://registry.npmjs.org/@types%2fcombined-stream 525ms (from cache)
43 http fetch GET 304 https://registry.npmjs.org/@types%2fconcat-map 514ms (from cache)
44 http fetch GET 304 https://registry.npmjs.org/@types%2fcontent-type 506ms (from cache)
45 silly pacote tag manifest for @types/configstore@ts3.6 fetched in 527ms
46 silly pacote tag manifest for @types/combined-stream@ts3.6 fetched in 545ms
47 silly pacote tag manifest for @types/concat-map@ts3.6 fetched in 546ms
48 http fetch GET 304 https://registry.npmjs.org/@types%2fcontent-disposition 543ms (from cache)
49 http fetch GET 304 https://registry.npmjs.org/@types%2fcookie 525ms (from cache)
50 silly pacote tag manifest for @types/content-type@ts3.6 fetched in 547ms
51 silly pacote tag manifest for @types/content-disposition@ts3.6 fetched in 564ms
52 silly pacote tag manifest for @types/cookie@ts3.6 fetched in 563ms
53 http fetch GET 304 https://registry.npmjs.org/@types%2fcookie-signature 508ms (from cache)
54 silly pacote tag manifest for @types/cookie-signature@ts3.6 fetched in 565ms
55 http fetch GET 304 https://registry.npmjs.org/@types%2fdebug 323ms (from cache)
56 http fetch GET 304 https://registry.npmjs.org/@types%2fdeep-extend 314ms (from cache)
57 http fetch GET 304 https://registry.npmjs.org/@types%2fdepd 305ms (from cache)
58 silly pacote tag manifest for @types/debug@ts3.6 fetched in 333ms
59 http fetch GET 304 https://registry.npmjs.org/@types%2fdetect-libc 255ms (from cache)
60 http fetch GET 304 https://registry.npmjs.org/@types%2fdestroy 289ms (from cache)
61 silly pacote tag manifest for @types/deep-extend@ts3.6 fetched in 324ms
62 http fetch GET 304 https://registry.npmjs.org/@types%2fduplexer3 255ms (from cache)
63 silly pacote tag manifest for @types/depd@ts3.6 fetched in 320ms
64 silly pacote tag manifest for @types/detect-libc@ts3.6 fetched in 284ms
65 silly pacote tag manifest for @types/destroy@ts3.6 fetched in 317ms
66 silly pacote tag manifest for @types/duplexer3@ts3.6 fetched in 293ms
67 http fetch GET 304 https://registry.npmjs.org/@types%2fencodeurl 131ms (from cache)
68 silly pacote tag manifest for @types/encodeurl@ts3.6 fetched in 133ms
69 http fetch GET 304 https://registry.npmjs.org/@types%2fescape-html 128ms (from cache)
70 silly pacote tag manifest for @types/escape-html@ts3.6 fetched in 131ms
71 http fetch GET 200 https://registry.npmjs.org/@types%2fansi-align 1378ms
72 silly fetchPackageMetaData error for @types/ansi-align@ts3.6 No matching version found for @types/ansi-align@ts3.6.
73 http fetch GET 200 https://registry.npmjs.org/@types%2fforever-agent 15ms (from cache)
74 http fetch GET 304 https://registry.npmjs.org/@types%2ffinalhandler 277ms (from cache)
75 http fetch GET 304 https://registry.npmjs.org/@types%2ffill-range 289ms (from cache)
76 silly registry:manifest no matching version for @types/fill-range@ts3.6 in the cache. Forcing revalidation.
77 silly pacote tag manifest for @types/forever-agent@ts3.6 fetched in 26ms
78 silly pacote tag manifest for @types/finalhandler@ts3.6 fetched in 289ms
79 http fetch GET 304 https://registry.npmjs.org/@types%2fextend 390ms (from cache)
80 silly pacote tag manifest for @types/extend@ts3.6 fetched in 437ms
81 http fetch GET 304 https://registry.npmjs.org/@types%2fetag 473ms (from cache)
82 silly pacote tag manifest for @types/etag@ts3.6 fetched in 476ms
83 http fetch GET 200 https://registry.npmjs.org/@types%2ffill-range 135ms
84 silly fetchPackageMetaData error for @types/fill-range@ts3.6 No matching version found for @types/fill-range@ts3.6.
85 http fetch GET 304 https://registry.npmjs.org/@types%2fforwarded 141ms (from cache)
86 silly pacote tag manifest for @types/forwarded@ts3.6 fetched in 142ms
87 http fetch GET 200 https://registry.npmjs.org/@types%2ffs-minipass 206ms
88 silly fetchPackageMetaData error for @types/fs-minipass@ts3.6 No matching version found for @types/fs-minipass@ts3.6.
89 http fetch GET 304 https://registry.npmjs.org/@types%2fgetpass 166ms (from cache)
90 http fetch GET 304 https://registry.npmjs.org/@types%2ffresh 299ms (from cache)
91 http fetch GET 304 https://registry.npmjs.org/@types%2fglob-parent 159ms (from cache)
92 silly pacote tag manifest for @types/getpass@ts3.6 fetched in 170ms
93 silly pacote tag manifest for @types/fresh@ts3.6 fetched in 304ms
94 silly pacote tag manifest for @types/glob-parent@ts3.6 fetched in 170ms
95 http fetch GET 200 https://registry.npmjs.org/@types%2fhttp-cache-semantics 16ms (from cache)
96 silly pacote tag manifest for @types/http-cache-semantics@ts3.6 fetched in 26ms
97 http fetch GET 200 https://registry.npmjs.org/@types%2fhttp-signature 115ms
98 silly fetchPackageMetaData error for @types/http-signature@ts3.6 No matching version found for @types/http-signature@ts3.6.
99 http fetch GET 304 https://registry.npmjs.org/@types%2fgraceful-fs 206ms (from cache)
100 silly pacote tag manifest for @types/graceful-fs@ts3.6 fetched in 213ms
101 http fetch GET 304 https://registry.npmjs.org/@types%2fhttp-errors 204ms (from cache)
102 http fetch GET 304 https://registry.npmjs.org/@types%2fdelegates 1255ms (from cache)
103 silly registry:manifest no matching version for @types/delegates@ts3.6 in the cache. Forcing revalidation.
104 silly pacote tag manifest for @types/http-errors@ts3.6 fetched in 207ms
105 http fetch GET 200 https://registry.npmjs.org/@types%2finflight 138ms
106 silly fetchPackageMetaData error for @types/inflight@ts3.6 No matching version found for @types/inflight@ts3.6.
107 http fetch GET 304 https://registry.npmjs.org/@types%2fee-first 1254ms (from cache)
108 http fetch GET 304 https://registry.npmjs.org/@types%2fimurmurhash 184ms (from cache)
109 silly pacote tag manifest for @types/ee-first@ts3.6 fetched in 1274ms
110 http fetch GET 200 https://registry.npmjs.org/@types%2finherits 24ms (from cache)
111 silly pacote tag manifest for @types/imurmurhash@ts3.6 fetched in 190ms
112 silly pacote tag manifest for @types/inherits@ts3.6 fetched in 37ms
113 http fetch GET 304 https://registry.npmjs.org/@types%2fend-of-stream 1337ms (from cache)
114 silly pacote tag manifest for @types/end-of-stream@ts3.6 fetched in 1345ms
115 http fetch GET 304 https://registry.npmjs.org/@types%2fini 250ms (from cache)
116 http fetch GET 304 https://registry.npmjs.org/@types%2fis-ci 264ms (from cache)
117 silly pacote tag manifest for @types/ini@ts3.6 fetched in 272ms
118 http fetch GET 304 https://registry.npmjs.org/@types%2fis-extglob 256ms (from cache)
119 silly registry:manifest no matching version for @types/is-extglob@ts3.6 in the cache. Forcing revalidation.
120 http fetch GET 304 https://registry.npmjs.org/@types%2fextsprintf 1339ms (from cache)
121 silly pacote tag manifest for @types/is-ci@ts3.6 fetched in 275ms
122 http fetch GET 200 https://registry.npmjs.org/@types%2fis-glob 35ms (from cache)
123 http fetch GET 304 https://registry.npmjs.org/@types%2fdashdash 2004ms (from cache)
124 silly pacote tag manifest for @types/extsprintf@ts3.6 fetched in 1392ms
125 silly pacote tag manifest for @types/is-glob@ts3.6 fetched in 88ms
126 silly pacote tag manifest for @types/dashdash@ts3.6 fetched in 2061ms
127 http fetch GET 200 https://registry.npmjs.org/@types%2fis-extglob 148ms
128 silly fetchPackageMetaData error for @types/is-extglob@ts3.6 No matching version found for @types/is-extglob@ts3.6.
129 http fetch GET 304 https://registry.npmjs.org/@types%2fisarray 132ms (from cache)
130 silly pacote tag manifest for @types/isarray@ts3.6 fetched in 135ms
131 http fetch GET 304 https://registry.npmjs.org/@types%2fis-typedarray 245ms (from cache)
132 http fetch GET 304 https://registry.npmjs.org/@types%2fisexe 171ms (from cache)
133 silly pacote tag manifest for @types/is-typedarray@ts3.6 fetched in 249ms
134 silly pacote tag manifest for @types/isexe@ts3.6 fetched in 179ms
135 http fetch GET 304 https://registry.npmjs.org/@types%2fjson-buffer 113ms (from cache)
136 silly pacote tag manifest for @types/json-buffer@ts3.6 fetched in 120ms
137 http fetch GET 304 https://registry.npmjs.org/@types%2fjson-schema 110ms (from cache)
138 silly pacote tag manifest for @types/json-schema@ts3.6 fetched in 112ms
139 http fetch GET 200 https://registry.npmjs.org/@types%2fjsprim 224ms
140 silly fetchPackageMetaData error for @types/jsprim@ts3.6 No matching version found for @types/jsprim@ts3.6.
141 http fetch GET 200 https://registry.npmjs.org/@types%2fgauge 1505ms
142 silly fetchPackageMetaData error for @types/gauge@ts3.6 No matching version found for @types/gauge@ts3.6.
143 http fetch GET 200 https://registry.npmjs.org/@types%2fmethods 58ms (from cache)
144 silly pacote tag manifest for @types/methods@ts3.6 fetched in 62ms
145 http fetch GET 304 https://registry.npmjs.org/@types%2fmerge-descriptors 184ms (from cache)
146 http fetch GET 200 https://registry.npmjs.org/@types%2fmime 47ms (from cache)
147 silly pacote tag manifest for @types/merge-descriptors@ts3.6 fetched in 209ms
148 silly pacote tag manifest for @types/mime@ts3.6 fetched in 55ms
149 http fetch GET 304 https://registry.npmjs.org/@types%2fmedia-typer 427ms (from cache)
150 silly pacote tag manifest for @types/media-typer@ts3.6 fetched in 430ms
151 http fetch GET 200 https://registry.npmjs.org/@types%2fignore-by-default 1503ms
152 silly fetchPackageMetaData error for @types/ignore-by-default@ts3.6 No matching version found for @types/ignore-by-default@ts3.6.
153 http fetch GET 304 https://registry.npmjs.org/@types%2fminimist 159ms (from cache)
154 silly pacote tag manifest for @types/minimist@ts3.6 fetched in 163ms
155 http fetch GET 304 https://registry.npmjs.org/@types%2fmime-types 212ms (from cache)
156 http fetch GET 304 https://registry.npmjs.org/@types%2fmime-db 222ms (from cache)
157 silly pacote tag manifest for @types/mime-types@ts3.6 fetched in 221ms
158 silly pacote tag manifest for @types/mime-db@ts3.6 fetched in 243ms
159 http fetch GET 200 https://registry.npmjs.org/@types%2fneedle 24ms (from cache)
160 silly pacote tag manifest for @types/needle@ts3.6 fetched in 28ms
161 http fetch GET 304 https://registry.npmjs.org/@types%2fnopt 114ms (from cache)
162 http fetch GET 304 https://registry.npmjs.org/@types%2fnegotiator 138ms (from cache)
163 http fetch GET 304 https://registry.npmjs.org/@types%2fms 170ms (from cache)
164 silly pacote tag manifest for @types/nopt@ts3.6 fetched in 118ms
165 silly pacote tag manifest for @types/negotiator@ts3.6 fetched in 143ms
166 silly pacote tag manifest for @types/ms@ts3.6 fetched in 176ms
167 http fetch GET 200 https://registry.npmjs.org/@types%2fnpm-packlist 33ms (from cache)
168 silly pacote tag manifest for @types/npm-packlist@ts3.6 fetched in 36ms
169 http fetch GET 304 https://registry.npmjs.org/@types%2fnumber-is-nan 80ms (from cache)
170 http fetch GET 304 https://registry.npmjs.org/@types%2fnpmlog 116ms (from cache)
171 silly pacote tag manifest for @types/number-is-nan@ts3.6 fetched in 83ms
172 silly pacote tag manifest for @types/npmlog@ts3.6 fetched in 120ms
173 http fetch GET 304 https://registry.npmjs.org/@types%2fjsbn 1150ms (from cache)
174 silly pacote tag manifest for @types/jsbn@ts3.6 fetched in 1153ms
175 http fetch GET 200 https://registry.npmjs.org/@types%2fonce 17ms (from cache)
176 silly pacote tag manifest for @types/once@ts3.6 fetched in 19ms
177 http fetch GET 200 https://registry.npmjs.org/@types%2fdelegates 1813ms
178 silly fetchPackageMetaData error for @types/delegates@ts3.6 No matching version found for @types/delegates@ts3.6.
179 http fetch GET 304 https://registry.npmjs.org/@types%2fos-homedir 96ms (from cache)
180 silly pacote tag manifest for @types/os-homedir@ts3.6 fetched in 100ms
181 http fetch GET 200 https://registry.npmjs.org/@types%2fosenv 7ms (from cache)
182 silly pacote tag manifest for @types/osenv@ts3.6 fetched in 9ms
183 http fetch GET 304 https://registry.npmjs.org/@types%2fos-tmpdir 90ms (from cache)
184 silly pacote tag manifest for @types/os-tmpdir@ts3.6 fetched in 93ms
185 http fetch GET 304 https://registry.npmjs.org/@types%2fis-number 1563ms (from cache)
186 silly pacote tag manifest for @types/is-number@ts3.6 fetched in 1566ms
187 http fetch GET 304 https://registry.npmjs.org/@types%2fparseurl 131ms (from cache)
188 silly pacote tag manifest for @types/parseurl@ts3.6 fetched in 133ms
189 http fetch GET 304 https://registry.npmjs.org/@types%2fon-finished 434ms (from cache)
190 http fetch GET 304 https://registry.npmjs.org/@types%2fpath-is-absolute 223ms (from cache)
191 silly pacote tag manifest for @types/on-finished@ts3.6 fetched in 447ms
192 silly pacote tag manifest for @types/path-is-absolute@ts3.6 fetched in 236ms
193 http fetch GET 304 https://registry.npmjs.org/@types%2fisstream 1627ms (from cache)
194 http fetch GET 304 https://registry.npmjs.org/@types%2fignore-walk 2230ms (from cache)
195 http fetch GET 304 https://registry.npmjs.org/@types%2fobject-assign 462ms (from cache)
196 silly pacote tag manifest for @types/isstream@ts3.6 fetched in 1652ms
197 silly pacote tag manifest for @types/ignore-walk@ts3.6 fetched in 2287ms
198 silly pacote tag manifest for @types/object-assign@ts3.6 fetched in 561ms
199 http fetch GET 304 https://registry.npmjs.org/@types%2fpump 320ms (from cache)
200 http fetch GET 304 https://registry.npmjs.org/@types%2fproxy-addr 486ms (from cache)
201 silly pacote tag manifest for @types/pump@ts3.6 fetched in 347ms
202 http fetch GET 304 https://registry.npmjs.org/@types%2fpsl 369ms (from cache)
203 silly pacote tag manifest for @types/proxy-addr@ts3.6 fetched in 510ms
204 silly pacote tag manifest for @types/psl@ts3.6 fetched in 382ms
205 http fetch GET 304 https://registry.npmjs.org/@types%2fpunycode 353ms (from cache)
206 silly pacote tag manifest for @types/punycode@ts3.6 fetched in 364ms
207 http fetch GET 304 https://registry.npmjs.org/@types%2fqs 355ms (from cache)
208 silly pacote tag manifest for @types/qs@ts3.6 fetched in 372ms
209 http fetch GET 304 https://registry.npmjs.org/@types%2frange-parser 347ms (from cache)
210 silly pacote tag manifest for @types/range-parser@ts3.6 fetched in 356ms
211 http fetch GET 304 https://registry.npmjs.org/@types%2frc 125ms (from cache)
212 silly pacote tag manifest for @types/rc@ts3.6 fetched in 145ms
213 http fetch GET 304 https://registry.npmjs.org/@types%2freadable-stream 163ms (from cache)
214 silly pacote tag manifest for @types/readable-stream@ts3.6 fetched in 196ms
215 http fetch GET 304 https://registry.npmjs.org/@types%2fresponselike 199ms (from cache)
216 http fetch GET 304 https://registry.npmjs.org/@types%2frequest 231ms (from cache)
217 silly pacote tag manifest for @types/request@ts3.6 fetched in 237ms
218 silly pacote tag manifest for @types/responselike@ts3.6 fetched in 211ms
219 http fetch GET 304 https://registry.npmjs.org/@types%2fsafer-buffer 202ms (from cache)
220 http fetch GET 304 https://registry.npmjs.org/@types%2fnormalize-path 1246ms (from cache)
221 silly pacote tag manifest for @types/safer-buffer@ts3.6 fetched in 207ms
222 silly pacote tag manifest for @types/normalize-path@ts3.6 fetched in 1277ms
223 http fetch GET 304 https://registry.npmjs.org/@types%2fsemver 362ms (from cache)
224 silly pacote tag manifest for @types/semver@ts3.6 fetched in 389ms
225 http fetch GET 304 https://registry.npmjs.org/@types%2fsend 300ms (from cache)
226 http fetch GET 304 https://registry.npmjs.org/@types%2fjson-stringify-safe 2423ms (from cache)
227 http fetch GET 304 https://registry.npmjs.org/@types%2fserve-static 313ms (from cache)
228 silly pacote tag manifest for @types/json-stringify-safe@ts3.6 fetched in 2430ms
229 silly pacote tag manifest for @types/send@ts3.6 fetched in 322ms
230 http fetch GET 304 https://registry.npmjs.org/@types%2fminizlib 1814ms (from cache)
231 silly pacote tag manifest for @types/serve-static@ts3.6 fetched in 325ms
232 silly pacote tag manifest for @types/minizlib@ts3.6 fetched in 1854ms
233 http fetch GET 304 https://registry.npmjs.org/@types%2fsignal-exit 310ms (from cache)
234 silly pacote tag manifest for @types/signal-exit@ts3.6 fetched in 331ms
235 http fetch GET 304 https://registry.npmjs.org/@types%2fstatuses 205ms (from cache)
236 silly pacote tag manifest for @types/statuses@ts3.6 fetched in 242ms
237 http fetch GET 304 https://registry.npmjs.org/@types%2ftar 246ms (from cache)
238 http fetch GET 304 https://registry.npmjs.org/@types%2fsupports-color 256ms (from cache)
239 silly pacote tag manifest for @types/tar@ts3.6 fetched in 253ms
240 silly pacote tag manifest for @types/supports-color@ts3.6 fetched in 260ms
241 http fetch GET 304 https://registry.npmjs.org/@types%2fto-regex-range 246ms (from cache)
242 silly registry:manifest no matching version for @types/to-regex-range@ts3.6 in the cache. Forcing revalidation.
243 http fetch GET 304 https://registry.npmjs.org/@types%2ftoidentifier 226ms (from cache)
244 silly registry:manifest no matching version for @types/toidentifier@ts3.6 in the cache. Forcing revalidation.
245 http fetch GET 304 https://registry.npmjs.org/@types%2ftouch 162ms (from cache)
246 http fetch GET 304 https://registry.npmjs.org/@types%2ftype-is 145ms (from cache)
247 http fetch GET 200 https://registry.npmjs.org/@types%2fto-regex-range 115ms
248 silly fetchPackageMetaData error for @types/to-regex-range@ts3.6 No matching version found for @types/to-regex-range@ts3.6.
249 silly pacote tag manifest for @types/touch@ts3.6 fetched in 172ms
250 silly pacote tag manifest for @types/type-is@ts3.6 fetched in 154ms
251 http fetch GET 304 https://registry.npmjs.org/@types%2ftough-cookie 158ms (from cache)
252 http fetch GET 200 https://registry.npmjs.org/@types%2ftoidentifier 151ms
253 silly pacote tag manifest for @types/tough-cookie@ts3.6 fetched in 190ms
254 silly fetchPackageMetaData error for @types/toidentifier@ts3.6 No matching version found for @types/toidentifier@ts3.6.
255 http fetch GET 200 https://registry.npmjs.org/@types%2ftypedarray-to-buffer 114ms
256 silly fetchPackageMetaData error for @types/typedarray-to-buffer@ts3.6 No matching version found for @types/typedarray-to-buffer@ts3.6.
257 http fetch GET 304 https://registry.npmjs.org/@types%2fpicomatch 1660ms (from cache)
258 http fetch GET 304 https://registry.npmjs.org/@types%2fsax 1022ms (from cache)
259 silly pacote tag manifest for @types/picomatch@ts3.6 fetched in 1663ms
260 silly pacote tag manifest for @types/sax@ts3.6 fetched in 1026ms
261 http fetch GET 304 https://registry.npmjs.org/@types%2futils-merge 176ms (from cache)
262 silly pacote tag manifest for @types/utils-merge@ts3.6 fetched in 179ms
263 http fetch GET 304 https://registry.npmjs.org/@types%2fuuid 108ms (from cache)
264 silly pacote tag manifest for @types/uuid@ts3.6 fetched in 122ms
265 http fetch GET 304 https://registry.npmjs.org/@types%2fvary 162ms (from cache)
266 silly pacote tag manifest for @types/vary@ts3.6 fetched in 164ms
267 http fetch GET 304 https://registry.npmjs.org/@types%2fwhich 132ms (from cache)
268 silly pacote tag manifest for @types/which@ts3.6 fetched in 135ms
269 http fetch GET 304 https://registry.npmjs.org/@types%2fwrite-file-atomic 137ms (from cache)
270 silly pacote tag manifest for @types/write-file-atomic@ts3.6 fetched in 141ms
271 http fetch GET 200 https://registry.npmjs.org/@types%2fset-blocking 1368ms
272 silly fetchPackageMetaData error for @types/set-blocking@ts3.6 No matching version found for @types/set-blocking@ts3.6.
273 http fetch GET 304 https://registry.npmjs.org/@types%2fregistry-auth-token 1801ms (from cache)
274 silly pacote tag manifest for @types/registry-auth-token@ts3.6 fetched in 1802ms
275 http fetch GET 304 https://registry.npmjs.org/@types%2fsshpk 1252ms (from cache)
276 silly pacote tag manifest for @types/sshpk@ts3.6 fetched in 1255ms
277 http fetch GET 304 https://registry.npmjs.org/@types%2futil-deprecate 1019ms (from cache)
278 silly pacote tag manifest for @types/util-deprecate@ts3.6 fetched in 1022ms
279 http fetch GET 304 https://registry.npmjs.org/@types%2fverror 1203ms (from cache)
280 silly pacote tag manifest for @types/verror@ts3.6 fetched in 1205ms
281 http fetch GET 304 https://registry.npmjs.org/@types%2fyallist 1309ms (from cache)
282 silly pacote tag manifest for @types/yallist@ts3.6 fetched in 1312ms
283 http fetch GET 304 https://registry.npmjs.org/@types%2fupdate-notifier 1900ms (from cache)
284 silly pacote tag manifest for @types/update-notifier@ts3.6 fetched in 1903ms
285 http fetch GET 304 https://registry.npmjs.org/@types%2furl-parse-lax 2056ms (from cache)
286 silly registry:manifest no matching version for @types/url-parse-lax@ts3.6 in the cache. Forcing revalidation.
287 http fetch GET 200 https://registry.npmjs.org/@types%2furl-parse-lax 667ms
288 silly fetchPackageMetaData error for @types/url-parse-lax@ts3.6 No matching version found for @types/url-parse-lax@ts3.6.
289 timing stage:rollbackFailedOptional Completed in 1ms
290 timing stage:runTopLevelLifecycles Completed in 12219ms
291 verbose type tag
292 verbose stack @types/core-util-is: No matching version found for @types/core-util-is@ts3.6.
292 verbose stack     at pickManifest (/usr/local/lib/node_modules/npm/node_modules/npm-pick-manifest/index.js:122:13)
292 verbose stack     at /usr/local/lib/node_modules/npm/node_modules/pacote/lib/fetchers/registry/manifest.js:24:14
292 verbose stack     at tryCatcher (/usr/local/lib/node_modules/npm/node_modules/bluebird/js/release/util.js:16:23)
292 verbose stack     at Promise._settlePromiseFromHandler (/usr/local/lib/node_modules/npm/node_modules/bluebird/js/release/promise.js:517:31)
292 verbose stack     at Promise._settlePromise (/usr/local/lib/node_modules/npm/node_modules/bluebird/js/release/promise.js:574:18)
292 verbose stack     at Promise._settlePromise0 (/usr/local/lib/node_modules/npm/node_modules/bluebird/js/release/promise.js:619:10)
292 verbose stack     at Promise._settlePromises (/usr/local/lib/node_modules/npm/node_modules/bluebird/js/release/promise.js:699:18)
292 verbose stack     at _drainQueueStep (/usr/local/lib/node_modules/npm/node_modules/bluebird/js/release/async.js:138:12)
292 verbose stack     at _drainQueue (/usr/local/lib/node_modules/npm/node_modules/bluebird/js/release/async.js:131:9)
292 verbose stack     at Async._drainQueues (/usr/local/lib/node_modules/npm/node_modules/bluebird/js/release/async.js:147:5)
292 verbose stack     at Immediate.Async.drainQueues [as _onImmediate] (/usr/local/lib/node_modules/npm/node_modules/bluebird/js/release/async.js:17:14)
292 verbose stack     at processImmediate (internal/timers.js:456:21)
293 verbose cwd /home/theia/.cache/typescript/3.6
294 verbose Linux 5.10.102.1-microsoft-standard-WSL2
295 verbose argv "/usr/local/bin/node" "/usr/local/bin/npm" "install" "--ignore-scripts" "@types/abbrev@ts3.6" "@types/accepts@ts3.6" "@types/ansi-align@ts3.6" "@types/are-we-there-yet@ts3.6" "@types/asn1@ts3.6" "@types/assert-plus@ts3.6" "@types/aws4@ts3.6" "@types/balanced-match@ts3.6" "@types/body-parser@ts3.6" "@types/brace-expansion@ts3.6" "@types/braces@ts3.6" "@types/bytes@ts3.6" "@types/caseless@ts3.6" "@types/chownr@ts3.6" "@types/color-convert@ts3.6" "@types/color-name@ts3.6" "@types/combined-stream@ts3.6" "@types/concat-map@ts3.6" "@types/configstore@ts3.6" "@types/content-disposition@ts3.6" "@types/content-type@ts3.6" "@types/cookie@ts3.6" "@types/cookie-signature@ts3.6" "@types/core-util-is@ts3.6" "@types/dashdash@ts3.6" "@types/debug@ts3.6" "@types/deep-extend@ts3.6" "@types/delegates@ts3.6" "@types/depd@ts3.6" "@types/destroy@ts3.6" "@types/detect-libc@ts3.6" "@types/duplexer3@ts3.6" "@types/ee-first@ts3.6" "@types/encodeurl@ts3.6" "@types/end-of-stream@ts3.6" "@types/escape-html@ts3.6" "@types/etag@ts3.6" "@types/extend@ts3.6" "@types/extsprintf@ts3.6" "@types/fill-range@ts3.6" "@types/finalhandler@ts3.6" "@types/forever-agent@ts3.6" "@types/forwarded@ts3.6" "@types/fresh@ts3.6" "@types/fs-minipass@ts3.6" "@types/gauge@ts3.6" "@types/getpass@ts3.6" "@types/glob-parent@ts3.6" "@types/graceful-fs@ts3.6" "@types/http-cache-semantics@ts3.6" "@types/http-errors@ts3.6" "@types/http-signature@ts3.6" "@types/ignore-by-default@ts3.6" "@types/ignore-walk@ts3.6" "@types/imurmurhash@ts3.6" "@types/inflight@ts3.6" "@types/inherits@ts3.6" "@types/ini@ts3.6" "@types/is-ci@ts3.6" "@types/is-extglob@ts3.6" "@types/is-glob@ts3.6" "@types/is-number@ts3.6" "@types/is-typedarray@ts3.6" "@types/isarray@ts3.6" "@types/isexe@ts3.6" "@types/isstream@ts3.6" "@types/jsbn@ts3.6" "@types/json-buffer@ts3.6" "@types/json-schema@ts3.6" "@types/json-stringify-safe@ts3.6" "@types/jsprim@ts3.6" "@types/media-typer@ts3.6" "@types/merge-descriptors@ts3.6" "@types/methods@ts3.6" "@types/mime@ts3.6" "@types/mime-db@ts3.6" "@types/mime-types@ts3.6" "@types/minimist@ts3.6" "@types/minizlib@ts3.6" "@types/ms@ts3.6" "@types/needle@ts3.6" "@types/negotiator@ts3.6" "@types/nopt@ts3.6" "@types/normalize-path@ts3.6" "@types/npm-packlist@ts3.6" "@types/npmlog@ts3.6" "@types/number-is-nan@ts3.6" "@types/object-assign@ts3.6" "@types/on-finished@ts3.6" "@types/once@ts3.6" "@types/os-homedir@ts3.6" "@types/os-tmpdir@ts3.6" "@types/osenv@ts3.6" "@types/parseurl@ts3.6" "@types/path-is-absolute@ts3.6" "@types/picomatch@ts3.6" "@types/proxy-addr@ts3.6" "@types/psl@ts3.6" "@types/pump@ts3.6" "@types/punycode@ts3.6" "@types/qs@ts3.6" "@types/range-parser@ts3.6" "@types/rc@ts3.6" "@types/readable-stream@ts3.6" "@types/registry-auth-token@ts3.6" "@types/request@ts3.6" "@types/responselike@ts3.6" "@types/safer-buffer@ts3.6" "@types/sax@ts3.6" "@types/semver@ts3.6" "@types/send@ts3.6" "@types/serve-static@ts3.6" "@types/set-blocking@ts3.6" "@types/signal-exit@ts3.6" "@types/sshpk@ts3.6" "@types/statuses@ts3.6" "@types/supports-color@ts3.6" "@types/tar@ts3.6" "@types/to-regex-range@ts3.6" "@types/toidentifier@ts3.6" "@types/touch@ts3.6" "@types/tough-cookie@ts3.6" "@types/type-is@ts3.6" "@types/typedarray-to-buffer@ts3.6" "@types/update-notifier@ts3.6" "@types/url-parse-lax@ts3.6" "@types/util-deprecate@ts3.6" "@types/utils-merge@ts3.6" "@types/uuid@ts3.6" "@types/vary@ts3.6" "@types/verror@ts3.6" "@types/which@ts3.6" "@types/write-file-atomic@ts3.6" "@types/yallist@ts3.6" "--save-dev" "--user-agent=typesInstaller/3.6.3"
296 verbose node v12.18.3
297 verbose npm  v6.14.6
298 error code ETARGET
299 error notarget No matching version found for @types/core-util-is@ts3.6.
300 error notarget In most cases you or one of your dependencies are requesting
300 error notarget a package version that doesn't exist.
301 verbose exit [ 1, true ]
